Algorithm configured with: 
Pop: 10000
Aux Pop: 200
CrP: 1.0
MtP: 1.0
List of crossover: 
SinglePointCrossover
IntegerTwoPointsCrossover
MultiPointsCrossover
List of mutations: 
BitFlipMutation
LoopMoveOperator
LocalMoveOperator
SegmentMutation
OppositeMoveOperator
Execution: 1
Generation: 0; 
d: 10.816653826391969; energy: -5.0; 0,0,2,1,1,2,1,1,2,2,1,0,0,1,1,2,2,1,0,0,1,1,2,1,0,0,2,1,0,2,2,1,2,0,2,0,2,1,2,1,0,2,1,1,2,1,0,1
Best fitness found so far: -5.0; distance: 10.816653826391969
Generation: 1; 
d: 9.486832980505138; energy: -12.0; 2,2,1,2,0,2,0,2,2,1,2,2,1,1,0,2,0,1,1,2,0,0,0,0,2,1,2,1,1,0,1,0,1,0,2,1,2,2,1,0,0,0,2,1,0,0,2,2
Best fitness found so far: -12.0; distance: 9.486832980505138
Generation: 2; 
d: 10.770329614269007; energy: -14.0; 0,0,1,0,2,0,1,2,1,2,2,0,0,1,2,2,0,0,1,0,1,2,1,0,1,1,0,2,0,0,1,0,2,2,1,2,1,2,0,0,1,0,1,0,0,1,0,1
Best fitness found so far: -14.0; distance: 10.770329614269007
Generation: 3; 
d: 9.219544457292887; energy: -16.0; 0,0,2,0,0,1,0,0,0,2,2,0,0,2,2,1,2,1,0,0,2,0,0,2,0,2,0,0,2,2,0,0,1,1,2,0,0,2,0,2,2,1,2,1,0,1,0,0
Best fitness found so far: -16.0; distance: 9.219544457292887
Generation: 4; 
d: 10.63014581273465; energy: -17.0; 1,2,0,0,2,0,1,0,0,2,1,2,2,0,1,2,2,0,1,0,1,0,2,0,1,0,2,1,0,0,0,2,0,1,2,0,0,2,2,2,0,1,0,0,1,1,0,2
Best fitness found so far: -17.0; distance: 10.63014581273465
Generation: 5; 
d: 13.152946437965905; energy: -17.0; 0,0,1,0,2,0,1,0,0,2,1,2,2,0,1,2,2,0,2,2,1,0,2,0,1,0,2,1,0,0,2,2,1,0,0,2,2,0,0,2,2,1,2,0,2,1,2,2
Best fitness found so far: -17.0; distance: 10.63014581273465
Generation: 6; 
d: 9.433981132056603; energy: -19.0; 0,0,1,0,2,0,1,0,0,2,1,2,2,0,1,2,2,0,1,0,1,0,2,0,1,0,2,1,0,0,2,2,1,0,0,2,2,0,0,2,2,1,2,0,2,1,2,2
Best fitness found so far: -19.0; distance: 9.433981132056603
Execution: 2
Generation: 7; 
d: 9.433981132056603; energy: -19.0; 0,0,1,0,2,0,1,0,0,2,1,2,2,0,1,2,2,0,1,0,1,0,2,0,1,0,2,1,0,0,2,2,1,0,0,2,2,0,0,2,2,1,2,0,2,1,2,2
Best fitness found so far: -19.0; distance: 9.433981132056603
Generation: 8; 
d: 10.816653826391969; energy: -12.0; 0,0,1,0,2,0,1,0,0,2,1,1,2,2,0,2,0,1,0,1,1,0,0,2,2,0,1,2,2,0,1,1,2,2,1,1,0,1,1,0,0,2,2,0,0,1,0,1
Best fitness found so far: -19.0; distance: 9.433981132056603
Generation: 9; 
d: 11.704699910719626; energy: -14.0; 2,1,1,2,0,2,2,1,2,1,0,1,0,0,1,0,2,0,2,2,0,1,2,2,1,1,0,1,0,2,2,0,1,2,2,1,1,0,0,2,1,1,2,1,2,1,2,2
Best fitness found so far: -19.0; distance: 9.433981132056603
Generation: 10; 
d: 10.816653826391969; energy: -15.0; 0,0,2,0,0,1,0,0,0,2,2,0,0,2,2,1,0,0,0,0,0,2,2,1,1,0,1,0,0,0,0,0,1,0,0,0,2,0,0,2,2,1,2,2,0,0,0,0
Best fitness found so far: -19.0; distance: 9.433981132056603
Generation: 11; 
d: 8.54400374531753; energy: -17.0; 0,0,2,0,0,1,0,0,0,2,2,0,0,2,2,1,1,2,2,1,0,2,1,2,0,0,0,0,1,0,0,1,0,0,0,1,1,2,2,2,1,0,0,0,0,2,0,0
Best fitness found so far: -19.0; distance: 9.433981132056603
Generation: 12; 
d: 8.54400374531753; energy: -17.0; 0,0,2,0,0,1,0,0,0,2,2,0,0,2,2,1,1,2,2,1,0,2,1,0,0,1,0,0,0,0,0,1,0,0,0,1,1,2,2,2,1,0,0,0,0,2,0,1
Best fitness found so far: -19.0; distance: 9.433981132056603
Generation: 13; 
d: 8.54400374531753; energy: -17.0; 0,0,2,0,0,1,0,0,0,2,2,0,0,2,2,1,1,2,2,1,0,2,1,2,0,0,0,0,1,0,0,1,0,0,0,1,1,2,2,2,1,0,0,0,0,2,0,0
Best fitness found so far: -19.0; distance: 9.433981132056603
Execution: 3
Generation: 14; 
d: 8.54400374531753; energy: -17.0; 0,0,2,0,0,1,0,0,0,2,2,0,0,2,2,1,1,2,2,1,0,2,1,2,0,0,0,0,1,0,0,1,0,0,0,1,1,2,2,2,1,0,0,0,0,2,0,1
Best fitness found so far: -19.0; distance: 9.433981132056603
Generation: 15; 
d: 8.602325267042627; energy: -12.0; 2,2,0,1,1,0,2,0,0,1,0,2,2,1,2,1,1,0,0,1,1,2,2,0,0,2,0,1,1,0,0,2,0,2,2,1,2,0,0,1,2,0,0,1,0,2,1,2
Best fitness found so far: -19.0; distance: 9.433981132056603
Generation: 16; 
d: 10.0; energy: -14.0; 2,2,0,0,1,1,2,1,0,1,2,2,1,1,2,1,1,0,1,0,0,2,1,0,0,1,0,2,2,0,1,1,1,0,0,0,1,0,0,1,0,0,0,1,1,1,2,2
Best fitness found so far: -19.0; distance: 9.433981132056603
Generation: 17; 
d: 10.44030650891055; energy: -17.0; 1,0,0,1,0,0,2,0,0,1,0,2,2,1,2,0,2,2,0,0,1,2,0,0,1,0,2,1,2,1,0,0,1,1,1,0,0,2,2,1,0,1,0,2,0,0,1,0
Best fitness found so far: -19.0; distance: 9.433981132056603
Generation: 18; 
d: 12.206555615733702; energy: -17.0; 0,0,0,0,2,0,1,0,0,2,0,2,2,2,2,0,1,1,1,2,1,0,1,2,2,1,1,1,2,1,0,0,1,1,1,0,0,2,2,1,0,1,0,2,0,0,1,0
Best fitness found so far: -19.0; distance: 9.433981132056603
Generation: 19; 
d: 12.206555615733702; energy: -17.0; 0,0,0,0,2,0,1,0,0,2,0,2,2,2,2,0,1,1,1,2,1,0,1,2,2,1,1,1,2,1,0,0,1,1,1,0,0,2,2,1,0,1,0,2,0,0,1,0
Best fitness found so far: -19.0; distance: 9.433981132056603
Generation: 20; 
d: 10.44030650891055; energy: -17.0; 1,0,0,1,0,0,2,0,0,1,0,2,2,1,2,0,2,2,0,0,1,2,0,0,1,0,2,1,2,1,0,0,1,1,1,0,0,2,2,1,0,1,0,2,0,0,1,0
Best fitness found so far: -19.0; distance: 9.433981132056603
Execution: 4
Generation: 21; 
d: 10.63014581273465; energy: -18.0; 0,0,0,0,2,0,1,0,0,2,0,2,2,1,2,0,2,2,0,0,1,2,0,0,1,0,2,2,0,0,0,0,0,1,1,0,0,2,2,1,0,1,0,2,0,0,2,1
Best fitness found so far: -19.0; distance: 9.433981132056603
Generation: 22; 
d: 8.54400374531753; energy: -13.0; 1,1,2,1,1,2,1,2,2,0,0,0,0,1,1,0,1,2,2,0,2,2,0,2,0,2,2,0,0,2,0,2,2,1,0,2,1,0,2,1,2,0,2,1,1,1,1,2
Best fitness found so far: -19.0; distance: 9.433981132056603
Generation: 23; 
d: 10.198039027185569; energy: -14.0; 1,1,2,1,1,2,1,2,2,0,0,0,0,1,1,0,1,2,2,0,2,2,0,2,0,2,2,0,0,2,0,2,2,1,0,2,1,0,1,1,0,1,0,2,0,0,1,2
Best fitness found so far: -19.0; distance: 9.433981132056603
Generation: 24; 
d: 13.341664064126334; energy: -16.0; 0,0,1,0,2,0,0,0,0,1,1,0,2,0,1,2,1,1,1,1,2,2,2,2,2,1,2,2,1,2,0,2,1,1,0,2,2,1,0,2,2,1,2,0,2,1,2,2
Best fitness found so far: -19.0; distance: 9.433981132056603
Generation: 25; 
d: 13.341664064126334; energy: -16.0; 0,0,1,0,2,0,0,0,0,1,1,0,2,0,1,2,1,1,1,1,2,2,2,2,2,1,2,2,1,2,0,2,1,1,0,2,2,1,0,2,2,1,2,0,2,1,2,2
Best fitness found so far: -19.0; distance: 9.433981132056603
Generation: 26; 
d: 13.341664064126334; energy: -16.0; 0,0,1,0,2,0,0,0,0,1,1,0,2,0,1,2,1,1,1,1,2,2,2,2,2,1,2,2,1,2,0,2,1,1,0,2,2,1,0,2,2,1,2,0,2,1,2,2
Best fitness found so far: -19.0; distance: 9.433981132056603
Generation: 27; 
d: 9.219544457292887; energy: -16.0; 0,0,0,0,2,0,1,0,0,2,2,0,0,2,1,2,0,0,1,1,0,1,2,2,0,2,2,1,0,1,0,1,2,0,2,0,0,0,0,0,1,0,1,1,2,1,2,2
Best fitness found so far: -19.0; distance: 9.433981132056603
Execution: 5
Generation: 28; 
d: 9.848857801796104; energy: -16.0; 0,0,0,0,2,0,1,0,0,2,2,0,0,1,1,0,0,0,2,0,2,2,0,2,0,2,2,0,0,2,0,2,2,1,0,2,1,1,0,2,2,1,2,0,2,1,2,2
Best fitness found so far: -19.0; distance: 9.433981132056603
Generation: 29; 
d: 10.816653826391969; energy: -12.0; 2,2,1,0,2,0,1,0,0,2,0,2,2,0,2,2,1,0,1,0,2,2,0,0,2,1,0,0,1,1,1,1,2,0,1,2,1,2,2,0,1,1,2,0,0,1,1,2
Best fitness found so far: -19.0; distance: 9.433981132056603
Generation: 30; 
d: 9.055385138137417; energy: -13.0; 2,2,1,0,1,2,1,2,2,0,0,2,1,1,0,1,2,0,0,1,1,2,1,0,0,1,2,1,1,0,0,1,1,1,1,0,1,1,2,1,2,0,1,2,2,1,1,2
Best fitness found so far: -19.0; distance: 9.433981132056603
Generation: 31; 
d: 10.198039027185569; energy: -15.0; 2,2,1,0,2,0,1,0,0,2,0,2,2,0,2,2,1,0,1,0,2,2,0,0,2,1,0,0,1,1,1,1,2,0,1,2,1,2,2,0,0,1,2,1,2,1,2,2
Best fitness found so far: -19.0; distance: 9.433981132056603
Generation: 32; 
d: 11.40175425099138; energy: -17.0; 0,0,1,1,1,0,1,0,0,2,2,1,2,1,1,0,0,2,2,0,0,1,1,0,0,2,1,2,0,0,1,1,1,1,1,0,0,1,1,1,2,0,1,2,2,0,2,2
Best fitness found so far: -19.0; distance: 9.433981132056603
Generation: 33; 
d: 13.038404810405298; energy: -17.0; 0,0,1,0,2,0,1,0,0,0,2,2,0,0,2,1,1,0,1,1,2,2,1,0,2,2,0,0,1,0,1,1,0,2,2,0,0,1,0,2,2,0,2,0,2,2,1,2
Best fitness found so far: -19.0; distance: 9.433981132056603
Generation: 34; 
d: 11.40175425099138; energy: -17.0; 0,0,1,1,1,0,1,0,0,2,2,1,2,1,1,0,0,2,2,0,0,1,1,0,0,2,1,2,0,0,1,1,1,1,1,0,0,1,1,1,2,0,1,2,2,0,2,2
Best fitness found so far: -19.0; distance: 9.433981132056603
Execution: 6
Generation: 35; 
d: 9.486832980505138; energy: -18.0; 0,0,1,1,1,0,1,0,0,2,2,1,2,1,1,0,0,0,0,1,1,2,1,0,0,1,2,1,1,0,0,1,1,1,1,0,1,1,2,1,2,1,2,0,2,2,1,2
Best fitness found so far: -19.0; distance: 9.433981132056603
Generation: 36; 
d: 9.219544457292887; energy: -13.0; 0,1,0,0,2,0,1,0,2,0,0,2,0,2,0,0,2,2,0,0,2,1,0,1,0,0,2,2,1,1,1,2,0,0,2,0,2,0,0,1,0,2,2,1,1,0,0,1
Best fitness found so far: -19.0; distance: 9.433981132056603
Generation: 37; 
d: 9.486832980505138; energy: -14.0; 0,1,0,0,2,0,1,0,2,0,0,2,0,2,0,0,2,2,0,0,2,1,0,1,0,0,2,2,1,1,1,2,0,0,1,2,2,0,0,1,0,1,1,2,0,1,0,0
Best fitness found so far: -19.0; distance: 9.433981132056603
Generation: 38; 
d: 11.180339887498949; energy: -17.0; 0,0,1,0,2,0,1,0,0,2,2,2,0,2,0,0,0,2,1,0,0,2,1,0,2,2,2,1,0,0,0,0,0,1,0,1,1,1,2,2,1,1,0,0,1,1,1,1
Best fitness found so far: -19.0; distance: 9.433981132056603
Generation: 39; 
d: 8.602325267042627; energy: -19.0; 0,0,1,0,2,0,1,0,0,2,2,2,0,2,1,0,0,2,2,0,2,2,1,2,0,0,1,0,2,0,0,0,2,0,2,0,0,0,0,2,2,1,2,2,2,1,2,2
Best fitness found so far: -19.0; distance: 9.433981132056603
Generation: 40; 
d: 8.602325267042627; energy: -19.0; 0,0,1,0,2,0,1,0,0,2,2,2,0,2,1,0,0,2,2,0,2,2,1,2,0,0,1,0,2,0,0,0,2,0,2,0,0,0,0,2,2,1,2,2,2,1,2,2
Best fitness found so far: -19.0; distance: 9.433981132056603
Generation: 41; 
d: 8.602325267042627; energy: -19.0; 0,0,1,0,2,0,1,0,0,2,2,2,0,2,1,0,0,2,2,0,2,2,1,2,0,0,1,0,2,0,0,0,2,0,2,0,0,0,0,2,2,1,2,2,2,1,2,2
Best fitness found so far: -19.0; distance: 9.433981132056603
Execution: 7
Generation: 42; 
d: 8.602325267042627; energy: -19.0; 0,0,1,0,2,0,1,0,0,2,2,2,0,2,1,0,0,2,2,0,2,2,1,2,0,0,1,0,2,0,0,0,2,0,2,0,0,0,0,2,2,1,2,2,2,1,2,2
Best fitness found so far: -19.0; distance: 9.433981132056603
Generation: 43; 
d: 10.295630140987; energy: -12.0; 0,0,2,2,0,2,1,2,2,0,0,1,0,1,1,0,1,1,2,0,0,1,2,2,1,0,1,1,0,1,1,0,1,2,0,2,1,1,2,0,0,2,0,1,0,1,0,0
Best fitness found so far: -19.0; distance: 9.433981132056603
Generation: 44; 
d: 10.770329614269007; energy: -13.0; 0,0,1,0,1,0,2,0,0,1,0,0,2,0,2,2,2,0,1,2,2,1,2,1,1,2,1,1,1,2,0,2,1,1,0,2,0,2,2,1,2,0,2,0,2,1,2,2
Best fitness found so far: -19.0; distance: 9.433981132056603
Generation: 45; 
d: 10.295630140987; energy: -16.0; 0,0,1,0,2,0,2,0,0,1,0,0,2,0,2,0,2,1,2,2,0,0,1,2,2,1,0,1,1,1,2,0,1,2,2,0,0,2,2,1,2,1,0,2,0,1,1,1
Best fitness found so far: -19.0; distance: 9.433981132056603
Generation: 46; 
d: 11.180339887498949; energy: -17.0; 0,1,0,0,0,0,0,0,2,0,0,2,2,0,2,1,1,2,2,1,0,0,1,2,2,1,0,1,0,0,2,1,1,0,0,2,2,1,2,0,0,1,0,2,0,1,0,0
Best fitness found so far: -19.0; distance: 9.433981132056603
Generation: 47; 
d: 11.40175425099138; energy: -17.0; 0,1,0,0,0,0,0,0,2,0,0,2,2,0,2,1,1,2,2,1,0,0,1,2,2,1,0,1,1,0,1,1,1,0,0,2,2,1,2,0,0,1,0,2,0,1,1,1
Best fitness found so far: -19.0; distance: 9.433981132056603
Generation: 48; 
d: 9.219544457292887; energy: -18.0; 1,0,0,1,1,0,1,0,2,0,0,2,2,0,2,1,1,2,2,1,0,0,1,0,0,1,0,1,0,0,2,1,1,0,0,2,2,1,2,0,0,1,0,2,0,1,0,2
Best fitness found so far: -19.0; distance: 9.433981132056603
Execution: 8
Generation: 49; 
d: 9.219544457292887; energy: -18.0; 1,0,0,1,1,0,1,0,2,0,0,2,2,0,2,1,1,2,2,1,0,0,1,0,0,1,0,1,0,0,2,1,1,0,0,2,2,1,2,0,0,1,0,2,0,1,0,2
Best fitness found so far: -19.0; distance: 9.433981132056603
Generation: 50; 
d: 9.848857801796104; energy: -13.0; 1,0,0,1,2,0,1,0,0,1,1,2,2,1,1,1,0,0,1,0,0,2,2,1,2,1,2,0,0,1,2,0,0,1,0,0,0,0,1,1,2,2,2,0,0,2,0,0
Best fitness found so far: -19.0; distance: 9.433981132056603
Generation: 51; 
d: 9.486832980505138; energy: -15.0; 0,0,1,1,2,0,1,0,0,1,1,2,2,1,1,1,0,0,1,0,0,2,2,1,2,1,2,0,0,1,2,0,0,1,0,0,0,0,0,1,0,2,0,0,2,1,2,2
Best fitness found so far: -19.0; distance: 9.433981132056603
Generation: 52; 
d: 8.602325267042627; energy: -16.0; 1,0,0,1,2,0,1,0,0,1,1,2,2,1,1,1,0,0,1,0,0,2,2,1,2,1,2,0,0,1,2,0,0,1,0,0,0,0,1,0,2,1,1,2,1,2,2,0
Best fitness found so far: -19.0; distance: 9.433981132056603
Generation: 53; 
d: 8.602325267042627; energy: -16.0; 1,0,0,1,2,0,1,0,0,1,1,2,2,1,1,1,0,0,1,0,0,2,2,1,2,1,2,0,0,1,2,0,0,1,0,1,2,0,1,1,2,1,1,2,1,2,2,0
Best fitness found so far: -19.0; distance: 9.433981132056603
Generation: 54; 
d: 8.602325267042627; energy: -16.0; 1,0,0,1,2,0,1,0,0,1,1,2,2,1,1,1,0,0,1,0,0,2,2,1,2,1,2,0,0,1,2,0,0,1,0,0,0,0,1,0,2,1,1,2,1,2,2,0
Best fitness found so far: -19.0; distance: 9.433981132056603
