Algorithm configured with: 
Pop: 1000
Aux Pop: 200
CrP: 1.0
MtP: 1.0
List of crossover: 
SinglePointCrossover
IntegerTwoPointsCrossover
MultiPointsCrossover
List of mutations: 
BitFlipMutation
LoopMoveOperator
LocalMoveOperator
SegmentMutation
OppositeMoveOperator
Execution: 1
Generation: 0; 
d: 18.439088914585774; energy: -13.0; 1,0,0,2,2,1,2,1,1,1,0,1,1,1,1,0,2,2,0,1,1,1,2,1,1,1,1,1,1,2,2,1,1,1,1,0,2,0,1,0,2,0,2,1,0,1,1,2,2,0,2,2,0,0,1,0,2,1,2,2,0,1,1,0,1,1,0,0,2,1,1,1,2,2,0,0,1,2,2,1,1,0,1
Best fitness found so far: -13.0; distance: 18.439088914585774
Generation: 1; 
d: 18.384776310850235; energy: -31.0; 0,1,1,1,2,2,1,0,1,0,2,2,1,2,1,1,0,1,0,0,2,2,1,0,1,0,0,2,2,0,2,0,2,1,1,2,1,1,2,2,1,0,0,2,0,1,0,2,2,1,1,1,1,2,0,0,1,2,1,2,2,0,1,0,0,2,0,2,0,1,0,2,2,0,1,0,1,2,1,2,0,2,1
Best fitness found so far: -31.0; distance: 18.384776310850235
Generation: 2; 
d: 17.204650534085253; energy: -31.0; 0,1,1,1,2,2,1,0,1,0,2,2,1,2,1,1,0,1,0,0,2,2,1,0,1,0,0,2,2,0,2,0,2,1,1,2,1,1,2,2,1,0,0,2,0,1,0,2,2,1,1,1,1,2,0,0,1,2,1,2,2,0,1,0,0,2,0,2,0,1,0,2,2,0,1,0,2,0,2,1,0,2,2
Best fitness found so far: -31.0; distance: 18.384776310850235
Generation: 3; 
d: 19.209372712298546; energy: -30.0; 0,1,1,1,2,2,1,0,1,0,1,1,2,1,2,2,2,1,0,0,2,2,1,0,1,0,0,2,2,0,2,0,2,1,1,2,1,1,2,2,1,0,0,2,0,1,0,2,2,1,1,1,1,2,0,0,1,2,1,2,2,0,1,0,0,2,0,2,0,1,0,2,2,0,1,0,1,2,1,2,0,2,2
Best fitness found so far: -31.0; distance: 18.384776310850235
Generation: 4; 
d: 15.524174696260024; energy: -33.0; 0,1,1,1,2,2,1,0,1,0,2,2,1,2,1,1,0,1,0,0,2,2,1,0,1,0,0,2,2,0,2,0,2,1,1,2,1,1,2,2,1,0,0,2,0,1,0,2,2,1,1,1,1,2,0,0,1,2,1,2,2,0,1,0,0,0,1,0,2,2,2,2,2,1,1,0,2,0,2,0,1,2,1
Best fitness found so far: -33.0; distance: 15.524174696260024
Generation: 5; 
d: 16.97056274847714; energy: -33.0; 0,1,1,1,2,2,1,0,1,0,2,2,1,2,1,1,0,1,0,0,2,2,1,0,1,0,0,2,2,0,2,0,2,1,1,2,1,1,2,2,1,0,0,2,0,1,0,2,2,1,1,1,1,2,0,0,1,2,1,2,2,0,1,0,0,2,0,2,0,0,1,0,0,2,2,0,2,1,1,0,0,2,1
Best fitness found so far: -33.0; distance: 15.524174696260024
Generation: 6; 
d: 16.97056274847714; energy: -33.0; 0,1,1,1,2,2,1,0,1,0,2,2,1,2,1,1,0,1,0,0,2,2,1,0,1,0,0,2,2,0,2,0,2,1,1,2,1,1,2,2,1,0,0,2,0,1,0,2,2,1,1,1,1,2,0,0,1,2,1,2,2,0,1,0,0,2,0,2,0,0,1,0,0,2,2,0,0,2,1,1,2,1,1
Best fitness found so far: -33.0; distance: 15.524174696260024
Generation: 7; 
d: 13.601470508735444; energy: -34.0; 1,1,1,1,0,2,0,0,0,0,1,2,0,0,1,2,2,0,0,1,2,2,1,2,2,2,1,0,1,2,0,0,1,0,2,2,0,2,1,2,2,1,1,1,2,0,1,0,0,2,2,0,2,1,2,2,0,2,0,2,0,1,2,2,1,0,2,1,0,1,2,2,0,0,1,0,1,1,1,0,0,2,1
Best fitness found so far: -34.0; distance: 13.601470508735444
Generation: 8; 
d: 16.64331697709324; energy: -33.0; 0,1,1,1,2,2,1,0,1,0,2,2,1,2,1,1,0,1,0,0,2,2,1,0,1,0,0,2,2,0,2,0,2,1,1,2,1,1,2,2,1,0,0,2,0,1,0,2,2,1,1,1,1,2,0,0,1,2,1,2,2,0,1,0,0,2,0,2,0,1,0,2,2,1,1,0,0,1,0,1,0,2,1
Best fitness found so far: -34.0; distance: 13.601470508735444
Generation: 9; 
d: 12.529964086141668; energy: -36.0; 2,2,0,0,0,2,0,0,0,0,1,2,0,0,1,2,2,0,0,1,2,2,1,2,2,2,1,0,1,2,0,0,1,0,2,2,0,2,1,2,2,1,1,1,2,0,1,0,0,2,2,0,2,1,2,2,0,2,0,2,0,1,2,2,1,0,2,1,0,1,2,2,0,0,1,0,1,1,1,0,0,2,1
Best fitness found so far: -36.0; distance: 12.529964086141668
Generation: 10; 
d: 13.416407864998739; energy: -35.0; 0,1,1,1,2,2,1,0,1,0,2,2,1,2,1,1,0,1,0,0,2,2,1,0,1,0,0,2,2,0,2,0,2,1,1,2,1,1,2,2,1,0,0,2,0,1,0,2,2,1,1,1,1,2,0,0,1,2,1,2,2,0,1,0,0,2,0,2,0,0,1,0,0,2,1,0,0,1,0,2,2,0,0
Best fitness found so far: -36.0; distance: 12.529964086141668
Generation: 11; 
d: 15.132745950421556; energy: -36.0; 2,2,0,0,0,2,0,0,0,0,1,0,0,1,2,2,2,0,0,1,2,2,1,2,2,2,1,0,1,2,0,0,1,0,2,2,0,2,1,2,2,1,1,1,2,0,1,0,0,2,2,0,2,1,2,2,0,2,0,2,0,1,2,2,1,0,2,1,0,1,2,2,0,0,1,0,1,1,1,0,0,2,1
Best fitness found so far: -36.0; distance: 12.529964086141668
Generation: 12; 
d: 13.038404810405298; energy: -36.0; 0,1,1,1,2,2,1,0,1,0,2,2,1,2,1,1,0,1,0,0,2,2,1,0,1,0,0,2,2,0,2,0,2,1,1,2,1,1,2,2,1,0,0,2,0,1,0,2,2,1,1,1,1,2,0,0,1,2,1,2,2,0,1,0,0,2,0,0,1,0,2,0,0,0,2,2,0,1,1,2,2,1,1
Best fitness found so far: -36.0; distance: 12.529964086141668
Generation: 13; 
d: 13.038404810405298; energy: -37.0; 0,1,1,1,2,2,1,0,1,0,2,2,1,2,1,1,0,1,0,0,2,2,1,0,1,0,0,2,2,0,2,0,2,1,1,2,1,1,2,2,1,0,0,2,0,1,0,2,2,1,1,1,1,2,0,0,1,2,1,2,2,0,1,0,0,2,0,0,1,0,2,0,0,0,2,2,0,1,1,2,2,1,0
Best fitness found so far: -37.0; distance: 13.038404810405298
Generation: 14; 
d: 13.038404810405298; energy: -37.0; 0,1,1,1,2,2,1,0,1,0,2,2,1,2,1,1,0,1,0,0,2,2,1,0,1,0,0,2,2,0,2,0,2,1,1,2,1,1,2,2,1,0,0,2,0,1,0,2,2,1,1,1,1,2,0,0,1,2,1,2,2,0,1,0,0,2,0,0,1,0,2,0,0,0,2,2,0,1,0,2,2,0,0
Best fitness found so far: -37.0; distance: 13.038404810405298
Generation: 15; 
d: 13.038404810405298; energy: -37.0; 0,1,1,1,2,2,1,0,1,0,2,2,1,2,1,1,0,1,0,0,2,2,1,0,1,0,0,2,2,0,2,0,2,1,1,2,1,1,2,2,1,0,0,2,0,1,0,2,2,1,1,1,1,2,0,0,1,2,1,2,2,0,1,0,0,2,0,0,1,0,2,0,0,0,2,2,0,1,0,2,2,0,0
Best fitness found so far: -37.0; distance: 13.038404810405298
Generation: 16; 
d: 13.416407864998739; energy: -37.0; 0,1,1,1,2,2,1,0,1,0,2,2,1,2,1,1,0,1,0,0,2,2,1,0,1,0,0,2,2,0,2,0,2,1,1,2,1,1,2,2,1,0,0,2,0,1,0,2,2,1,1,1,1,2,0,0,1,2,2,0,1,2,2,1,0,0,1,1,0,0,1,0,0,2,1,0,0,1,0,2,2,0,0
Best fitness found so far: -37.0; distance: 13.038404810405298
Generation: 17; 
d: 13.038404810405298; energy: -38.0; 0,1,1,1,2,2,1,0,1,0,2,2,1,2,1,1,0,1,0,0,2,2,1,0,1,0,0,2,2,0,2,0,2,1,1,2,1,1,2,2,1,0,0,2,0,1,0,2,2,1,1,1,1,2,0,0,1,2,1,2,2,0,1,1,2,1,0,0,1,0,2,0,0,0,2,2,0,0,1,1,1,1,0
Best fitness found so far: -38.0; distance: 13.038404810405298
Generation: 18; 
d: 13.038404810405298; energy: -38.0; 0,1,1,1,2,2,1,0,1,0,2,2,1,2,1,1,0,1,0,0,2,2,1,0,1,0,0,2,2,0,2,0,2,1,1,2,1,1,2,2,1,0,0,2,0,1,0,2,2,1,1,1,1,2,0,0,1,2,1,2,2,0,1,1,2,1,0,0,1,0,2,0,0,0,2,2,0,0,1,1,1,1,0
Best fitness found so far: -38.0; distance: 13.038404810405298
Generation: 19; 
d: 12.806248474865697; energy: -39.0; 0,1,1,1,2,2,1,0,1,0,2,2,1,2,1,1,0,1,0,0,2,2,1,0,1,0,0,1,0,2,1,1,2,1,1,2,1,1,2,2,1,0,0,2,0,1,0,2,2,1,1,1,1,2,0,0,1,2,1,2,2,0,1,0,0,2,0,0,1,0,2,0,0,0,2,2,0,1,0,2,2,0,0
Best fitness found so far: -39.0; distance: 12.806248474865697
Generation: 20; 
d: 12.806248474865697; energy: -39.0; 0,1,1,1,2,2,1,0,1,0,2,2,1,2,1,1,0,1,0,0,2,2,1,0,1,0,0,1,0,2,1,1,2,1,1,2,1,1,2,2,1,0,0,2,0,1,0,2,2,1,1,1,1,2,0,0,1,2,1,2,2,0,1,0,0,2,0,0,1,0,2,0,0,0,2,2,0,1,1,2,2,0,0
Best fitness found so far: -39.0; distance: 12.806248474865697
Generation: 21; 
d: 12.806248474865697; energy: -40.0; 0,1,1,1,2,2,1,0,1,0,2,2,1,2,1,1,0,1,0,0,2,2,1,0,1,0,0,1,0,2,1,1,2,1,1,2,1,1,2,2,1,0,0,2,0,1,0,2,2,1,1,1,1,2,0,0,1,2,1,2,2,0,1,0,0,2,0,0,1,0,2,0,0,0,2,2,0,0,1,1,1,1,0
Best fitness found so far: -40.0; distance: 12.806248474865697
Generation: 22; 
d: 12.806248474865697; energy: -40.0; 0,1,1,1,2,2,1,0,1,0,2,2,1,2,1,1,0,1,0,0,2,2,1,0,1,0,0,1,0,2,1,1,2,1,1,2,1,1,2,2,1,0,0,2,0,1,0,2,2,1,1,1,1,2,0,0,1,2,1,2,2,0,1,1,2,1,0,0,1,0,2,0,0,0,2,2,0,0,1,1,1,1,0
Best fitness found so far: -40.0; distance: 12.806248474865697
Generation: 23; 
d: 12.806248474865697; energy: -40.0; 0,1,1,1,2,2,1,0,1,0,2,2,1,2,1,1,0,1,0,0,2,2,1,0,1,0,0,1,0,2,1,1,2,1,1,2,1,1,2,2,1,0,0,2,0,1,0,2,2,1,1,1,1,2,0,0,1,2,1,2,2,0,1,1,2,1,0,0,1,0,2,0,0,0,2,2,0,0,1,1,1,1,0
Best fitness found so far: -40.0; distance: 12.806248474865697
Generation: 24; 
d: 12.806248474865697; energy: -40.0; 0,1,1,1,2,2,1,0,1,0,2,2,1,2,1,1,0,1,0,0,2,2,1,0,1,0,0,1,0,2,1,0,2,1,1,2,1,1,2,2,1,0,0,2,0,1,0,2,2,1,1,1,1,2,0,0,1,2,1,2,2,0,1,0,0,2,0,0,1,0,2,0,0,0,2,2,0,0,1,1,1,1,0
Best fitness found so far: -40.0; distance: 12.806248474865697
Generation: 25; 
d: 12.806248474865697; energy: -40.0; 0,1,1,1,2,2,1,0,1,0,2,2,1,2,1,1,0,1,0,0,2,2,1,0,1,0,0,1,0,2,1,1,2,1,1,2,1,1,2,2,1,0,0,2,0,1,0,2,2,1,1,1,1,2,0,0,1,2,1,2,2,0,1,0,0,2,0,0,1,0,2,0,0,0,2,2,0,0,1,1,1,1,0
Best fitness found so far: -40.0; distance: 12.806248474865697
Generation: 26; 
d: 12.806248474865697; energy: -40.0; 0,1,1,1,2,2,1,0,1,0,2,2,1,2,1,1,0,1,0,0,2,2,1,0,1,0,0,1,0,2,1,0,2,1,1,2,1,1,2,2,1,0,0,2,0,1,0,2,2,1,1,1,1,2,0,0,1,2,1,2,2,0,1,0,0,2,0,0,1,0,2,0,0,0,2,2,0,0,1,1,1,1,0
Best fitness found so far: -40.0; distance: 12.806248474865697
Generation: 27; 
d: 12.806248474865697; energy: -40.0; 0,1,1,1,2,2,1,0,1,0,2,2,1,2,1,1,0,1,0,0,2,2,1,0,1,0,0,1,0,2,1,1,2,1,1,2,1,1,2,2,1,0,0,2,0,1,0,2,2,1,1,1,1,2,0,0,1,2,1,2,2,0,1,1,2,1,0,0,1,0,2,0,0,0,2,2,0,0,1,1,1,1,0
Best fitness found so far: -40.0; distance: 12.806248474865697
Generation: 28; 
d: 12.806248474865697; energy: -40.0; 0,1,1,1,2,2,1,0,1,0,2,2,1,2,1,1,0,1,0,0,2,2,1,0,1,0,0,1,0,2,1,1,2,1,1,2,1,1,2,2,1,0,0,2,0,1,0,2,2,1,1,1,1,2,0,0,1,2,1,2,2,0,1,1,2,1,0,0,1,0,2,0,0,0,2,2,0,0,1,1,1,1,0
Best fitness found so far: -40.0; distance: 12.806248474865697
Generation: 29; 
d: 12.806248474865697; energy: -40.0; 0,1,1,1,2,2,1,0,1,0,2,2,1,2,1,1,0,1,0,0,2,2,1,0,1,0,0,2,0,2,1,1,2,1,1,2,1,1,2,2,1,0,0,2,0,1,0,2,2,1,1,1,1,2,0,0,1,2,1,2,2,0,1,1,2,1,0,0,1,0,2,0,0,0,2,2,0,0,1,1,1,1,0
Best fitness found so far: -40.0; distance: 12.806248474865697
Generation: 30; 
d: 12.806248474865697; energy: -40.0; 0,1,1,1,2,2,1,0,1,0,2,2,1,2,1,1,0,1,0,0,2,2,1,0,1,0,0,1,0,2,1,1,2,1,1,2,1,1,2,2,1,0,0,2,0,1,0,2,2,1,1,1,1,2,0,0,1,2,1,2,2,0,1,1,2,1,0,0,1,0,2,0,0,0,2,2,0,0,1,1,1,1,0
Best fitness found so far: -40.0; distance: 12.806248474865697
Generation: 31; 
d: 12.806248474865697; energy: -40.0; 0,1,1,1,2,2,1,0,1,0,2,2,1,2,1,1,0,1,0,0,2,2,1,0,1,0,0,1,0,2,1,1,2,1,1,2,1,1,2,2,1,0,0,2,0,1,0,2,2,1,1,1,1,2,0,0,1,2,1,2,2,0,1,1,2,1,0,0,1,0,2,0,0,0,2,2,0,0,1,1,1,1,0
Best fitness found so far: -40.0; distance: 12.806248474865697
Generation: 32; 
d: 12.806248474865697; energy: -40.0; 0,1,1,1,2,2,1,0,1,0,2,2,1,2,1,1,0,1,0,0,2,2,1,0,1,0,0,1,0,2,1,1,2,1,1,2,1,1,2,2,1,0,0,2,0,1,0,2,2,1,1,1,1,2,0,0,1,2,1,2,2,0,1,0,0,2,0,0,1,0,2,0,0,0,2,2,0,0,1,1,1,1,0
Best fitness found so far: -40.0; distance: 12.806248474865697
Generation: 33; 
d: 12.806248474865697; energy: -40.0; 0,1,1,1,2,2,1,0,1,0,2,2,1,2,1,1,0,1,0,0,2,2,1,0,1,0,0,1,0,2,1,0,2,1,1,2,1,1,2,2,1,0,0,2,0,1,0,2,2,1,1,1,1,2,0,0,1,2,1,2,2,0,1,0,0,2,0,0,1,0,2,0,0,0,2,2,0,0,1,1,1,1,0
Best fitness found so far: -40.0; distance: 12.806248474865697
Generation: 34; 
d: 12.806248474865697; energy: -40.0; 0,1,1,1,2,2,1,0,1,0,2,2,1,2,1,1,0,1,0,0,2,2,1,0,1,0,0,1,0,2,1,1,2,1,1,2,1,1,2,2,1,0,0,2,0,1,0,2,2,1,1,1,1,2,0,0,1,2,1,2,2,0,1,0,0,2,0,0,1,0,2,0,0,0,2,2,0,1,1,1,1,1,0
Best fitness found so far: -40.0; distance: 12.806248474865697
Generation: 35; 
d: 12.806248474865697; energy: -40.0; 0,1,1,1,2,2,1,0,1,0,2,2,1,2,1,1,0,1,0,0,2,2,1,0,1,0,0,1,0,2,1,1,2,1,1,2,1,1,2,2,1,0,0,2,0,1,0,2,2,1,1,1,1,2,0,0,1,2,1,2,2,0,1,1,2,1,0,0,1,0,2,0,0,0,2,2,0,0,1,1,1,1,0
Best fitness found so far: -40.0; distance: 12.806248474865697
Generation: 36; 
d: 12.806248474865697; energy: -40.0; 0,1,1,1,2,2,1,0,1,0,2,2,1,2,1,1,0,1,0,0,2,2,1,0,1,0,0,1,0,2,1,1,2,1,1,2,1,1,2,2,1,0,0,2,0,1,0,2,2,1,1,1,1,2,0,0,1,2,1,2,2,0,1,0,0,2,0,0,1,0,2,0,0,0,2,2,0,0,1,1,1,1,0
Best fitness found so far: -40.0; distance: 12.806248474865697
Generation: 37; 
d: 12.806248474865697; energy: -40.0; 0,1,1,1,2,2,1,0,1,0,2,2,1,2,1,1,0,1,0,0,2,2,1,0,1,0,0,1,0,2,1,1,2,1,1,2,1,1,2,2,1,0,0,2,0,1,0,2,2,1,1,1,1,2,0,0,1,2,1,2,2,0,1,1,2,1,0,0,1,0,2,0,0,0,2,2,0,0,1,1,1,1,0
Best fitness found so far: -40.0; distance: 12.806248474865697
Generation: 38; 
d: 12.806248474865697; energy: -40.0; 0,1,1,1,2,2,1,0,1,0,2,2,1,2,1,1,0,1,0,0,2,2,1,0,1,0,0,2,2,0,1,1,2,1,1,2,1,1,2,2,1,0,0,2,0,1,0,2,2,1,1,1,1,2,0,0,1,2,1,2,2,0,1,0,0,2,0,0,1,0,2,0,0,0,2,2,0,0,1,1,1,1,0
Best fitness found so far: -40.0; distance: 12.806248474865697
Generation: 39; 
d: 12.806248474865697; energy: -40.0; 0,1,1,1,2,2,1,0,1,0,2,2,1,2,1,1,0,1,0,0,2,2,1,0,1,0,0,1,0,2,1,1,2,1,1,2,1,1,2,2,1,0,0,2,0,1,0,2,2,1,1,1,1,2,0,0,1,2,1,2,2,0,1,0,0,2,0,0,1,0,2,0,0,0,2,0,0,0,1,1,1,1,0
Best fitness found so far: -40.0; distance: 12.806248474865697
Generation: 40; 
d: 12.806248474865697; energy: -40.0; 0,1,1,1,2,2,1,0,1,0,2,2,1,2,1,1,0,1,0,0,2,2,1,0,1,0,0,1,0,2,1,1,2,1,1,2,1,1,2,2,1,0,0,2,0,1,0,2,2,1,1,1,1,2,0,0,1,2,1,2,2,0,1,0,0,2,0,0,1,0,2,0,0,0,2,2,0,0,1,1,1,1,0
Best fitness found so far: -40.0; distance: 12.806248474865697
Generation: 41; 
d: 12.806248474865697; energy: -40.0; 0,1,1,1,2,2,1,0,1,0,2,2,1,2,1,1,0,1,0,0,2,2,1,0,1,0,0,1,0,2,1,1,2,1,1,2,1,1,2,2,1,0,0,2,0,1,0,2,2,1,1,1,1,2,0,0,1,2,1,2,2,0,1,0,0,2,0,0,1,0,2,0,0,0,2,2,0,1,0,0,0,1,0
Best fitness found so far: -40.0; distance: 12.806248474865697
Generation: 42; 
d: 12.806248474865697; energy: -40.0; 0,1,1,1,2,2,1,0,1,0,2,2,1,2,1,1,0,1,0,0,2,2,1,0,1,0,0,1,0,2,1,1,2,1,1,2,1,1,2,2,1,0,0,2,0,1,0,2,2,1,1,1,1,2,0,0,1,2,1,2,2,0,1,0,0,2,0,0,1,0,2,0,0,0,2,2,0,0,1,1,1,1,0
Best fitness found so far: -40.0; distance: 12.806248474865697
Generation: 43; 
d: 12.806248474865697; energy: -40.0; 0,1,1,1,2,2,1,0,1,0,2,2,1,2,1,1,0,1,0,0,2,2,1,0,1,0,0,1,0,2,1,1,2,1,1,2,1,1,2,2,1,0,0,2,0,1,0,2,2,1,1,1,1,2,0,0,1,2,1,2,2,0,1,1,2,1,0,0,1,0,2,0,0,0,2,2,0,0,1,1,1,1,0
Best fitness found so far: -40.0; distance: 12.806248474865697
Generation: 44; 
d: 12.806248474865697; energy: -40.0; 0,1,1,1,2,2,1,0,1,0,2,2,1,2,1,1,0,1,0,0,2,2,1,0,1,0,0,1,0,2,1,1,2,1,1,2,1,1,2,2,1,0,0,2,0,1,0,2,2,1,1,1,1,2,0,0,1,2,1,2,2,0,1,1,2,1,0,0,1,0,2,0,0,0,2,2,0,0,1,1,1,1,0
Best fitness found so far: -40.0; distance: 12.806248474865697
Generation: 45; 
d: 12.806248474865697; energy: -40.0; 0,1,1,1,2,2,1,0,1,0,2,2,1,2,1,1,0,1,0,0,2,2,1,0,1,0,0,1,0,2,1,1,2,1,1,2,1,1,2,2,1,0,0,2,0,1,0,2,2,1,1,1,1,2,0,0,1,2,1,2,2,0,1,1,2,2,0,0,1,0,2,0,0,0,2,2,0,0,1,1,1,1,0
Best fitness found so far: -40.0; distance: 12.806248474865697
Generation: 46; 
d: 12.806248474865697; energy: -40.0; 0,1,1,1,2,2,1,0,1,0,2,2,1,2,1,1,0,1,0,0,2,2,1,0,1,0,0,1,0,2,1,1,2,1,1,2,1,1,2,2,1,0,0,2,0,1,0,2,2,1,1,1,1,2,0,0,1,2,1,2,2,0,1,1,2,1,0,0,1,0,2,0,0,0,2,2,0,0,1,1,1,1,0
Best fitness found so far: -40.0; distance: 12.806248474865697
Generation: 47; 
d: 12.806248474865697; energy: -40.0; 0,1,1,1,2,2,1,0,1,0,2,2,1,2,1,1,0,1,0,0,2,2,1,0,1,0,0,1,0,2,1,0,2,1,1,2,1,1,2,2,1,0,0,2,0,1,0,2,2,1,1,1,1,2,0,0,1,2,1,2,2,0,1,0,0,2,0,0,1,0,2,0,0,0,2,2,0,1,1,1,1,1,0
Best fitness found so far: -40.0; distance: 12.806248474865697
Generation: 48; 
d: 12.806248474865697; energy: -40.0; 0,1,1,1,2,2,1,0,1,0,2,2,1,2,1,1,0,1,0,0,2,2,1,0,1,0,0,1,0,2,1,1,2,1,1,2,1,1,2,2,1,0,0,2,0,1,0,2,2,1,1,1,1,2,0,0,1,2,1,2,2,0,1,0,0,2,0,0,1,0,2,0,0,0,2,2,0,0,1,1,1,1,0
Best fitness found so far: -40.0; distance: 12.806248474865697
Generation: 49; 
d: 12.806248474865697; energy: -40.0; 0,1,1,1,2,2,1,0,1,0,2,2,1,2,1,1,0,1,0,0,2,2,1,0,1,0,0,1,0,2,1,1,2,1,1,2,1,1,2,2,1,0,0,2,0,1,0,2,2,1,1,1,1,2,0,0,1,2,1,2,2,0,1,1,2,1,0,0,1,0,2,0,0,0,2,2,0,0,1,1,1,1,0
Best fitness found so far: -40.0; distance: 12.806248474865697
Generation: 50; 
d: 12.806248474865697; energy: -40.0; 0,1,1,1,2,2,1,0,1,0,2,2,1,2,1,1,0,1,0,0,2,2,1,0,1,0,0,1,0,2,1,0,2,1,1,2,1,1,2,2,1,0,0,2,0,1,0,2,2,1,1,1,1,2,0,0,1,2,1,2,2,0,1,0,0,2,0,0,1,0,2,0,0,0,2,2,0,1,1,1,1,1,0
Best fitness found so far: -40.0; distance: 12.806248474865697
Generation: 51; 
d: 12.806248474865697; energy: -40.0; 0,1,1,1,2,2,1,0,1,0,2,2,1,2,1,1,0,1,0,0,2,2,1,0,1,0,0,1,0,2,1,0,2,1,1,2,1,1,2,2,1,0,0,2,0,1,0,2,2,1,1,1,1,2,0,0,1,2,1,2,2,0,1,0,0,2,0,0,1,0,2,0,0,0,2,2,0,0,1,1,1,1,0
Best fitness found so far: -40.0; distance: 12.806248474865697
Generation: 52; 
d: 12.806248474865697; energy: -40.0; 0,1,1,1,2,2,1,0,1,0,2,2,1,2,1,1,0,1,0,0,2,2,1,0,1,0,0,1,0,2,1,1,2,1,1,2,1,1,2,2,1,0,0,2,0,1,0,2,2,1,1,1,1,2,0,0,1,2,1,2,2,0,1,1,2,1,0,0,1,0,2,0,0,0,2,2,0,0,1,1,1,1,0
Best fitness found so far: -40.0; distance: 12.806248474865697
Generation: 53; 
d: 12.806248474865697; energy: -40.0; 0,1,1,1,2,2,1,0,1,0,2,2,1,2,1,1,0,1,0,0,2,2,1,0,1,0,0,2,0,2,1,1,2,1,1,2,1,1,2,2,1,0,0,2,0,1,0,2,2,1,1,1,1,2,0,0,1,2,1,2,2,0,1,1,2,1,0,0,1,0,2,0,0,0,2,2,0,0,1,1,1,1,0
Best fitness found so far: -40.0; distance: 12.806248474865697
Generation: 54; 
d: 12.806248474865697; energy: -40.0; 0,1,1,1,2,2,1,0,1,0,2,2,1,2,1,1,0,1,0,0,2,2,1,0,1,0,0,1,0,2,1,1,2,1,1,2,1,1,2,2,1,0,0,2,0,1,0,2,2,1,1,1,1,2,0,0,1,2,1,2,2,0,1,0,0,2,0,0,1,0,2,0,0,0,2,2,0,0,1,1,1,1,0
Best fitness found so far: -40.0; distance: 12.806248474865697
Generation: 55; 
d: 12.806248474865697; energy: -40.0; 0,1,1,1,2,2,1,0,1,0,2,2,1,2,1,1,0,1,0,0,2,2,1,0,1,0,0,1,0,2,1,1,2,1,1,2,1,1,2,2,1,0,0,2,0,1,0,2,2,1,1,1,1,2,0,0,1,2,1,2,2,0,1,1,2,1,0,0,1,0,2,0,0,0,2,2,0,0,1,1,1,1,0
Best fitness found so far: -40.0; distance: 12.806248474865697
Generation: 56; 
d: 12.806248474865697; energy: -40.0; 0,1,1,1,2,2,1,0,1,0,2,2,1,2,1,1,0,1,0,0,2,2,1,0,1,0,0,1,0,2,1,1,2,1,1,2,1,1,2,2,1,0,0,2,0,1,0,2,2,1,1,1,1,2,0,0,1,2,1,2,2,0,1,1,2,1,0,0,1,0,2,0,0,0,2,2,0,0,1,1,1,1,0
Best fitness found so far: -40.0; distance: 12.806248474865697
Generation: 57; 
d: 12.806248474865697; energy: -40.0; 0,1,1,1,2,2,1,0,1,0,2,2,1,2,1,1,0,1,0,0,2,2,1,0,1,0,0,1,0,2,1,1,2,1,1,2,1,1,2,2,1,0,0,2,0,1,0,2,2,1,1,1,1,2,0,0,1,2,1,2,2,0,1,0,0,2,0,0,1,0,2,0,0,0,2,2,0,0,1,1,1,1,0
Best fitness found so far: -40.0; distance: 12.806248474865697
Generation: 58; 
d: 12.806248474865697; energy: -40.0; 0,1,1,1,2,2,1,0,1,0,2,2,1,2,1,1,0,1,0,0,2,2,1,0,1,0,0,1,0,2,1,1,2,1,1,2,1,1,2,2,1,0,0,2,0,1,0,2,2,1,1,1,1,2,0,0,1,2,1,2,2,0,1,0,0,2,0,0,1,0,2,0,0,0,2,2,0,0,1,1,1,1,0
Best fitness found so far: -40.0; distance: 12.806248474865697
Generation: 59; 
d: 12.806248474865697; energy: -40.0; 0,1,1,1,2,2,1,0,1,0,2,2,1,2,1,1,0,1,0,0,2,2,1,0,1,0,0,1,0,2,1,1,2,1,1,2,1,1,2,2,1,0,0,2,0,1,0,2,2,1,1,1,1,2,0,0,1,2,1,2,2,0,1,0,0,2,0,0,1,0,2,0,0,0,2,2,0,0,1,1,1,1,0
Best fitness found so far: -40.0; distance: 12.806248474865697
Generation: 60; 
d: 12.806248474865697; energy: -40.0; 0,1,1,1,2,2,1,0,1,0,2,2,1,2,1,1,0,1,0,0,2,2,1,0,1,0,0,1,1,2,1,1,2,1,1,2,1,1,2,2,1,0,0,2,0,1,0,2,2,1,1,1,1,2,0,0,1,2,1,2,2,0,1,1,2,1,0,0,1,0,2,0,0,0,2,2,0,1,0,1,1,1,0
Best fitness found so far: -40.0; distance: 12.806248474865697
Execution: 2
Generation: 61; 
d: 12.806248474865697; energy: -40.0; 0,1,1,1,2,2,1,0,1,0,2,2,1,2,1,1,0,1,0,0,2,2,1,0,1,0,0,1,0,2,1,1,2,1,1,2,1,1,2,2,1,0,0,2,0,1,0,2,2,1,1,1,1,2,0,0,1,2,1,2,2,0,1,0,0,2,0,0,1,0,2,0,0,0,2,2,0,0,1,1,1,1,0
Best fitness found so far: -40.0; distance: 12.806248474865697
Generation: 62; 
d: 15.620499351813308; energy: -28.0; 1,2,1,1,1,1,0,0,2,0,0,2,2,1,1,2,1,0,1,0,2,0,0,2,0,1,1,1,1,2,1,2,0,0,1,0,2,1,1,0,1,0,1,2,2,1,0,0,1,2,2,1,0,0,1,2,1,0,0,2,2,0,0,1,2,2,1,0,1,1,2,2,1,0,1,1,0,1,1,0,1,2,2
Best fitness found so far: -40.0; distance: 12.806248474865697
Generation: 63; 
d: 15.620499351813308; energy: -30.0; 0,0,0,0,1,0,1,1,1,1,1,2,0,0,2,0,0,2,1,1,0,0,2,0,0,0,1,0,0,0,0,0,1,1,0,1,0,0,0,2,0,1,2,2,0,0,1,2,0,1,1,1,0,0,1,0,2,2,1,0,0,0,2,2,0,0,1,2,2,0,0,2,2,0,0,1,1,1,1,0,1,0,0
Best fitness found so far: -40.0; distance: 12.806248474865697
Generation: 64; 
d: 14.422205101855956; energy: -31.0; 1,0,0,0,1,1,2,1,0,1,1,0,0,1,1,1,2,2,0,0,1,0,2,0,0,1,0,2,0,1,0,0,0,2,1,1,0,0,2,1,1,2,2,2,0,0,1,0,0,2,0,2,0,0,0,1,0,2,1,0,0,0,0,2,2,1,2,0,1,2,0,1,0,1,2,0,0,2,0,2,2,0,0
Best fitness found so far: -40.0; distance: 12.806248474865697
Generation: 65; 
d: 15.556349186104045; energy: -33.0; 1,1,2,1,2,2,0,0,2,1,2,0,0,0,0,2,2,2,0,1,2,1,1,0,0,0,1,2,1,2,2,2,1,2,0,0,2,0,0,0,1,0,2,0,0,0,0,1,1,1,0,2,2,0,0,0,0,1,0,1,1,0,1,1,2,2,0,0,0,1,2,0,0,1,0,0,1,1,2,2,2,0,1
Best fitness found so far: -40.0; distance: 12.806248474865697
Generation: 66; 
d: 17.26267650163207; energy: -35.0; 0,0,0,0,1,0,2,0,0,1,1,2,2,0,2,0,0,2,1,1,0,0,2,0,0,0,1,0,0,0,0,0,1,2,2,1,2,1,1,0,0,1,1,2,1,2,0,1,1,2,1,1,1,1,0,1,2,1,2,2,0,1,2,1,1,1,1,2,2,0,2,1,0,0,1,1,0,2,2,0,0,1,0
Best fitness found so far: -40.0; distance: 12.806248474865697
Generation: 67; 
d: 15.556349186104045; energy: -33.0; 1,1,2,1,2,2,0,0,2,1,2,0,0,0,0,2,2,2,0,1,2,1,1,0,0,0,1,2,1,2,2,2,1,2,0,0,2,0,0,0,1,0,2,0,0,0,0,1,1,1,0,2,2,0,0,0,0,1,0,1,1,0,1,1,2,2,0,0,0,1,2,0,0,1,0,0,1,1,2,2,2,0,1
Best fitness found so far: -40.0; distance: 12.806248474865697
Generation: 68; 
d: 18.788294228055936; energy: -37.0; 0,0,0,0,1,0,2,0,0,1,1,2,2,0,2,0,0,2,1,1,0,0,2,0,0,0,1,0,0,0,0,0,1,2,2,1,2,1,1,0,0,1,1,2,1,2,0,1,1,2,1,1,1,1,0,1,2,1,2,2,2,1,1,1,0,0,2,0,0,0,0,1,0,0,1,1,0,2,2,0,0,1,0
Best fitness found so far: -40.0; distance: 12.806248474865697
Generation: 69; 
d: 14.422205101855956; energy: -34.0; 1,0,0,0,1,1,2,1,0,1,1,0,0,1,1,1,2,2,0,0,1,0,2,0,0,1,0,2,0,1,0,0,0,2,1,1,0,0,2,1,1,2,2,2,0,0,1,0,0,2,0,2,0,0,0,1,0,2,1,0,0,0,0,2,2,1,0,0,0,1,2,0,0,1,0,0,1,1,2,1,0,0,1
Best fitness found so far: -40.0; distance: 12.806248474865697
Generation: 70; 
d: 14.422205101855956; energy: -36.0; 2,2,1,0,0,2,0,1,1,1,2,0,0,1,1,1,2,2,0,0,1,1,0,0,2,1,0,1,2,0,2,2,1,2,0,0,2,1,2,1,2,0,0,0,0,1,2,2,1,1,1,2,1,1,0,0,1,0,0,0,2,2,0,2,2,1,2,0,0,1,2,0,0,1,0,0,1,1,2,1,0,2,0
Best fitness found so far: -40.0; distance: 12.806248474865697
Generation: 71; 
d: 16.1245154965971; energy: -38.0; 0,0,0,0,1,0,2,0,0,1,1,2,2,0,2,0,0,2,1,1,0,0,2,0,0,0,1,0,0,0,0,0,1,2,2,1,2,1,1,0,0,1,1,1,0,0,1,2,2,0,1,1,2,2,0,2,2,0,0,0,2,2,0,2,2,1,2,1,0,2,1,2,2,1,2,1,0,2,2,2,2,1,0
Best fitness found so far: -40.0; distance: 12.806248474865697
Generation: 72; 
d: 17.08800749063506; energy: -37.0; 0,0,0,0,1,0,2,0,0,1,1,2,2,0,2,0,0,2,1,1,0,0,2,0,0,0,1,0,0,0,0,0,1,2,2,1,2,1,1,0,0,1,1,1,0,0,1,2,2,0,1,1,2,2,0,2,2,0,0,0,2,2,0,2,2,1,2,1,0,0,0,2,2,0,0,1,1,1,1,0,1,1,0
Best fitness found so far: -40.0; distance: 12.806248474865697
Generation: 73; 
d: 16.492422502470642; energy: -38.0; 0,0,0,0,1,0,2,0,0,1,1,2,2,0,2,0,0,2,1,1,0,0,2,0,0,0,1,0,0,0,0,0,1,2,2,1,2,1,1,0,0,1,1,2,1,2,0,1,1,2,1,1,1,2,2,1,2,1,1,2,2,1,1,1,0,0,2,0,0,0,0,1,0,0,1,1,0,1,2,2,1,0,0
Best fitness found so far: -40.0; distance: 12.806248474865697
Generation: 74; 
d: 15.132745950421556; energy: -38.0; 0,0,0,0,1,0,2,0,0,1,1,2,2,0,2,0,0,2,1,1,0,0,2,0,0,0,1,0,0,0,0,0,1,2,2,1,2,1,1,0,0,1,1,2,1,2,0,1,1,2,1,0,2,2,2,1,2,1,2,2,0,0,2,2,0,1,2,2,0,2,1,1,1,0,2,2,0,2,1,0,0,1,2
Best fitness found so far: -40.0; distance: 12.806248474865697
Generation: 75; 
d: 14.142135623730951; energy: -39.0; 1,2,0,2,1,2,2,0,2,0,0,0,2,0,2,1,1,2,0,1,1,1,2,2,1,1,1,1,2,0,0,2,2,2,0,0,2,1,2,1,2,0,0,0,0,1,2,2,1,1,1,2,1,1,0,0,1,0,0,0,2,2,0,2,2,1,2,0,0,1,2,0,0,1,0,0,1,1,2,1,0,2,0
Best fitness found so far: -40.0; distance: 12.806248474865697
Generation: 76; 
d: 12.083045973594572; energy: -42.0; 0,0,0,0,1,0,2,0,0,1,1,2,2,0,2,0,0,2,1,1,0,0,2,0,0,0,1,0,0,0,0,0,1,2,2,1,2,1,1,0,0,1,0,0,0,1,2,2,1,1,1,2,1,1,0,0,1,0,0,0,2,2,0,2,2,1,2,0,0,1,2,0,0,1,0,0,1,1,2,1,0,2,0
Best fitness found so far: -42.0; distance: 12.083045973594572
Generation: 77; 
d: 14.560219778561036; energy: -39.0; 0,0,0,0,1,0,2,0,0,1,1,2,2,0,2,0,0,2,1,1,0,0,2,0,0,0,1,0,0,0,0,0,1,2,2,1,2,1,1,0,0,1,1,2,1,2,0,1,1,2,1,1,1,1,0,0,1,0,0,0,2,2,0,2,2,1,2,0,0,1,2,0,0,1,0,0,1,1,2,1,2,0,0
Best fitness found so far: -42.0; distance: 12.083045973594572
Generation: 78; 
d: 12.083045973594572; energy: -42.0; 0,0,0,0,1,0,2,0,0,1,1,2,2,0,2,0,0,2,1,1,0,0,2,0,0,0,1,0,0,0,0,0,1,2,2,1,2,1,1,0,0,1,0,0,0,1,2,2,1,1,1,2,1,1,0,0,1,0,0,0,2,2,0,2,2,1,2,0,0,1,2,0,0,1,0,0,1,1,2,1,0,2,0
Best fitness found so far: -42.0; distance: 12.083045973594572
Generation: 79; 
d: 12.083045973594572; energy: -42.0; 0,0,0,0,1,0,2,0,0,1,1,2,2,0,2,0,0,2,1,1,0,0,2,0,0,0,1,0,0,0,0,0,1,2,2,1,2,1,1,0,0,1,0,0,0,1,2,2,1,1,1,2,1,1,0,0,1,0,0,0,2,2,0,2,2,1,2,0,0,1,2,0,0,1,0,0,1,1,2,1,0,2,0
Best fitness found so far: -42.0; distance: 12.083045973594572
Generation: 80; 
d: 12.083045973594572; energy: -42.0; 0,0,0,0,1,0,2,0,0,1,1,2,2,0,2,0,0,2,1,1,0,0,2,0,0,0,1,0,0,0,0,0,1,2,2,1,2,1,1,0,0,1,0,0,0,1,2,2,1,1,1,2,1,1,0,0,1,0,0,0,2,2,0,2,2,1,2,0,0,1,2,0,0,1,0,0,1,1,2,1,0,2,0
Best fitness found so far: -42.0; distance: 12.083045973594572
Generation: 81; 
d: 12.083045973594572; energy: -42.0; 0,0,0,0,1,0,2,0,0,1,1,2,2,0,2,0,0,2,1,1,0,0,2,0,0,0,1,0,0,0,0,0,1,2,2,1,2,1,1,0,0,1,0,0,0,1,2,2,1,1,1,2,1,1,0,0,1,0,0,0,2,2,0,2,2,1,2,0,0,1,2,0,0,1,0,0,1,1,2,1,0,2,0
Best fitness found so far: -42.0; distance: 12.083045973594572
Generation: 82; 
d: 12.083045973594572; energy: -42.0; 0,0,0,0,1,0,2,0,0,1,1,2,2,0,2,0,0,2,1,1,0,0,2,0,0,0,1,0,0,0,0,0,1,2,2,1,2,1,1,0,0,1,0,0,0,1,2,2,1,1,1,2,1,1,0,0,1,0,0,0,2,2,0,2,2,1,2,0,0,1,2,0,0,1,0,0,1,1,2,1,0,2,0
Best fitness found so far: -42.0; distance: 12.083045973594572
Generation: 83; 
d: 12.083045973594572; energy: -42.0; 0,0,0,0,1,0,2,0,0,1,1,2,2,0,2,0,0,2,1,1,0,0,2,0,1,0,2,0,0,0,0,0,1,2,2,1,2,1,1,0,0,1,0,0,0,1,2,2,1,1,1,2,1,1,0,0,1,0,0,0,2,2,0,2,2,1,2,0,0,1,2,0,0,1,0,0,1,1,2,1,0,2,0
Best fitness found so far: -42.0; distance: 12.083045973594572
Generation: 84; 
d: 12.083045973594572; energy: -42.0; 0,0,0,0,1,0,2,0,0,1,1,2,2,0,2,0,0,2,1,1,0,0,2,0,0,0,1,0,0,0,0,0,1,2,2,1,2,1,1,0,0,1,0,0,0,1,2,2,1,1,1,2,1,1,0,0,1,0,0,0,2,2,0,2,2,1,2,0,0,1,2,0,0,1,0,0,1,1,2,1,0,2,0
Best fitness found so far: -42.0; distance: 12.083045973594572
Generation: 85; 
d: 12.083045973594572; energy: -42.0; 0,0,0,0,1,0,2,0,0,1,1,2,2,0,2,0,0,2,1,1,0,0,2,0,0,0,1,0,0,0,0,0,1,2,2,1,2,1,1,0,0,1,0,0,0,1,2,2,1,1,1,2,1,1,0,0,1,0,0,0,2,2,0,2,2,1,2,0,0,1,2,0,0,1,0,0,1,1,2,1,0,2,0
Best fitness found so far: -42.0; distance: 12.083045973594572
Generation: 86; 
d: 12.083045973594572; energy: -42.0; 0,0,0,0,1,0,2,0,0,1,1,2,2,0,2,0,0,2,1,1,0,0,2,0,0,0,1,0,0,0,0,0,1,2,2,1,2,1,1,0,0,1,0,0,0,1,2,2,1,1,1,2,1,1,0,0,1,0,0,0,2,2,0,2,2,1,2,0,0,1,2,0,0,1,0,0,1,1,2,1,0,2,0
Best fitness found so far: -42.0; distance: 12.083045973594572
Generation: 87; 
d: 12.083045973594572; energy: -42.0; 0,0,0,0,1,0,2,0,0,1,1,2,2,0,2,0,0,2,1,1,0,0,2,0,0,0,1,0,0,0,0,0,1,2,2,1,2,1,1,0,0,1,0,0,0,1,2,2,1,1,1,2,1,1,0,0,1,0,0,0,2,2,0,2,2,1,2,0,0,1,2,0,0,1,0,0,1,1,2,1,0,2,0
Best fitness found so far: -42.0; distance: 12.083045973594572
Generation: 88; 
d: 12.083045973594572; energy: -43.0; 1,2,2,1,2,0,2,0,0,1,1,2,2,0,2,0,0,2,1,1,0,0,2,0,0,0,1,0,0,0,0,0,1,2,2,1,2,1,1,0,0,1,0,0,0,1,2,2,1,1,1,2,1,1,0,0,1,0,0,0,2,2,0,2,2,1,2,0,0,1,2,0,0,1,0,0,1,1,2,1,0,2,0
Best fitness found so far: -43.0; distance: 12.083045973594572
Generation: 89; 
d: 12.083045973594572; energy: -43.0; 1,2,2,1,2,0,2,0,0,1,1,2,2,0,2,0,0,2,1,1,0,0,2,0,0,0,1,0,0,0,0,0,1,2,2,1,2,1,1,0,0,1,0,0,0,1,2,2,1,1,1,2,1,1,0,0,1,0,0,0,2,2,0,2,2,1,2,0,0,1,2,0,0,1,0,0,1,1,2,1,0,2,0
Best fitness found so far: -43.0; distance: 12.083045973594572
Generation: 90; 
d: 12.083045973594572; energy: -43.0; 1,2,2,1,2,0,2,0,0,1,1,2,2,0,2,0,0,2,1,1,0,0,2,0,0,0,1,0,0,0,0,0,1,2,2,1,2,1,1,0,0,1,0,0,0,1,2,2,1,1,1,2,1,1,0,0,1,0,0,0,2,2,0,2,2,1,2,0,0,1,2,0,0,1,0,0,1,1,2,1,0,2,0
Best fitness found so far: -43.0; distance: 12.083045973594572
Generation: 91; 
d: 12.083045973594572; energy: -43.0; 1,2,2,1,2,0,2,0,0,1,1,2,2,0,2,0,0,2,1,1,0,0,2,0,0,0,1,0,0,0,0,0,1,2,2,1,2,1,1,0,0,1,0,0,0,1,2,2,1,1,1,2,1,1,0,0,1,0,0,0,2,2,0,2,2,1,2,0,0,1,2,0,0,1,0,0,1,1,2,1,0,2,0
Best fitness found so far: -43.0; distance: 12.083045973594572
Generation: 92; 
d: 12.083045973594572; energy: -43.0; 1,2,2,1,2,0,2,0,0,1,1,2,2,0,2,0,0,2,1,1,0,0,2,0,0,0,1,0,0,0,0,0,1,2,2,1,2,1,1,0,0,1,0,0,0,1,2,2,1,1,1,2,1,1,0,0,1,0,0,0,2,2,0,2,2,1,2,0,0,1,2,0,0,1,0,0,1,1,2,1,0,2,0
Best fitness found so far: -43.0; distance: 12.083045973594572
Generation: 93; 
d: 12.083045973594572; energy: -43.0; 1,2,2,1,2,0,2,0,0,1,1,2,2,0,2,0,0,2,1,1,0,0,2,0,0,0,1,0,0,0,0,0,1,2,2,1,2,1,1,0,0,1,0,0,0,1,2,2,1,1,1,2,1,1,0,0,1,0,0,0,2,2,0,2,2,1,2,0,0,1,2,0,0,1,0,0,1,1,2,1,0,2,0
Best fitness found so far: -43.0; distance: 12.083045973594572
Generation: 94; 
d: 12.083045973594572; energy: -43.0; 1,2,2,1,2,0,2,0,0,1,1,2,2,0,2,0,0,2,1,1,0,0,2,0,0,0,1,0,0,0,0,0,1,2,2,1,2,1,1,0,0,1,0,0,0,1,2,2,1,1,1,2,1,1,0,0,1,0,0,0,2,2,0,2,2,1,2,0,0,1,2,0,0,1,0,0,1,1,2,1,0,2,0
Best fitness found so far: -43.0; distance: 12.083045973594572
Generation: 95; 
d: 12.083045973594572; energy: -43.0; 1,2,2,1,2,0,2,0,0,1,1,2,2,0,2,0,0,2,1,1,0,0,2,0,0,0,1,0,0,0,0,0,1,2,2,1,2,1,1,0,0,1,0,0,0,1,2,2,1,1,1,2,1,1,0,0,1,0,0,0,2,2,0,2,2,1,2,0,0,1,2,0,0,1,0,0,1,1,2,1,0,2,0
Best fitness found so far: -43.0; distance: 12.083045973594572
Generation: 96; 
d: 12.083045973594572; energy: -43.0; 1,2,2,1,2,0,2,0,0,1,1,2,2,0,2,0,0,2,1,1,0,0,2,0,0,0,1,0,0,0,0,0,1,2,2,1,2,1,1,0,0,1,0,0,0,1,2,2,1,1,1,2,1,1,0,0,1,0,0,0,2,2,0,2,2,1,2,0,0,1,2,0,0,1,0,0,1,1,2,1,0,2,0
Best fitness found so far: -43.0; distance: 12.083045973594572
Generation: 97; 
d: 12.083045973594572; energy: -43.0; 1,2,2,1,2,0,2,0,0,1,1,2,2,0,2,0,0,2,1,1,0,0,2,0,0,0,1,0,0,0,0,0,1,2,2,1,2,1,1,0,0,1,0,0,0,1,2,2,1,1,1,2,1,1,0,0,1,0,0,0,2,2,0,2,2,1,2,0,0,1,2,0,0,1,0,0,1,1,2,1,0,2,0
Best fitness found so far: -43.0; distance: 12.083045973594572
Generation: 98; 
d: 12.083045973594572; energy: -43.0; 1,2,2,1,2,0,2,0,0,1,1,2,2,0,2,0,0,2,1,1,0,0,2,0,0,0,1,0,0,0,0,0,1,2,2,1,2,1,1,0,0,1,0,0,0,1,2,2,1,1,1,2,1,1,0,0,1,0,0,0,2,2,0,2,2,1,2,0,0,1,2,0,0,1,0,0,1,1,0,1,0,2,0
Best fitness found so far: -43.0; distance: 12.083045973594572
Generation: 99; 
d: 12.083045973594572; energy: -43.0; 1,2,2,1,2,0,2,0,0,1,1,2,2,0,2,0,0,2,1,1,0,0,2,0,0,0,1,0,0,0,0,0,1,2,2,1,2,1,1,0,0,1,1,0,0,1,2,2,1,1,1,2,1,1,0,0,1,0,0,0,2,2,0,2,2,1,2,0,0,1,2,0,0,1,0,0,1,1,2,1,0,2,0
Best fitness found so far: -43.0; distance: 12.083045973594572
Generation: 100; 
d: 12.083045973594572; energy: -43.0; 1,2,2,1,2,0,2,0,0,1,1,2,2,0,2,0,0,2,1,1,0,0,2,0,0,0,1,0,0,0,0,0,1,2,2,1,2,1,1,0,0,1,0,0,0,1,2,2,1,1,1,2,1,1,0,0,1,0,0,0,2,2,0,2,2,1,2,0,0,1,2,0,0,1,0,0,1,1,2,1,0,2,0
Best fitness found so far: -43.0; distance: 12.083045973594572
Generation: 101; 
d: 12.083045973594572; energy: -43.0; 1,2,2,1,2,0,2,0,0,1,1,2,2,0,2,0,0,2,1,1,0,0,2,0,0,0,1,0,0,0,0,0,1,2,2,1,2,1,1,0,0,1,0,0,0,1,2,2,1,1,1,2,1,1,0,0,1,0,0,0,2,2,0,2,2,1,2,0,0,1,2,0,0,1,0,0,1,1,0,1,0,2,0
Best fitness found so far: -43.0; distance: 12.083045973594572
Generation: 102; 
d: 12.083045973594572; energy: -43.0; 1,2,2,1,2,0,2,0,0,1,1,2,2,0,2,0,0,2,1,1,0,0,2,0,0,0,1,0,0,0,0,0,1,2,2,1,2,1,1,0,0,1,0,0,0,1,2,2,1,1,1,2,1,1,0,0,1,0,0,0,2,2,0,2,2,1,2,0,0,1,2,0,0,1,0,0,1,1,2,1,0,2,0
Best fitness found so far: -43.0; distance: 12.083045973594572
Generation: 103; 
d: 12.083045973594572; energy: -43.0; 1,2,2,1,2,0,2,0,0,1,1,2,2,0,2,0,0,2,1,1,0,0,2,0,0,0,1,0,0,0,0,0,1,2,2,1,2,1,1,0,0,1,0,0,0,1,2,2,1,1,1,2,1,1,0,0,1,0,0,0,2,2,0,2,2,1,2,0,0,1,2,0,0,1,0,0,1,1,2,1,0,2,0
Best fitness found so far: -43.0; distance: 12.083045973594572
Generation: 104; 
d: 12.083045973594572; energy: -43.0; 1,2,2,1,2,0,2,0,0,1,1,2,2,0,2,0,0,2,1,1,0,0,2,0,0,0,1,0,0,0,0,0,1,2,2,1,2,1,1,0,0,1,0,0,0,1,2,2,1,1,1,2,1,1,0,0,1,0,0,0,2,2,0,2,2,1,2,0,0,1,2,0,0,1,0,0,1,1,0,1,0,2,0
Best fitness found so far: -43.0; distance: 12.083045973594572
Generation: 105; 
d: 12.083045973594572; energy: -43.0; 1,2,2,1,2,0,2,0,0,1,1,2,2,0,2,0,0,2,1,1,0,0,2,0,0,0,1,0,0,0,0,0,1,2,2,1,2,1,1,0,0,1,0,0,0,1,2,2,1,1,1,2,1,1,0,0,1,0,0,0,2,2,0,2,2,1,2,0,0,1,2,0,0,1,0,0,1,1,2,1,0,2,0
Best fitness found so far: -43.0; distance: 12.083045973594572
Generation: 106; 
d: 12.083045973594572; energy: -43.0; 1,2,2,1,2,0,2,0,0,1,1,2,2,0,2,0,0,2,1,1,0,0,2,0,0,0,1,0,0,0,0,0,1,2,2,1,2,1,1,0,0,1,0,0,0,1,2,2,1,1,1,2,1,1,0,0,1,0,0,0,2,2,0,2,2,1,2,0,0,1,2,0,0,1,0,0,1,1,2,1,0,2,0
Best fitness found so far: -43.0; distance: 12.083045973594572
Generation: 107; 
d: 12.083045973594572; energy: -43.0; 1,2,2,1,2,0,2,0,0,1,1,2,2,0,2,0,0,2,1,1,0,0,2,0,0,0,1,0,0,0,0,0,1,2,2,1,2,1,1,0,0,1,0,0,0,1,2,2,1,1,1,2,1,1,0,0,1,0,0,0,2,2,0,2,2,1,2,0,0,1,2,0,0,1,0,0,1,1,2,1,0,2,0
Best fitness found so far: -43.0; distance: 12.083045973594572
Generation: 108; 
d: 12.083045973594572; energy: -43.0; 1,2,2,1,2,0,2,0,0,1,1,2,2,0,2,0,0,2,1,1,0,0,2,0,0,0,1,0,0,0,0,0,1,2,2,1,2,1,1,0,0,1,0,0,0,1,2,2,1,1,1,2,1,1,0,0,1,0,0,0,2,2,0,2,2,1,2,0,0,1,2,0,0,1,0,0,1,1,2,1,0,2,0
Best fitness found so far: -43.0; distance: 12.083045973594572
Generation: 109; 
d: 12.083045973594572; energy: -43.0; 1,2,2,1,2,0,2,0,0,1,1,2,2,0,2,0,0,2,1,1,0,0,2,0,0,0,1,0,0,0,0,0,1,2,2,1,2,1,1,0,0,1,0,0,0,1,2,2,1,1,1,2,1,1,0,0,1,0,0,0,2,2,0,2,2,1,2,0,0,1,2,0,0,1,0,0,1,1,2,1,0,2,0
Best fitness found so far: -43.0; distance: 12.083045973594572
Generation: 110; 
d: 12.083045973594572; energy: -43.0; 1,2,2,1,2,0,2,0,0,1,1,2,2,0,2,0,0,2,1,1,0,0,2,0,0,0,1,0,0,0,0,0,1,2,2,1,2,1,1,0,0,1,1,0,0,1,2,2,1,1,1,2,1,1,0,0,1,0,0,0,2,2,0,2,2,1,2,0,0,1,2,0,0,1,0,0,1,1,2,1,0,2,0
Best fitness found so far: -43.0; distance: 12.083045973594572
Generation: 111; 
d: 12.083045973594572; energy: -43.0; 1,2,2,1,2,0,2,0,0,1,1,2,2,0,2,0,0,2,1,1,0,0,2,0,0,0,1,0,0,0,0,0,1,2,2,1,2,1,1,0,0,1,0,0,0,1,2,2,1,1,1,2,1,1,0,0,1,0,0,0,2,2,0,2,2,1,2,0,0,1,2,0,0,1,0,0,1,1,2,1,0,2,0
Best fitness found so far: -43.0; distance: 12.083045973594572
Generation: 112; 
d: 12.083045973594572; energy: -43.0; 1,2,2,1,2,0,2,0,0,1,1,2,2,0,2,0,0,2,1,1,0,0,2,0,0,0,1,0,0,0,0,0,1,2,2,1,2,1,1,0,0,1,0,0,0,1,2,2,1,1,1,2,1,1,0,0,1,0,0,0,2,2,0,2,2,1,2,0,0,1,2,0,0,1,0,0,1,1,2,1,0,2,0
Best fitness found so far: -43.0; distance: 12.083045973594572
Generation: 113; 
d: 12.083045973594572; energy: -43.0; 1,2,2,1,2,0,2,0,0,1,1,2,2,0,2,0,0,2,1,1,0,0,2,0,0,0,1,0,0,0,0,0,1,2,2,1,2,1,1,0,0,1,0,0,0,1,2,2,1,1,1,2,1,1,0,0,1,0,0,0,2,2,0,2,2,1,2,0,0,1,2,0,0,1,0,0,1,1,2,1,0,2,0
Best fitness found so far: -43.0; distance: 12.083045973594572
Generation: 114; 
d: 12.083045973594572; energy: -43.0; 1,2,2,1,2,0,2,0,0,1,1,2,2,0,2,0,0,2,1,1,0,0,2,0,0,0,1,0,0,0,0,0,1,2,2,1,2,1,1,0,0,1,0,0,0,1,2,2,1,1,1,2,1,1,0,0,1,0,0,0,2,2,0,2,2,1,2,0,0,1,2,0,0,1,0,0,1,1,2,1,0,2,0
Best fitness found so far: -43.0; distance: 12.083045973594572
Generation: 115; 
d: 12.083045973594572; energy: -43.0; 1,2,2,1,2,0,2,0,0,1,1,2,2,0,2,0,0,2,1,1,0,0,2,0,0,0,1,0,0,0,0,0,1,2,2,1,2,1,1,0,0,1,0,0,0,1,2,2,1,1,1,2,1,1,0,0,1,0,0,0,2,2,0,2,2,1,2,0,0,1,2,0,0,1,0,0,1,1,2,1,0,2,0
Best fitness found so far: -43.0; distance: 12.083045973594572
Generation: 116; 
d: 12.083045973594572; energy: -43.0; 1,2,2,1,2,0,2,0,0,1,1,2,2,0,2,0,0,2,1,1,0,0,2,0,0,0,1,0,0,0,0,0,1,2,2,1,2,1,1,0,0,1,0,0,0,1,2,2,1,1,1,2,1,1,0,0,1,0,0,0,2,2,0,2,2,1,2,0,0,1,2,0,0,1,0,0,1,1,0,0,1,0,0
Best fitness found so far: -43.0; distance: 12.083045973594572
Generation: 117; 
d: 12.083045973594572; energy: -43.0; 1,2,2,1,2,0,2,0,0,1,1,2,2,0,2,0,0,2,1,1,0,0,2,0,0,0,1,0,0,0,0,0,1,2,2,1,2,1,1,0,0,1,0,0,0,1,2,2,1,1,1,2,1,1,0,0,1,0,0,0,2,2,0,2,2,1,2,0,0,1,2,0,0,1,0,0,1,1,0,0,1,0,0
Best fitness found so far: -43.0; distance: 12.083045973594572
Generation: 118; 
d: 12.083045973594572; energy: -43.0; 1,2,2,1,2,0,2,0,0,1,1,2,2,0,2,0,0,2,1,1,0,0,2,0,0,0,1,0,0,0,0,0,1,2,2,1,2,1,1,0,0,1,0,0,0,1,2,2,1,1,1,2,1,1,0,0,1,0,0,0,2,2,0,2,2,1,2,0,0,1,2,0,0,1,0,0,1,1,2,1,0,2,0
Best fitness found so far: -43.0; distance: 12.083045973594572
Generation: 119; 
d: 12.083045973594572; energy: -43.0; 1,2,2,1,2,0,2,0,0,1,1,2,2,0,2,0,0,2,1,1,0,0,2,0,0,0,1,0,0,0,0,0,1,2,2,1,2,1,1,0,0,1,0,0,0,1,2,2,1,1,1,2,1,1,0,0,1,0,0,0,2,2,0,2,2,1,2,0,0,1,2,0,0,1,0,0,1,1,2,1,0,2,0
Best fitness found so far: -43.0; distance: 12.083045973594572
Generation: 120; 
d: 12.083045973594572; energy: -43.0; 1,2,2,1,2,0,2,0,0,1,1,2,2,0,2,0,0,2,1,1,0,0,2,0,0,0,1,0,0,0,0,0,1,2,2,1,2,1,1,0,0,1,0,0,0,1,2,2,1,1,1,2,1,1,0,0,1,0,0,0,2,2,0,2,2,1,2,0,0,1,2,0,0,1,0,0,1,1,2,1,0,2,0
Best fitness found so far: -43.0; distance: 12.083045973594572
Generation: 121; 
d: 12.083045973594572; energy: -43.0; 1,2,2,1,2,0,2,0,0,1,1,2,2,0,2,0,0,2,1,1,0,0,2,0,0,0,1,0,0,0,0,0,1,2,2,1,2,1,1,0,0,1,0,0,0,1,2,2,1,1,1,2,1,1,0,0,1,0,0,0,2,2,0,2,2,1,2,0,0,1,2,0,0,1,0,0,1,1,2,1,0,2,0
Best fitness found so far: -43.0; distance: 12.083045973594572
Execution: 3
Generation: 122; 
d: 12.083045973594572; energy: -43.0; 1,2,2,1,2,0,2,0,0,1,1,2,2,0,2,0,0,2,1,1,0,0,2,0,0,0,1,0,0,0,0,0,1,2,2,1,2,1,1,0,0,1,0,0,0,1,2,2,1,1,1,2,1,1,0,0,1,0,0,0,2,2,0,2,2,1,2,0,0,1,2,0,0,1,0,0,1,1,2,1,0,2,0
Best fitness found so far: -43.0; distance: 12.083045973594572
Generation: 123; 
d: 17.804493814764857; energy: -30.0; 1,2,2,2,2,2,0,2,0,0,2,2,0,0,1,0,2,1,2,1,0,0,1,0,0,2,0,2,2,2,1,0,1,1,0,0,0,0,2,1,0,0,0,0,1,2,2,1,0,2,2,0,1,0,1,0,1,1,1,1,0,0,2,2,1,2,0,1,2,1,1,1,0,0,1,2,2,0,1,1,2,0,0
Best fitness found so far: -43.0; distance: 12.083045973594572
Generation: 124; 
d: 12.36931687685298; energy: -29.0; 0,0,2,0,0,1,2,2,0,0,1,0,2,2,0,1,0,0,2,0,1,2,2,0,0,2,1,0,2,2,0,2,2,1,1,0,0,1,2,2,1,1,2,0,0,1,1,2,1,0,0,2,0,1,0,1,1,2,2,0,2,2,0,0,2,2,0,2,1,2,0,1,2,0,1,2,2,0,0,1,2,1,2
Best fitness found so far: -43.0; distance: 12.083045973594572
Generation: 125; 
d: 13.92838827718412; energy: -30.0; 2,0,0,2,2,1,1,2,1,1,0,2,2,1,2,0,0,1,2,0,0,1,2,0,0,1,2,1,0,1,2,0,0,1,2,0,2,1,1,2,0,2,2,1,0,0,1,1,2,2,1,1,0,1,1,0,2,2,0,2,2,0,0,2,2,1,1,0,0,1,2,2,0,1,2,2,1,0,2,0,0,0,1
Best fitness found so far: -43.0; distance: 12.083045973594572
Generation: 126; 
d: 13.038404810405298; energy: -31.0; 1,2,2,2,2,2,0,2,0,0,2,2,0,0,1,0,2,1,2,1,0,0,1,0,0,2,0,2,2,2,1,0,1,1,0,0,0,0,2,1,0,0,0,0,1,2,2,1,0,2,2,0,1,0,1,0,1,1,1,1,0,0,2,2,1,1,1,0,1,2,0,0,2,0,0,2,2,0,1,2,2,1,0
Best fitness found so far: -43.0; distance: 12.083045973594572
Generation: 127; 
d: 17.46424919657298; energy: -35.0; 0,1,0,1,0,1,0,0,2,1,2,2,0,0,1,2,0,2,0,1,2,2,1,0,2,1,2,2,0,0,2,0,0,2,2,1,0,1,0,0,2,1,0,1,2,2,1,0,0,2,2,0,0,1,0,1,2,0,2,2,1,2,0,1,2,0,1,1,2,2,1,1,0,0,1,2,2,1,1,1,0,0,2
Best fitness found so far: -43.0; distance: 12.083045973594572
Generation: 128; 
d: 12.649110640673518; energy: -32.0; 2,0,2,0,0,1,2,2,0,0,1,0,2,2,0,1,0,0,2,0,1,2,2,0,0,2,1,0,2,2,0,2,2,1,1,0,0,1,2,2,1,1,2,0,0,1,1,2,1,0,0,2,0,1,0,2,0,0,1,2,0,1,1,0,1,1,2,1,1,2,0,2,2,1,2,2,2,1,0,2,2,1,2
Best fitness found so far: -43.0; distance: 12.083045973594572
Generation: 129; 
d: 17.0; energy: -37.0; 0,1,0,1,0,1,0,0,2,1,2,2,0,0,1,2,0,2,0,1,2,2,1,0,2,1,2,2,0,0,2,0,0,2,2,1,0,1,0,0,2,1,0,1,2,2,1,0,0,2,2,0,0,1,0,1,2,2,2,0,2,2,0,0,2,2,0,2,1,2,0,1,2,0,1,2,2,0,0,2,1,2,2
Best fitness found so far: -43.0; distance: 12.083045973594572
Generation: 130; 
d: 17.0; energy: -37.0; 0,1,0,1,0,1,0,0,2,1,2,2,0,0,1,2,0,2,0,1,2,2,1,0,2,1,2,2,0,0,2,0,0,2,2,1,0,1,0,0,2,1,0,1,2,2,1,0,0,2,2,0,0,1,0,1,1,2,2,0,2,2,0,0,2,2,0,2,1,2,0,1,2,0,1,2,2,0,0,2,1,2,2
Best fitness found so far: -43.0; distance: 12.083045973594572
Generation: 131; 
d: 16.55294535724685; energy: -38.0; 0,0,2,0,0,1,0,0,2,1,2,2,0,0,1,2,0,2,0,1,2,2,1,0,2,1,2,2,0,0,2,0,0,2,2,1,0,1,0,0,2,1,0,1,2,2,1,0,0,2,2,0,0,1,0,1,2,2,2,0,2,2,0,0,2,2,0,2,1,2,0,1,2,0,1,2,2,2,0,2,2,0,1
Best fitness found so far: -43.0; distance: 12.083045973594572
Generation: 132; 
d: 16.55294535724685; energy: -38.0; 0,0,2,0,0,1,0,0,2,1,2,2,0,0,1,2,0,2,0,1,2,2,1,0,2,1,2,2,0,0,2,0,0,2,2,1,0,1,0,0,2,1,0,1,2,2,1,0,0,2,2,0,0,1,0,1,2,2,2,0,2,2,0,0,2,2,0,2,1,2,0,1,2,0,1,2,2,2,0,2,2,0,1
Best fitness found so far: -43.0; distance: 12.083045973594572
Generation: 133; 
d: 16.55294535724685; energy: -38.0; 0,0,2,0,0,1,0,0,2,1,2,2,0,0,1,2,0,2,0,1,2,2,1,0,2,1,2,2,0,0,2,0,0,2,2,1,0,1,0,0,2,1,0,1,2,2,1,0,0,2,2,0,0,1,0,1,2,2,2,0,2,2,0,0,2,2,0,2,1,2,0,1,2,0,1,2,2,2,0,2,2,0,1
Best fitness found so far: -43.0; distance: 12.083045973594572
Generation: 134; 
d: 16.55294535724685; energy: -38.0; 0,0,2,0,0,1,0,0,2,1,2,2,0,0,1,2,0,2,0,1,2,2,1,0,2,1,2,2,0,0,2,0,0,2,2,1,0,1,0,0,2,1,0,1,2,2,1,0,0,2,2,0,0,1,0,1,2,2,2,0,2,2,0,0,2,2,0,2,1,2,0,1,2,0,1,2,2,0,2,2,2,1,2
Best fitness found so far: -43.0; distance: 12.083045973594572
Generation: 135; 
d: 16.55294535724685; energy: -39.0; 0,0,2,0,0,1,0,0,2,1,2,2,0,0,1,2,0,2,0,1,2,2,1,0,2,1,2,2,0,0,2,0,0,2,2,1,0,1,0,0,2,1,0,1,2,2,1,0,0,2,2,0,0,1,0,1,2,2,2,0,2,2,0,0,2,2,0,2,1,2,0,1,2,0,1,2,2,0,0,2,2,1,2
Best fitness found so far: -43.0; distance: 12.083045973594572
Generation: 136; 
d: 16.55294535724685; energy: -39.0; 0,0,2,0,0,1,0,0,2,1,2,2,0,0,1,2,0,2,0,1,2,2,1,0,2,1,2,2,0,0,2,0,0,2,2,1,0,1,0,0,2,1,0,1,2,2,1,0,0,2,2,0,0,1,0,1,2,2,2,0,2,2,0,0,2,2,0,2,1,2,0,1,2,0,1,2,2,2,0,2,2,1,2
Best fitness found so far: -43.0; distance: 12.083045973594572
Generation: 137; 
d: 15.524174696260024; energy: -39.0; 0,0,2,0,0,1,0,0,2,1,2,2,0,0,1,2,0,2,0,1,2,2,1,0,2,1,2,2,0,0,2,0,0,2,2,1,0,1,0,0,2,1,0,1,2,2,1,0,0,2,2,0,0,1,0,1,2,2,2,0,2,2,0,0,2,2,2,0,0,1,1,2,1,0,1,2,2,0,0,2,2,1,2
Best fitness found so far: -43.0; distance: 12.083045973594572
Generation: 138; 
d: 16.492422502470642; energy: -40.0; 0,0,2,1,0,1,0,0,2,1,2,2,0,0,1,2,0,2,0,1,2,2,1,0,2,1,2,2,0,0,2,0,0,2,2,1,0,1,0,0,2,1,0,1,2,2,1,0,0,2,2,0,0,1,0,1,2,2,2,0,2,2,0,0,2,2,0,2,1,2,0,1,2,0,1,2,2,0,0,2,2,1,2
Best fitness found so far: -43.0; distance: 12.083045973594572
Generation: 139; 
d: 14.560219778561036; energy: -40.0; 0,0,2,0,0,1,0,0,2,1,2,2,0,0,1,2,0,2,0,1,2,2,1,0,2,1,2,2,0,0,2,0,0,2,2,1,0,1,0,0,2,1,0,0,2,2,1,0,0,2,2,0,0,1,0,1,2,2,2,0,2,2,0,0,2,2,0,2,1,2,2,2,1,1,2,1,1,2,0,2,2,1,2
Best fitness found so far: -43.0; distance: 12.083045973594572
Generation: 140; 
d: 14.560219778561036; energy: -40.0; 0,0,2,0,0,1,0,0,2,1,2,2,0,0,1,2,0,2,0,1,2,2,1,0,2,1,2,2,0,0,2,0,0,2,2,1,0,1,0,0,2,1,0,1,2,2,1,0,0,2,2,0,0,1,0,1,1,2,2,0,2,2,0,0,2,2,0,2,1,2,2,2,1,1,2,1,1,2,0,2,2,1,2
Best fitness found so far: -43.0; distance: 12.083045973594572
Generation: 141; 
d: 14.560219778561036; energy: -40.0; 0,0,2,0,0,1,0,0,2,1,2,2,0,0,1,2,0,2,0,1,2,2,1,0,2,1,2,2,0,0,2,0,0,2,2,1,0,1,0,0,2,1,0,1,2,2,1,0,0,2,2,0,0,1,0,1,2,2,2,0,2,2,0,0,2,2,0,2,1,2,2,2,1,1,2,1,1,2,0,2,2,1,2
Best fitness found so far: -43.0; distance: 12.083045973594572
Generation: 142; 
d: 14.560219778561036; energy: -41.0; 0,0,2,0,0,1,1,1,0,0,1,2,0,0,1,2,0,2,0,1,2,2,1,0,2,1,2,2,0,0,2,0,0,2,2,1,0,1,0,0,2,1,0,1,2,2,1,0,0,2,2,0,0,1,0,1,2,2,2,0,2,2,0,0,2,2,0,2,1,2,2,2,1,1,2,1,1,2,0,2,2,1,2
Best fitness found so far: -43.0; distance: 12.083045973594572
Generation: 143; 
d: 14.142135623730951; energy: -40.0; 0,0,2,1,0,1,0,0,2,1,2,2,0,0,1,2,0,2,0,1,2,2,1,0,2,1,2,2,0,0,2,0,0,2,2,1,0,1,0,0,2,1,0,0,0,1,1,2,1,0,0,2,0,1,0,1,1,2,2,0,2,2,0,0,2,2,0,2,1,2,0,1,2,0,1,2,2,2,0,2,2,1,1
Best fitness found so far: -43.0; distance: 12.083045973594572
Generation: 144; 
d: 13.601470508735444; energy: -39.0; 1,1,1,1,0,1,0,0,2,1,2,2,0,0,1,2,0,2,0,1,2,2,1,0,2,1,2,2,0,0,2,0,0,2,2,1,0,1,0,0,2,1,0,0,0,1,1,2,1,0,0,2,0,1,0,1,1,2,2,0,2,2,0,0,2,2,0,2,1,2,0,1,2,0,1,2,2,2,0,2,2,1,1
Best fitness found so far: -43.0; distance: 12.083045973594572
Generation: 145; 
d: 14.422205101855956; energy: -39.0; 0,0,2,0,0,1,0,0,2,1,2,2,0,0,1,2,0,2,0,1,2,2,1,0,2,1,2,2,0,0,2,0,0,2,2,1,0,1,0,0,2,1,0,1,2,2,1,0,0,2,2,0,0,1,0,1,2,2,2,0,2,2,0,0,1,0,1,1,2,2,0,1,2,0,1,2,2,0,0,2,2,1,2
Best fitness found so far: -43.0; distance: 12.083045973594572
Generation: 146; 
d: 14.142135623730951; energy: -40.0; 0,0,2,1,0,1,0,0,2,1,2,2,0,0,1,2,0,2,0,1,2,2,1,0,2,1,2,2,0,0,2,0,0,2,2,1,0,1,0,0,2,1,0,0,0,1,1,2,1,0,0,2,0,1,0,1,1,2,2,0,2,2,0,0,2,2,0,2,1,2,0,1,2,0,1,2,2,2,0,2,2,1,1
Best fitness found so far: -43.0; distance: 12.083045973594572
Generation: 147; 
d: 14.560219778561036; energy: -40.0; 0,0,2,0,0,1,0,0,2,1,2,2,0,0,1,2,0,2,0,1,2,2,1,0,2,1,2,2,0,0,2,0,0,2,2,1,0,1,0,0,2,1,0,1,2,2,1,0,0,2,2,0,0,1,0,1,2,2,2,0,2,2,0,0,2,2,0,2,1,2,2,2,1,1,2,1,1,2,0,2,2,1,2
Best fitness found so far: -43.0; distance: 12.083045973594572
Generation: 148; 
d: 14.560219778561036; energy: -41.0; 0,0,2,0,0,1,1,1,0,0,1,2,0,0,1,2,0,2,0,1,2,2,1,0,2,1,2,2,0,0,2,0,0,2,2,1,0,1,0,0,2,1,0,1,2,2,1,0,0,2,2,0,0,1,0,1,2,2,2,0,2,2,0,0,2,2,0,2,1,2,2,2,1,1,2,1,1,2,0,2,2,1,2
Best fitness found so far: -43.0; distance: 12.083045973594572
Generation: 149; 
d: 14.7648230602334; energy: -40.0; 0,0,2,0,0,1,0,0,2,1,2,2,0,0,1,2,0,2,0,1,2,2,1,0,2,1,2,2,0,0,2,0,0,2,2,1,0,1,0,0,2,1,0,1,2,2,1,0,0,2,2,0,0,1,0,1,2,2,2,0,2,2,0,0,2,2,0,2,1,2,2,2,2,0,1,2,2,2,0,2,2,1,2
Best fitness found so far: -43.0; distance: 12.083045973594572
Generation: 150; 
d: 14.560219778561036; energy: -41.0; 0,0,2,0,0,1,1,1,0,0,1,2,0,0,1,2,0,2,0,1,2,2,1,0,2,1,2,2,0,0,2,0,0,2,2,1,0,1,0,0,2,1,0,1,2,2,1,0,0,2,2,0,0,1,0,1,2,2,2,0,2,2,0,0,2,2,0,2,1,2,2,2,1,1,2,1,1,2,0,2,2,1,2
Best fitness found so far: -43.0; distance: 12.083045973594572
Generation: 151; 
d: 14.560219778561036; energy: -41.0; 0,0,2,0,0,1,1,1,0,0,1,2,0,0,1,2,0,2,0,1,2,2,1,0,2,1,2,2,0,0,2,0,0,2,2,1,0,1,0,0,2,1,0,1,2,2,1,0,0,2,2,0,0,1,0,1,2,2,2,0,2,2,0,0,2,2,0,2,1,2,2,2,1,1,2,1,1,2,0,2,2,1,2
Best fitness found so far: -43.0; distance: 12.083045973594572
Generation: 152; 
d: 15.264337522473747; energy: -41.0; 0,0,2,0,0,1,0,0,2,1,2,2,0,0,1,2,0,2,0,1,2,2,1,0,2,1,2,2,0,0,2,0,0,2,2,1,0,1,0,0,2,1,0,1,2,2,1,0,0,2,2,0,0,1,0,1,2,2,2,0,2,2,0,0,2,2,1,2,1,0,2,2,0,0,1,0,1,0,2,0,0,1,1
Best fitness found so far: -43.0; distance: 12.083045973594572
Generation: 153; 
d: 14.560219778561036; energy: -41.0; 0,0,2,0,0,1,1,1,0,0,1,2,0,0,1,2,0,2,0,1,2,2,1,0,2,1,2,2,0,0,2,0,0,2,2,1,0,1,0,0,2,1,0,1,2,2,1,0,0,2,2,0,0,1,0,1,2,2,2,0,2,2,0,0,2,2,0,2,1,2,2,2,1,1,2,1,1,2,0,2,2,1,2
Best fitness found so far: -43.0; distance: 12.083045973594572
Generation: 154; 
d: 13.601470508735444; energy: -41.0; 0,0,2,0,0,1,1,1,0,0,1,2,0,0,1,2,0,2,0,1,2,2,1,0,2,1,2,2,0,0,2,0,0,2,2,1,0,1,0,0,2,1,0,1,2,2,1,0,0,2,2,0,0,1,0,1,2,2,2,0,2,2,0,0,2,2,0,2,1,2,2,2,0,0,1,2,2,2,0,2,2,1,1
Best fitness found so far: -43.0; distance: 12.083045973594572
Generation: 155; 
d: 13.038404810405298; energy: -41.0; 0,0,2,0,0,1,0,1,1,0,1,0,0,0,1,2,0,2,0,1,2,2,1,0,2,1,2,2,0,0,2,0,0,2,2,1,0,1,0,0,2,1,0,1,2,2,1,0,0,2,2,0,0,1,0,1,2,2,2,0,2,2,0,0,2,2,1,2,1,0,2,2,0,0,1,2,2,2,2,2,2,1,2
Best fitness found so far: -43.0; distance: 12.083045973594572
Generation: 156; 
d: 15.297058540778355; energy: -43.0; 0,0,2,1,0,1,0,0,2,1,2,2,0,0,1,2,0,2,0,1,2,2,1,0,2,1,2,2,0,0,2,0,0,2,2,1,0,1,0,0,2,1,0,1,2,2,1,0,0,2,2,0,0,1,0,1,2,2,2,0,2,2,0,0,2,2,1,2,1,2,0,2,2,0,1,2,2,1,0,2,2,1,2
Best fitness found so far: -43.0; distance: 12.083045973594572
Generation: 157; 
d: 15.231546211727817; energy: -42.0; 0,0,2,0,0,1,0,0,2,1,2,2,0,0,1,2,0,2,0,1,2,2,1,0,2,1,2,2,0,0,2,0,0,2,2,1,0,1,0,0,2,1,0,1,2,2,1,0,0,2,2,0,0,1,0,1,2,2,2,0,2,2,0,0,2,2,1,2,1,2,0,2,2,0,1,2,2,1,0,2,2,1,2
Best fitness found so far: -43.0; distance: 12.083045973594572
Generation: 158; 
d: 15.297058540778355; energy: -43.0; 0,0,2,1,0,1,0,0,2,1,2,2,0,0,1,2,0,2,0,1,2,2,1,0,2,1,2,2,0,0,2,0,0,2,2,1,0,1,0,0,2,1,0,1,2,2,1,0,0,2,2,0,0,1,0,1,2,2,2,0,2,2,0,0,2,2,1,2,1,2,0,2,2,0,1,2,2,1,0,2,2,1,2
Best fitness found so far: -43.0; distance: 12.083045973594572
Generation: 159; 
d: 15.297058540778355; energy: -43.0; 0,0,2,1,0,1,0,0,2,1,2,2,0,0,1,2,0,2,0,1,2,2,1,0,2,1,2,2,0,0,2,0,0,2,2,1,0,1,0,0,2,1,0,1,2,2,1,0,0,2,2,0,0,1,0,1,2,2,2,0,2,2,0,0,2,2,1,2,1,2,0,2,2,0,1,2,2,1,0,2,2,1,2
Best fitness found so far: -43.0; distance: 12.083045973594572
Generation: 160; 
d: 13.341664064126334; energy: -44.0; 0,0,2,0,0,1,0,1,1,0,1,0,0,0,1,2,0,2,0,1,2,2,1,0,2,1,2,2,0,0,2,0,0,2,2,1,0,1,0,0,2,1,0,1,2,2,1,0,0,2,2,0,0,1,0,1,2,2,2,0,2,2,0,0,2,2,1,2,1,2,0,2,2,0,1,2,2,1,0,2,2,1,2
Best fitness found so far: -44.0; distance: 13.341664064126334
Generation: 161; 
d: 13.341664064126334; energy: -44.0; 0,0,2,0,0,1,0,1,1,0,1,0,0,0,1,2,0,2,0,1,2,2,1,0,2,1,2,2,0,0,2,0,0,2,2,1,0,1,0,0,2,1,0,1,2,2,1,0,0,2,2,0,0,1,0,1,2,2,2,0,2,2,0,0,2,2,1,2,1,2,0,2,2,0,1,2,2,1,0,2,2,1,2
Best fitness found so far: -44.0; distance: 13.341664064126334
Generation: 162; 
d: 13.341664064126334; energy: -44.0; 0,0,2,0,0,1,0,1,1,0,1,0,0,0,1,2,0,2,0,1,2,2,1,0,2,1,2,2,0,0,2,0,0,2,2,1,0,1,0,0,2,1,0,1,2,2,1,0,0,2,2,0,0,1,0,1,2,2,2,0,2,2,0,0,2,2,1,2,1,2,0,2,2,0,1,2,2,1,0,2,2,1,2
Best fitness found so far: -44.0; distance: 13.341664064126334
Generation: 163; 
d: 13.341664064126334; energy: -44.0; 0,0,2,0,0,1,0,1,1,0,1,0,0,0,1,2,0,2,0,1,2,2,1,0,2,1,2,2,0,0,2,0,0,2,2,1,0,1,0,0,2,1,0,1,2,2,1,0,0,2,2,0,0,1,0,1,2,2,2,0,2,2,0,0,2,2,1,2,1,2,0,2,2,0,1,2,2,1,0,2,2,1,2
Best fitness found so far: -44.0; distance: 13.341664064126334
Generation: 164; 
d: 13.341664064126334; energy: -44.0; 0,0,2,0,0,1,0,1,1,0,1,0,0,0,1,2,0,2,0,1,2,2,1,0,2,1,2,2,0,0,2,0,0,2,2,1,0,1,0,0,2,1,0,1,2,2,1,0,0,2,2,0,0,1,0,1,2,2,2,0,2,2,0,0,2,2,1,2,1,2,0,2,2,0,1,2,2,1,0,2,2,1,2
Best fitness found so far: -44.0; distance: 13.341664064126334
Generation: 165; 
d: 13.341664064126334; energy: -44.0; 0,0,2,0,0,1,0,1,1,0,1,0,0,0,1,2,0,2,0,1,2,2,1,0,2,1,2,2,0,0,2,0,0,2,2,1,0,1,0,0,2,1,0,1,2,2,1,0,0,2,2,0,0,1,0,1,2,2,2,0,2,2,0,0,2,2,1,2,1,2,0,2,2,0,1,2,2,1,0,2,2,1,2
Best fitness found so far: -44.0; distance: 13.341664064126334
Generation: 166; 
d: 13.341664064126334; energy: -44.0; 0,0,2,0,0,1,0,1,1,0,1,0,0,0,1,2,0,2,0,1,2,2,1,0,2,1,2,2,0,0,2,0,0,2,2,1,0,1,0,0,2,1,0,1,2,2,1,0,0,2,2,0,0,1,0,1,2,2,2,0,2,2,0,0,2,2,1,2,1,2,0,2,2,0,1,2,2,1,0,2,2,1,2
Best fitness found so far: -44.0; distance: 13.341664064126334
Generation: 167; 
d: 13.341664064126334; energy: -44.0; 0,0,2,0,0,1,0,1,1,0,1,0,0,0,1,2,0,2,0,1,2,2,1,0,2,1,2,2,0,0,2,0,0,2,2,1,0,1,0,0,2,1,0,1,2,2,1,0,0,2,2,0,0,1,0,1,2,2,2,0,2,2,0,0,2,2,1,2,1,2,0,2,2,0,1,2,2,1,0,2,2,1,2
Best fitness found so far: -44.0; distance: 13.341664064126334
Generation: 168; 
d: 13.341664064126334; energy: -44.0; 0,0,2,0,0,1,0,1,1,0,1,0,0,0,1,2,0,2,0,1,2,2,1,0,2,1,2,2,0,0,2,0,0,2,2,1,0,1,0,0,2,1,0,1,2,2,1,0,0,2,2,0,0,1,0,1,2,2,2,0,2,2,0,0,2,2,1,2,1,2,0,2,2,0,1,2,2,1,0,2,2,1,2
Best fitness found so far: -44.0; distance: 13.341664064126334
Generation: 169; 
d: 12.041594578792296; energy: -46.0; 0,0,2,0,0,1,0,1,1,0,1,0,0,0,1,2,0,2,0,1,2,2,1,0,2,1,2,2,0,0,2,0,0,2,2,1,0,1,0,0,2,1,0,1,2,2,1,0,0,2,2,0,0,1,0,1,2,2,2,0,2,2,2,1,0,0,2,0,1,2,0,2,2,0,1,2,2,1,0,2,2,1,2
Best fitness found so far: -46.0; distance: 12.041594578792296
Generation: 170; 
d: 12.041594578792296; energy: -46.0; 0,0,2,0,0,1,0,1,1,0,1,0,0,0,1,2,0,2,0,1,2,2,1,0,2,1,2,2,0,0,2,0,0,2,2,1,0,1,0,0,2,1,0,1,2,2,1,0,0,2,2,0,0,1,0,1,2,2,2,0,2,2,2,1,0,0,2,0,1,2,0,2,2,0,1,2,2,1,0,2,2,1,2
Best fitness found so far: -46.0; distance: 12.041594578792296
Generation: 171; 
d: 12.041594578792296; energy: -47.0; 0,0,2,0,0,1,0,1,1,0,1,0,0,0,1,2,0,2,0,1,2,2,1,0,2,1,2,2,0,0,2,0,0,2,2,1,0,1,0,0,2,1,0,1,2,2,1,0,0,2,2,0,0,1,0,1,2,2,2,0,2,2,2,1,0,0,2,0,1,2,0,2,2,0,1,2,2,1,0,2,2,1,1
Best fitness found so far: -47.0; distance: 12.041594578792296
Generation: 172; 
d: 12.041594578792296; energy: -47.0; 0,0,2,0,0,1,0,1,1,0,1,0,0,0,1,2,0,2,0,1,2,2,1,0,2,1,2,2,0,0,2,0,0,2,2,1,0,1,0,0,2,1,0,1,2,2,1,0,0,2,2,0,0,1,0,1,2,2,2,0,2,2,2,1,0,0,2,0,1,2,0,2,2,0,1,2,2,1,0,2,2,1,1
Best fitness found so far: -47.0; distance: 12.041594578792296
Generation: 173; 
d: 12.041594578792296; energy: -47.0; 0,0,2,0,0,1,0,1,1,0,1,0,0,0,1,2,0,2,0,1,2,2,1,0,2,1,2,2,0,0,2,0,0,2,2,1,0,1,0,0,2,1,0,1,2,2,1,0,0,2,2,0,0,1,0,1,2,2,2,0,2,2,2,1,0,0,2,0,1,2,0,2,2,0,1,2,2,1,0,2,2,1,1
Best fitness found so far: -47.0; distance: 12.041594578792296
Generation: 174; 
d: 12.041594578792296; energy: -47.0; 0,0,2,0,0,1,0,1,1,0,1,0,0,0,1,2,0,2,0,1,2,2,1,0,2,1,2,2,0,0,2,0,0,2,2,1,0,1,0,0,2,1,0,1,2,2,1,0,0,2,2,0,0,1,0,1,2,2,2,0,2,2,2,1,0,0,2,0,1,2,0,2,2,0,1,2,2,1,0,2,2,1,1
Best fitness found so far: -47.0; distance: 12.041594578792296
Generation: 175; 
d: 12.041594578792296; energy: -47.0; 0,0,2,0,0,1,0,1,1,0,1,0,0,0,1,2,0,2,0,1,2,2,1,0,2,1,2,2,0,0,2,0,0,2,2,1,0,1,0,0,2,1,0,1,2,2,1,0,0,2,2,0,0,1,0,1,2,2,2,0,2,2,2,1,0,0,2,0,1,2,0,2,2,0,1,2,2,1,0,2,2,1,1
Best fitness found so far: -47.0; distance: 12.041594578792296
Generation: 176; 
d: 12.041594578792296; energy: -47.0; 0,0,2,0,0,1,0,1,1,0,1,0,0,0,1,2,0,2,0,1,2,2,1,0,2,1,2,2,0,0,2,0,0,2,2,1,0,1,0,0,2,1,0,1,2,2,1,0,0,2,2,0,0,1,0,1,2,2,2,0,2,2,2,1,0,0,2,0,1,2,0,2,2,0,1,2,2,1,0,2,2,1,1
Best fitness found so far: -47.0; distance: 12.041594578792296
Generation: 177; 
d: 12.041594578792296; energy: -47.0; 0,0,2,0,0,1,0,1,1,0,1,0,0,0,1,2,0,2,0,1,2,2,1,0,2,1,2,2,0,0,2,0,0,2,2,1,0,1,0,0,2,1,0,1,2,2,1,0,0,2,2,0,0,1,0,1,2,2,2,0,2,2,2,1,0,0,2,0,1,2,0,2,2,0,1,2,2,1,0,2,2,1,1
Best fitness found so far: -47.0; distance: 12.041594578792296
Generation: 178; 
d: 12.041594578792296; energy: -47.0; 0,0,2,0,0,1,0,1,1,0,1,0,0,0,1,2,0,2,0,1,2,2,1,0,2,1,2,2,0,0,2,0,0,2,2,1,0,1,0,0,2,1,0,1,2,2,1,0,0,2,2,0,0,1,0,1,2,2,2,0,2,2,2,1,0,0,2,0,1,2,0,2,2,0,1,2,2,1,0,2,2,1,1
Best fitness found so far: -47.0; distance: 12.041594578792296
Generation: 179; 
d: 12.041594578792296; energy: -47.0; 0,0,2,0,0,1,0,1,1,0,1,0,0,0,1,2,0,2,0,1,2,2,1,0,2,1,2,2,0,0,2,0,0,2,2,1,0,1,0,0,2,1,0,1,2,2,1,0,0,2,2,0,0,1,0,1,2,2,2,0,2,2,2,1,0,0,2,0,1,2,0,2,2,0,1,2,2,1,0,2,2,1,1
Best fitness found so far: -47.0; distance: 12.041594578792296
Generation: 180; 
d: 12.041594578792296; energy: -47.0; 0,0,2,0,0,1,0,1,1,0,1,0,0,0,1,2,0,2,0,1,2,2,1,0,2,1,2,2,0,0,2,0,0,2,2,1,0,1,0,0,2,1,0,1,2,2,1,0,0,2,2,0,0,1,0,1,2,2,2,0,2,2,2,1,0,0,2,0,1,2,0,2,2,0,1,2,2,1,0,2,2,1,1
Best fitness found so far: -47.0; distance: 12.041594578792296
Generation: 181; 
d: 12.041594578792296; energy: -47.0; 0,0,2,0,0,1,0,1,1,0,1,0,0,0,1,2,0,2,0,1,2,2,1,0,2,1,2,2,0,0,2,0,0,2,2,1,0,1,0,0,2,1,0,1,2,2,1,0,0,2,2,0,0,1,0,1,2,2,2,0,2,2,2,1,0,0,2,0,1,2,0,2,2,0,1,2,2,1,0,2,2,1,1
Best fitness found so far: -47.0; distance: 12.041594578792296
Generation: 182; 
d: 12.041594578792296; energy: -47.0; 0,0,2,0,0,1,0,1,1,0,1,0,0,0,1,2,0,2,0,1,2,2,1,0,2,1,2,2,0,0,2,0,0,2,2,1,0,1,0,0,2,1,0,1,2,2,1,0,0,2,2,0,0,1,0,1,2,2,2,0,2,2,2,1,0,0,2,0,1,2,0,2,2,0,1,2,2,1,0,2,2,1,1
Best fitness found so far: -47.0; distance: 12.041594578792296
Execution: 4
Generation: 183; 
d: 12.041594578792296; energy: -47.0; 0,0,2,0,0,1,0,1,1,0,1,0,0,0,1,2,0,2,0,1,2,2,1,0,2,1,2,2,0,0,2,0,0,2,2,1,0,1,0,0,2,1,0,1,2,2,1,0,0,2,2,0,0,1,0,1,2,2,2,0,2,2,2,1,0,0,2,0,1,2,0,2,2,0,1,2,2,1,0,2,2,1,1
Best fitness found so far: -47.0; distance: 12.041594578792296
Generation: 184; 
d: 17.804493814764857; energy: -27.0; 1,2,1,0,1,0,0,0,0,0,0,0,0,1,1,2,2,1,0,0,2,2,0,0,1,1,0,0,0,1,2,1,1,0,1,0,2,0,1,0,2,2,2,1,1,2,0,2,0,2,1,1,1,2,1,1,2,2,0,2,1,0,2,0,1,0,1,2,0,2,0,1,0,2,0,0,1,2,0,2,0,2,1
Best fitness found so far: -47.0; distance: 12.041594578792296
Generation: 185; 
d: 15.264337522473747; energy: -28.0; 1,1,0,0,2,0,0,1,2,2,0,0,1,1,2,2,1,0,0,1,2,1,0,0,2,0,0,2,2,0,0,2,1,0,0,2,2,1,2,0,1,0,1,2,1,1,2,2,1,0,0,2,1,1,2,2,0,2,0,1,0,0,2,2,1,1,1,1,1,0,0,2,2,0,2,2,1,0,0,2,0,0,2
Best fitness found so far: -47.0; distance: 12.041594578792296
Generation: 186; 
d: 15.524174696260024; energy: -31.0; 1,2,0,0,1,2,2,1,1,2,0,1,0,1,1,2,2,1,0,2,2,0,0,2,2,1,2,0,1,0,2,0,2,1,1,1,2,1,1,1,2,2,0,2,2,0,2,1,1,2,0,0,2,0,1,1,0,0,1,2,2,0,1,1,2,1,2,1,2,0,0,1,0,2,2,1,1,2,2,0,0,1,2
Best fitness found so far: -47.0; distance: 12.041594578792296
Generation: 187; 
d: 14.317821063276353; energy: -33.0; 1,2,1,0,2,2,1,2,1,0,1,2,1,0,2,2,0,0,2,1,0,0,1,2,0,0,2,2,0,0,1,2,2,1,0,0,1,1,0,2,2,0,1,2,1,1,2,2,1,1,0,1,1,2,1,0,2,2,1,1,1,0,1,0,0,2,1,1,1,2,2,0,0,1,0,1,1,0,2,1,0,2,1
Best fitness found so far: -47.0; distance: 12.041594578792296
Generation: 188; 
d: 13.0; energy: -35.0; 1,2,1,0,2,2,1,2,1,0,1,2,1,0,2,2,0,0,2,1,0,0,1,2,0,0,2,2,0,0,1,2,2,1,0,0,1,1,0,2,2,0,1,2,1,1,2,2,1,1,0,1,1,2,1,0,2,2,1,1,1,0,1,0,0,2,1,1,2,2,0,1,1,0,0,2,0,1,2,2,1,0,0
Best fitness found so far: -47.0; distance: 12.041594578792296
Generation: 189; 
d: 15.524174696260024; energy: -34.0; 1,2,1,0,2,2,1,2,1,0,1,2,1,0,2,2,0,0,2,1,0,0,1,2,0,0,2,2,0,0,1,2,2,1,0,0,1,1,0,2,2,0,1,2,1,1,2,2,1,1,0,1,1,2,1,0,2,2,1,1,1,0,1,0,0,2,0,2,2,1,1,1,1,2,2,1,1,2,2,0,0,2,0
Best fitness found so far: -47.0; distance: 12.041594578792296
Generation: 190; 
d: 15.297058540778355; energy: -34.0; 1,2,1,0,2,2,1,2,1,0,1,2,1,0,2,2,0,0,2,1,0,0,1,2,0,0,2,2,0,0,1,2,2,1,0,0,1,1,0,2,2,0,1,2,1,1,2,2,1,1,0,1,1,2,1,0,2,2,1,1,1,0,1,0,0,2,1,1,1,0,0,2,2,1,2,0,1,0,0,2,0,1,0
Best fitness found so far: -47.0; distance: 12.041594578792296
Generation: 191; 
d: 15.524174696260024; energy: -36.0; 1,2,1,0,2,2,1,2,1,0,1,2,1,0,2,2,0,0,2,1,0,0,1,2,0,0,2,2,0,0,1,2,2,1,0,0,1,1,0,2,2,0,1,2,1,2,2,0,0,1,0,2,1,0,1,1,0,0,1,2,2,0,1,1,2,1,2,1,2,0,0,1,0,2,2,1,1,2,2,0,0,1,2
Best fitness found so far: -47.0; distance: 12.041594578792296
Generation: 192; 
d: 14.212670403551895; energy: -37.0; 1,2,1,0,2,2,1,2,1,0,1,2,1,0,2,2,0,0,2,1,0,0,1,2,0,0,2,2,0,0,1,2,2,1,0,0,1,1,0,2,2,0,1,2,1,1,2,2,1,1,0,1,1,2,1,0,2,2,1,1,1,0,1,0,0,2,1,1,2,1,1,1,1,2,2,1,1,2,2,0,0,2,0
Best fitness found so far: -47.0; distance: 12.041594578792296
Generation: 193; 
d: 14.212670403551895; energy: -37.0; 1,2,1,0,2,2,1,2,1,0,1,2,1,0,2,2,0,0,2,1,0,0,1,2,0,0,2,2,0,0,1,2,2,1,0,0,1,1,0,2,2,0,1,2,1,1,2,2,1,1,0,1,1,2,1,0,2,2,1,1,1,0,1,0,0,2,1,1,2,1,1,1,1,2,2,1,1,2,2,0,0,2,0
Best fitness found so far: -47.0; distance: 12.041594578792296
Generation: 194; 
d: 13.0; energy: -37.0; 1,2,1,0,2,2,1,2,1,0,1,2,1,0,2,2,0,0,2,1,0,0,1,2,0,0,2,2,0,0,1,2,2,1,0,0,1,1,0,2,2,0,1,2,1,1,2,2,1,1,0,1,1,2,1,0,2,2,1,1,1,0,1,0,0,2,1,1,2,2,0,1,1,0,0,2,0,1,2,2,0,0,0
Best fitness found so far: -47.0; distance: 12.041594578792296
Generation: 195; 
d: 13.0; energy: -37.0; 1,2,1,0,2,2,1,2,1,0,1,2,1,0,2,2,0,0,2,1,0,0,1,2,0,0,2,2,0,0,1,2,2,1,0,0,1,1,0,2,2,0,1,2,1,1,2,2,1,1,0,1,1,2,1,0,2,2,1,1,1,0,1,0,0,2,1,1,2,2,0,1,1,0,0,2,2,2,2,0,0,1,0
Best fitness found so far: -47.0; distance: 12.041594578792296
Generation: 196; 
d: 13.0; energy: -37.0; 1,2,1,0,2,2,1,2,1,0,1,2,1,0,2,2,0,0,2,1,0,0,1,2,0,0,2,2,0,0,1,2,2,1,0,0,1,1,0,2,2,0,1,2,1,1,2,2,1,1,0,1,1,2,1,0,2,2,1,1,1,0,1,0,0,2,1,1,2,2,0,1,1,0,0,2,2,2,2,0,0,1,0
Best fitness found so far: -47.0; distance: 12.041594578792296
Generation: 197; 
d: 14.212670403551895; energy: -37.0; 1,2,1,0,2,2,1,2,1,0,1,2,1,0,2,2,0,0,2,1,0,0,1,2,0,0,2,2,0,0,1,2,2,1,0,0,1,1,0,2,2,0,1,2,1,1,2,2,1,1,0,1,1,2,1,0,2,2,1,1,1,0,1,0,0,2,1,1,2,1,1,1,1,2,2,1,1,2,2,0,0,2,0
Best fitness found so far: -47.0; distance: 12.041594578792296
Generation: 198; 
d: 13.0; energy: -37.0; 1,2,1,0,2,2,1,2,1,0,1,2,1,0,2,2,0,0,2,1,0,0,1,2,0,0,2,2,0,0,1,2,2,1,0,0,1,1,0,2,2,0,1,2,1,1,2,2,1,1,0,1,1,2,1,0,2,2,1,1,1,0,1,0,0,1,1,1,2,2,0,1,1,0,0,2,2,2,2,0,0,1,0
Best fitness found so far: -47.0; distance: 12.041594578792296
Generation: 199; 
d: 13.0; energy: -37.0; 1,2,1,0,2,2,1,2,1,0,1,2,1,0,2,2,0,0,2,1,0,0,1,2,0,0,2,2,0,0,1,2,2,1,0,0,1,1,0,2,2,0,1,2,1,1,2,2,1,1,0,1,1,2,1,0,2,2,1,1,1,0,1,0,0,2,1,1,2,2,0,1,1,0,0,2,1,0,2,0,0,0,0
Best fitness found so far: -47.0; distance: 12.041594578792296
Generation: 200; 
d: 13.0; energy: -37.0; 1,2,1,0,2,2,1,2,1,0,1,2,1,0,2,2,0,0,2,1,0,0,1,2,0,0,2,2,0,0,1,2,2,1,0,0,1,1,0,2,2,0,1,2,1,1,2,2,1,1,0,1,1,2,1,0,2,2,1,1,1,0,1,0,0,2,1,1,2,2,0,1,1,0,0,2,0,1,2,0,0,1,0
Best fitness found so far: -47.0; distance: 12.041594578792296
Generation: 201; 
d: 12.36931687685298; energy: -38.0; 1,2,1,0,0,0,0,0,0,0,2,2,1,0,2,2,0,0,2,1,0,0,1,2,0,0,2,2,0,0,1,2,2,1,0,0,1,1,0,2,2,0,1,2,1,1,2,2,1,1,0,1,1,2,1,0,2,2,1,1,1,0,1,0,0,2,1,1,2,2,0,1,1,0,0,2,2,2,2,0,0,1,0
Best fitness found so far: -47.0; distance: 12.041594578792296
Generation: 202; 
d: 11.661903789690601; energy: -37.0; 1,2,1,0,2,2,1,2,1,0,1,2,1,0,2,2,0,0,2,1,0,0,1,2,0,0,2,2,0,0,1,2,2,1,0,0,1,1,0,2,2,0,1,2,1,1,2,2,1,1,0,1,1,2,1,0,2,2,1,1,1,0,1,0,0,1,0,0,0,1,0,1,0,0,1,1,0,0,1,1,0,0,0
Best fitness found so far: -47.0; distance: 12.041594578792296
Generation: 203; 
d: 12.529964086141668; energy: -37.0; 1,2,1,0,0,0,0,0,0,0,2,2,1,0,2,2,0,0,2,1,0,0,1,2,0,0,2,2,0,0,1,2,2,1,0,0,1,1,0,2,2,0,1,2,1,1,2,2,1,1,0,1,1,2,1,0,2,2,1,1,1,0,1,0,0,1,0,0,0,1,0,2,2,1,0,0,1,1,1,1,0,0,0
Best fitness found so far: -47.0; distance: 12.041594578792296
Generation: 204; 
d: 12.36931687685298; energy: -38.0; 1,2,1,0,0,0,0,0,0,0,2,2,1,0,2,2,0,0,2,1,0,0,1,2,0,0,2,2,0,0,1,2,2,1,0,0,1,1,0,2,2,0,1,2,1,1,2,2,1,1,0,1,1,2,1,0,2,2,1,1,1,0,1,0,0,2,1,1,2,2,0,1,1,0,0,2,2,2,2,0,0,1,0
Best fitness found so far: -47.0; distance: 12.041594578792296
Generation: 205; 
d: 12.36931687685298; energy: -38.0; 1,2,1,0,0,0,0,0,0,0,2,2,1,0,2,2,0,0,2,1,0,0,1,2,0,0,2,2,0,0,1,2,2,1,0,0,1,1,0,2,2,0,1,2,1,1,2,2,1,1,0,1,1,2,1,0,2,2,1,1,1,0,1,0,0,2,1,1,2,2,0,1,1,0,0,2,2,2,2,0,0,1,0
Best fitness found so far: -47.0; distance: 12.041594578792296
Generation: 206; 
d: 11.40175425099138; energy: -38.0; 1,2,1,0,0,0,0,0,0,0,2,2,1,0,2,2,0,0,2,1,0,0,1,2,0,0,2,2,0,0,1,2,2,1,0,0,1,1,0,2,2,0,1,2,1,1,2,2,1,1,0,1,1,2,1,0,2,2,1,1,1,0,1,0,0,1,0,0,0,1,0,1,0,0,1,1,0,0,1,1,0,0,0
Best fitness found so far: -47.0; distance: 12.041594578792296
Generation: 207; 
d: 11.40175425099138; energy: -38.0; 1,2,1,0,0,0,0,0,0,0,2,2,1,0,2,2,0,0,2,1,0,0,1,2,0,0,2,2,0,0,1,2,2,1,0,0,1,1,0,2,2,0,1,2,1,1,2,2,1,1,0,1,1,2,1,0,2,2,1,1,1,0,1,0,0,1,0,0,0,1,0,1,0,0,1,1,0,0,1,1,0,0,0
Best fitness found so far: -47.0; distance: 12.041594578792296
Generation: 208; 
d: 12.36931687685298; energy: -38.0; 1,2,1,0,0,0,0,0,0,0,2,2,1,0,2,2,0,0,2,1,0,0,1,2,0,0,2,2,0,0,1,2,2,1,0,0,1,1,0,2,2,0,1,2,1,1,2,2,1,1,0,1,1,2,1,0,2,2,1,1,1,0,1,0,0,2,1,1,2,2,0,1,1,0,0,2,2,2,2,0,0,0,0
Best fitness found so far: -47.0; distance: 12.041594578792296
Generation: 209; 
d: 11.40175425099138; energy: -38.0; 1,2,1,0,0,0,0,0,0,0,2,2,1,0,2,2,0,0,2,1,0,0,1,2,0,0,2,2,0,0,1,2,2,1,0,0,1,1,0,2,2,0,1,2,1,1,2,2,1,1,0,1,1,2,1,0,2,2,1,1,1,0,1,0,0,1,0,0,0,1,0,1,0,0,1,1,0,0,1,1,0,0,0
Best fitness found so far: -47.0; distance: 12.041594578792296
Generation: 210; 
d: 11.40175425099138; energy: -38.0; 1,2,1,0,0,0,0,0,0,0,2,2,1,0,2,2,0,0,2,1,0,0,1,2,0,0,2,2,0,0,1,2,2,1,0,0,1,1,0,2,2,0,1,2,1,1,2,2,1,1,0,1,1,2,1,0,2,2,1,1,1,0,1,0,0,1,0,0,0,1,0,1,0,0,1,1,0,0,1,1,0,0,0
Best fitness found so far: -47.0; distance: 12.041594578792296
Generation: 211; 
d: 11.40175425099138; energy: -38.0; 1,2,1,0,0,0,0,0,0,0,2,2,1,0,2,2,0,0,2,1,0,0,1,2,0,0,2,2,0,0,1,2,2,1,0,0,1,1,0,2,2,0,1,2,1,1,2,2,1,1,0,1,1,2,1,0,2,2,1,1,1,0,1,0,0,1,0,0,0,1,0,1,0,0,1,1,0,0,1,1,0,0,0
Best fitness found so far: -47.0; distance: 12.041594578792296
Generation: 212; 
d: 12.36931687685298; energy: -38.0; 1,2,1,0,0,0,0,0,0,0,2,2,1,0,2,2,0,0,2,1,0,0,1,2,0,0,2,2,0,0,1,2,2,1,0,0,1,1,0,2,2,0,1,2,1,1,2,2,1,1,0,1,1,2,1,0,2,2,1,1,1,0,1,0,0,2,1,1,2,2,0,1,1,0,0,2,2,2,2,0,0,0,0
Best fitness found so far: -47.0; distance: 12.041594578792296
Generation: 213; 
d: 13.152946437965905; energy: -39.0; 1,2,1,0,0,0,0,0,0,0,2,2,1,0,2,2,0,0,2,1,0,0,1,2,0,0,2,2,0,0,1,2,2,1,0,0,1,1,0,2,2,0,1,2,1,1,2,2,1,1,0,1,1,2,1,0,2,2,1,2,0,1,2,2,1,1,0,0,0,1,0,1,0,0,1,1,0,0,1,1,0,0,0
Best fitness found so far: -47.0; distance: 12.041594578792296
Generation: 214; 
d: 13.152946437965905; energy: -39.0; 1,2,1,0,0,0,0,0,0,0,2,2,1,0,2,2,0,0,2,1,0,0,1,2,0,0,2,2,0,0,1,2,2,1,0,0,1,1,0,2,2,0,1,2,1,1,2,2,1,1,0,1,1,2,1,0,2,2,1,2,0,1,2,2,1,1,0,0,0,1,0,1,0,0,1,1,0,0,1,1,0,0,0
Best fitness found so far: -47.0; distance: 12.041594578792296
Generation: 215; 
d: 13.152946437965905; energy: -39.0; 1,2,1,0,0,0,0,0,0,0,2,2,1,0,2,2,0,0,2,1,0,0,1,2,0,0,2,2,0,0,1,2,2,1,0,0,1,1,0,2,2,0,1,2,1,1,2,2,1,1,0,1,1,2,1,0,2,2,1,2,0,1,2,2,1,1,0,0,0,1,0,1,0,0,1,1,0,0,1,1,0,0,0
Best fitness found so far: -47.0; distance: 12.041594578792296
Generation: 216; 
d: 13.152946437965905; energy: -39.0; 1,2,1,0,0,0,0,0,0,0,2,2,1,0,2,2,0,0,2,1,0,0,1,2,0,0,2,2,0,0,1,2,2,1,0,0,1,1,0,2,2,0,1,2,1,1,2,2,1,1,0,1,1,2,1,0,2,2,1,2,0,1,2,2,1,1,0,0,0,1,0,1,0,0,1,1,0,0,1,1,0,0,0
Best fitness found so far: -47.0; distance: 12.041594578792296
Generation: 217; 
d: 13.152946437965905; energy: -39.0; 1,2,1,0,0,0,0,0,0,0,2,2,1,0,2,2,0,0,2,1,0,0,1,2,0,0,2,2,0,0,1,2,2,1,0,0,1,1,0,2,2,0,1,2,1,1,2,2,1,1,0,1,1,2,1,0,2,2,1,2,0,1,2,2,1,1,0,0,0,1,0,1,0,0,1,1,0,0,1,1,0,0,0
Best fitness found so far: -47.0; distance: 12.041594578792296
Generation: 218; 
d: 13.152946437965905; energy: -39.0; 1,2,1,0,0,0,0,0,0,0,2,2,1,0,2,2,0,0,2,1,0,0,1,2,0,0,2,2,0,0,1,2,2,1,0,0,1,1,0,2,2,0,1,2,1,1,2,2,1,1,0,1,1,2,1,0,2,2,1,2,0,1,2,2,1,1,0,0,0,1,0,1,0,0,1,1,0,0,1,1,0,0,0
Best fitness found so far: -47.0; distance: 12.041594578792296
Generation: 219; 
d: 13.152946437965905; energy: -39.0; 1,2,1,0,0,0,0,0,0,0,2,2,1,0,2,2,0,0,2,1,0,0,1,2,0,0,2,2,0,0,1,2,2,1,0,0,1,1,0,2,2,0,1,2,1,1,2,2,1,1,0,1,1,2,1,0,2,2,1,2,0,1,2,2,1,1,0,0,0,1,0,1,0,0,1,1,0,0,1,1,0,1,0
Best fitness found so far: -47.0; distance: 12.041594578792296
Generation: 220; 
d: 12.36931687685298; energy: -38.0; 1,2,1,0,0,0,0,0,0,0,2,2,1,0,2,2,0,0,2,1,0,0,1,2,0,0,2,2,0,0,1,2,2,1,0,0,1,1,0,2,2,0,1,2,1,1,2,2,1,1,0,1,1,2,1,0,2,2,1,1,1,0,1,0,0,2,1,1,2,2,0,1,1,0,0,2,2,2,2,0,0,1,0
Best fitness found so far: -47.0; distance: 12.041594578792296
Generation: 221; 
d: 12.649110640673518; energy: -39.0; 1,2,1,0,0,0,0,0,0,0,2,2,1,0,2,2,0,0,2,1,0,0,1,2,0,0,2,2,0,0,1,2,2,1,0,0,1,1,0,2,2,0,1,2,1,1,2,2,1,1,0,1,1,2,1,0,2,2,1,2,0,1,0,0,0,2,1,0,0,1,0,1,0,0,1,1,0,0,1,1,0,0,0
Best fitness found so far: -47.0; distance: 12.041594578792296
Generation: 222; 
d: 12.649110640673518; energy: -39.0; 1,2,1,0,0,0,0,0,0,0,2,2,1,0,2,2,0,0,2,1,0,0,1,2,0,0,2,2,0,0,1,2,2,1,0,0,1,1,0,2,2,0,1,2,1,1,2,2,1,1,0,1,1,2,1,0,2,2,1,2,0,1,0,0,0,2,1,0,0,1,0,1,0,0,1,1,0,0,1,1,0,0,0
Best fitness found so far: -47.0; distance: 12.041594578792296
Generation: 223; 
d: 12.649110640673518; energy: -39.0; 1,2,1,0,0,0,0,0,0,0,2,2,1,0,2,2,0,0,2,1,0,0,1,2,0,0,2,2,0,0,1,2,2,1,0,0,1,1,0,2,2,0,1,2,1,1,2,2,1,1,0,1,1,2,1,0,2,2,1,2,0,1,0,0,0,2,1,0,0,1,0,1,0,0,1,1,0,0,1,1,0,0,0
Best fitness found so far: -47.0; distance: 12.041594578792296
Generation: 224; 
d: 12.649110640673518; energy: -39.0; 1,2,1,0,0,0,0,0,0,0,2,2,1,0,2,2,0,0,2,1,0,0,1,2,0,0,2,2,0,0,1,2,2,1,0,0,1,1,0,2,2,0,1,2,1,1,2,2,1,1,0,1,1,2,1,0,2,2,1,2,0,1,0,0,0,2,1,0,0,1,0,1,0,0,1,1,0,0,1,1,0,0,0
Best fitness found so far: -47.0; distance: 12.041594578792296
Generation: 225; 
d: 12.649110640673518; energy: -39.0; 1,2,1,0,0,0,0,0,0,0,2,2,1,0,2,2,0,0,2,1,0,0,1,2,0,0,2,2,0,0,1,2,2,1,0,0,1,1,0,2,2,0,1,2,1,1,2,2,1,1,0,1,1,2,1,0,2,2,1,2,0,1,0,0,0,2,1,0,0,1,0,1,0,0,1,1,0,0,1,1,0,0,0
Best fitness found so far: -47.0; distance: 12.041594578792296
Generation: 226; 
d: 12.649110640673518; energy: -39.0; 1,2,1,0,0,0,0,0,0,0,2,2,1,0,2,2,0,0,2,1,0,0,1,2,0,0,2,2,0,0,1,2,2,1,0,0,1,1,0,2,2,0,1,2,1,1,2,2,1,1,0,1,1,2,1,0,2,2,1,2,0,1,0,0,0,2,1,0,0,1,0,1,0,0,1,1,0,0,1,1,0,0,0
Best fitness found so far: -47.0; distance: 12.041594578792296
Generation: 227; 
d: 12.649110640673518; energy: -39.0; 1,2,1,0,0,0,0,0,0,0,2,2,1,0,2,2,0,0,2,1,0,0,1,2,0,0,2,2,0,0,1,2,2,1,0,0,1,1,0,2,2,0,1,2,1,1,2,2,1,1,0,1,1,2,1,0,2,2,1,2,0,1,0,0,0,2,1,0,0,1,0,1,0,0,1,1,0,0,1,1,0,0,0
Best fitness found so far: -47.0; distance: 12.041594578792296
Generation: 228; 
d: 12.649110640673518; energy: -39.0; 1,2,1,0,0,0,0,0,0,0,2,2,1,0,2,2,0,0,2,1,0,0,1,2,0,0,2,2,0,0,1,2,2,1,0,0,1,1,0,2,2,0,1,2,1,1,2,2,1,1,0,1,1,2,1,0,2,2,1,2,0,1,0,0,0,2,1,0,0,1,0,1,0,0,1,1,0,0,1,1,0,0,0
Best fitness found so far: -47.0; distance: 12.041594578792296
Generation: 229; 
d: 12.649110640673518; energy: -39.0; 1,2,1,0,0,0,0,0,0,0,2,2,1,0,2,2,0,0,2,1,0,0,1,2,0,0,2,2,0,0,1,2,2,1,0,0,1,1,0,2,2,0,1,2,1,1,2,2,1,1,0,1,1,2,1,0,2,2,1,2,0,1,0,0,0,2,1,0,0,1,0,1,0,0,1,1,0,0,1,1,0,0,0
Best fitness found so far: -47.0; distance: 12.041594578792296
Generation: 230; 
d: 12.649110640673518; energy: -39.0; 1,2,1,0,0,0,0,0,0,0,2,2,1,0,2,2,0,0,2,1,0,0,1,2,0,0,2,2,0,0,1,2,2,1,0,0,1,1,0,2,2,0,1,2,1,1,2,2,1,1,0,1,1,2,1,0,2,2,1,2,0,1,0,0,0,2,1,0,0,1,0,1,0,0,1,1,0,0,1,1,0,0,0
Best fitness found so far: -47.0; distance: 12.041594578792296
Generation: 231; 
d: 12.649110640673518; energy: -39.0; 1,2,1,0,0,0,0,0,0,0,2,2,1,0,2,2,0,0,2,1,0,0,1,2,0,0,2,2,0,0,1,2,2,1,0,0,1,1,0,2,2,0,1,2,1,1,2,2,1,1,0,1,1,2,1,0,2,2,1,2,0,1,0,0,0,2,1,0,0,1,0,1,0,0,1,1,0,0,1,1,0,0,0
Best fitness found so far: -47.0; distance: 12.041594578792296
Generation: 232; 
d: 12.649110640673518; energy: -39.0; 1,2,1,0,0,0,0,0,0,0,2,2,1,0,2,2,0,0,2,1,0,0,1,2,0,0,2,2,0,0,1,2,2,1,0,0,1,1,0,2,2,0,1,2,1,1,2,2,1,1,0,1,1,2,1,0,2,2,1,2,0,1,0,0,0,2,1,0,0,1,0,1,0,0,1,1,0,0,1,1,0,0,0
Best fitness found so far: -47.0; distance: 12.041594578792296
Generation: 233; 
d: 12.649110640673518; energy: -39.0; 1,2,1,0,0,0,0,0,0,0,2,2,1,0,2,2,0,0,2,1,0,0,1,2,0,0,2,2,0,0,1,2,2,1,0,0,1,1,0,2,2,0,1,2,1,1,2,2,1,1,0,1,1,2,1,0,2,2,1,2,0,1,0,0,0,2,1,0,0,1,0,1,0,0,1,1,0,0,1,1,0,0,0
Best fitness found so far: -47.0; distance: 12.041594578792296
Generation: 234; 
d: 11.704699910719626; energy: -39.0; 1,2,1,1,2,2,1,2,0,0,2,2,1,0,2,2,0,0,2,1,0,0,1,2,0,0,2,2,0,0,1,2,2,1,0,0,1,1,0,2,2,0,1,2,1,1,2,2,1,1,0,1,1,2,1,0,2,2,1,2,0,1,0,0,0,2,1,0,0,1,0,1,0,0,1,1,0,0,1,1,0,0,0
Best fitness found so far: -47.0; distance: 12.041594578792296
Generation: 235; 
d: 12.649110640673518; energy: -39.0; 1,2,1,0,0,0,0,0,0,0,2,2,1,0,2,2,0,0,2,1,0,0,1,2,0,0,2,2,0,0,1,2,2,1,0,0,1,1,0,2,2,0,1,2,1,1,2,2,1,1,0,1,1,2,1,0,2,2,1,2,0,1,0,0,0,2,1,0,0,1,0,1,0,0,1,1,0,0,1,1,0,0,0
Best fitness found so far: -47.0; distance: 12.041594578792296
Generation: 236; 
d: 12.649110640673518; energy: -39.0; 1,2,1,0,0,0,0,0,0,0,2,2,1,0,2,2,0,0,2,1,0,0,1,2,0,0,2,2,0,0,1,2,2,1,0,0,1,1,0,2,2,0,1,2,1,1,2,2,1,1,0,1,1,2,1,0,2,2,1,2,0,1,0,0,0,2,1,0,0,1,0,1,0,0,1,1,0,0,1,1,0,0,0
Best fitness found so far: -47.0; distance: 12.041594578792296
Generation: 237; 
d: 12.649110640673518; energy: -39.0; 1,2,1,0,0,0,0,0,0,0,2,2,1,0,2,2,0,0,2,1,0,0,1,2,0,0,2,2,0,0,1,2,2,1,0,0,1,1,0,2,2,0,1,2,1,1,2,2,1,1,0,1,1,2,1,0,2,2,1,2,0,1,0,0,0,2,1,0,0,1,0,1,0,0,1,1,0,0,1,1,0,0,0
Best fitness found so far: -47.0; distance: 12.041594578792296
Generation: 238; 
d: 12.649110640673518; energy: -39.0; 1,2,1,0,0,0,0,0,0,0,2,2,1,0,2,2,0,0,2,1,0,0,1,2,0,0,2,2,0,0,1,2,2,1,0,0,1,1,0,2,2,0,1,2,1,1,2,2,1,1,0,1,1,2,1,0,2,2,1,2,0,1,0,0,0,2,1,0,0,1,0,1,0,0,1,1,0,0,1,1,0,0,0
Best fitness found so far: -47.0; distance: 12.041594578792296
Generation: 239; 
d: 12.649110640673518; energy: -39.0; 1,2,1,0,0,0,0,0,0,0,2,2,1,0,2,2,0,0,2,1,0,0,1,2,0,0,2,2,0,0,1,2,2,1,0,0,1,1,0,2,2,0,1,2,1,1,2,2,1,1,0,1,1,2,1,0,2,2,1,2,0,1,0,0,0,2,1,0,0,1,0,1,1,0,1,1,0,0,1,1,0,0,0
Best fitness found so far: -47.0; distance: 12.041594578792296
Generation: 240; 
d: 11.704699910719626; energy: -39.0; 1,2,1,1,2,2,1,2,0,0,2,2,1,0,2,2,0,0,2,1,0,0,1,2,0,0,2,2,0,0,1,2,2,1,0,0,1,1,0,2,2,0,1,2,1,1,2,2,1,1,0,1,1,2,1,0,2,2,1,2,0,1,0,0,0,2,1,0,0,1,0,1,0,0,1,1,0,0,1,1,0,0,0
Best fitness found so far: -47.0; distance: 12.041594578792296
Generation: 241; 
d: 11.704699910719626; energy: -39.0; 1,2,1,1,2,2,1,2,0,0,2,2,1,0,2,2,0,0,2,1,0,0,1,2,0,0,2,2,0,0,1,2,2,1,0,0,1,1,0,2,2,0,1,2,1,1,2,2,1,1,0,1,1,2,1,0,2,2,1,2,0,1,0,0,0,2,1,0,0,1,0,1,0,0,1,1,0,0,1,1,0,0,0
Best fitness found so far: -47.0; distance: 12.041594578792296
Generation: 242; 
d: 12.649110640673518; energy: -39.0; 1,2,1,0,0,0,0,0,0,0,2,2,1,0,2,2,0,0,2,1,0,0,1,2,0,0,2,2,0,0,1,2,2,1,0,0,1,1,0,2,2,0,1,2,1,1,2,2,1,1,0,1,1,2,1,0,2,2,1,2,0,1,0,0,0,2,1,0,0,1,0,1,0,0,1,1,0,0,1,1,0,0,0
Best fitness found so far: -47.0; distance: 12.041594578792296
Generation: 243; 
d: 12.649110640673518; energy: -39.0; 1,2,1,0,0,0,0,0,0,0,2,2,1,0,2,2,0,0,2,1,0,0,1,2,0,0,2,2,0,0,1,2,2,1,0,0,1,1,0,2,2,0,1,2,1,1,2,2,1,1,0,1,1,2,1,0,2,2,1,2,0,1,0,0,0,2,1,0,0,1,0,1,0,0,1,1,0,0,1,1,0,0,0
Best fitness found so far: -47.0; distance: 12.041594578792296
Execution: 5
Generation: 244; 
d: 11.704699910719626; energy: -39.0; 1,2,1,1,2,2,1,2,0,0,2,2,1,0,2,2,0,0,2,1,0,0,1,2,0,0,2,2,0,0,1,2,2,1,0,0,1,1,0,2,2,0,1,2,1,1,2,2,1,1,0,1,1,2,1,0,2,2,1,2,0,1,0,0,0,2,1,0,0,1,0,1,0,0,1,1,0,0,1,0,0,0,0
Best fitness found so far: -47.0; distance: 12.041594578792296
Generation: 245; 
d: 12.727922061357855; energy: -31.0; 0,2,1,1,1,2,0,0,2,1,0,1,1,1,0,0,2,0,0,2,2,1,1,1,1,1,2,2,0,1,2,2,1,0,1,0,0,2,2,1,0,2,1,1,1,2,2,0,1,1,1,0,2,2,1,1,0,0,2,2,1,2,0,1,0,1,0,1,2,2,1,1,2,1,0,0,2,2,1,2,0,2,2
Best fitness found so far: -47.0; distance: 12.041594578792296
Generation: 246; 
d: 13.601470508735444; energy: -29.0; 0,2,1,1,1,2,0,0,2,1,0,1,1,1,0,0,2,0,0,2,2,1,1,1,1,1,2,2,0,1,2,2,1,0,1,0,0,2,2,1,0,2,1,1,1,2,2,0,1,1,1,0,2,2,1,1,0,0,2,2,1,2,0,1,0,1,0,1,2,1,0,2,0,2,2,1,2,0,1,2,1,2,2
Best fitness found so far: -47.0; distance: 12.041594578792296
Generation: 247; 
d: 13.601470508735444; energy: -29.0; 2,2,1,0,1,0,1,1,0,2,1,1,0,0,1,1,2,2,0,2,2,1,1,1,1,1,2,2,0,1,2,2,1,2,1,1,0,2,0,0,1,0,2,1,1,0,1,1,1,2,2,0,2,2,0,0,2,2,0,2,0,2,2,0,0,1,2,2,0,0,2,0,2,0,0,2,2,1,2,0,2,0,0
Best fitness found so far: -47.0; distance: 12.041594578792296
Generation: 248; 
d: 13.45362404707371; energy: -30.0; 0,2,1,1,1,2,0,0,2,1,0,1,1,1,0,0,2,0,0,2,2,1,1,1,1,1,2,2,0,1,2,2,1,0,1,0,0,2,2,1,0,2,1,1,1,2,2,0,1,1,1,0,2,2,1,1,0,0,2,2,1,2,0,1,0,1,0,1,2,2,1,1,2,1,0,0,2,1,2,1,2,0,0
Best fitness found so far: -47.0; distance: 12.041594578792296
Generation: 249; 
d: 12.806248474865697; energy: -32.0; 0,2,2,1,0,1,0,0,2,2,0,0,1,1,2,0,0,1,2,0,1,1,1,0,1,1,0,2,0,0,2,2,2,0,1,0,2,1,0,1,0,0,2,2,0,2,1,1,1,0,2,2,1,2,2,0,1,1,1,0,0,1,1,0,2,2,1,0,1,0,1,0,1,0,2,1,1,0,1,0,0,2,2
Best fitness found so far: -47.0; distance: 12.041594578792296
Generation: 250; 
d: 18.601075237738275; energy: -32.0; 2,2,1,0,1,0,1,1,0,2,1,1,0,0,1,1,2,1,2,2,0,2,1,1,1,2,1,0,2,1,0,0,2,1,2,2,0,1,0,0,2,0,1,1,0,2,0,0,2,2,1,1,1,2,2,1,0,1,2,0,1,2,2,0,0,2,1,2,1,0,1,0,1,0,1,1,0,1,1,0,0,2,0
Best fitness found so far: -47.0; distance: 12.041594578792296
Generation: 251; 
d: 13.45362404707371; energy: -34.0; 2,2,0,1,0,0,2,1,0,0,2,2,1,2,1,0,0,2,0,0,2,2,0,0,2,2,0,0,0,0,1,0,0,1,0,1,1,2,2,0,2,1,2,1,0,0,1,1,0,1,2,0,1,0,1,0,1,1,2,1,1,1,2,0,0,2,1,2,1,0,1,2,2,1,1,0,2,0,1,0,0,2,2
Best fitness found so far: -47.0; distance: 12.041594578792296
Generation: 252; 
d: 13.0; energy: -34.0; 2,2,0,1,0,0,2,1,0,0,2,2,1,2,1,0,0,2,0,0,2,2,0,0,2,2,0,0,0,0,0,1,2,2,0,0,0,2,2,1,2,1,2,1,2,1,1,1,2,1,2,0,1,0,1,0,1,1,2,1,2,0,1,0,0,2,1,0,1,0,1,2,0,2,2,1,2,0,1,2,1,2,2
Best fitness found so far: -47.0; distance: 12.041594578792296
Generation: 253; 
d: 17.08800749063506; energy: -35.0; 2,2,0,1,0,0,2,1,0,0,2,2,1,2,1,0,0,1,0,1,1,1,2,1,0,1,2,0,0,0,1,0,0,1,0,1,1,2,2,2,0,2,2,1,1,0,2,0,1,1,0,2,0,0,1,0,0,1,0,1,2,2,0,1,2,2,1,0,1,2,2,0,0,0,1,0,0,1,1,2,0,0,1
Best fitness found so far: -47.0; distance: 12.041594578792296
Generation: 254; 
d: 13.601470508735444; energy: -35.0; 2,2,0,1,0,0,2,1,0,0,2,2,1,2,1,0,0,2,0,0,2,2,0,0,2,2,0,0,0,0,1,0,0,1,0,1,1,2,2,0,2,1,2,1,0,0,1,1,1,1,0,2,0,0,1,0,0,1,0,1,2,2,0,1,2,2,1,0,1,2,2,0,0,2,1,0,0,0,1,2,0,0,1
Best fitness found so far: -47.0; distance: 12.041594578792296
Generation: 255; 
d: 16.15549442140351; energy: -37.0; 2,2,0,1,0,0,2,1,0,0,2,2,1,2,1,0,0,2,0,0,2,2,1,1,2,2,0,0,2,1,0,0,2,1,2,2,0,1,0,0,2,0,1,1,0,2,0,0,2,2,1,1,1,2,2,1,0,1,2,0,1,2,2,0,0,2,1,2,1,0,1,0,1,0,1,1,0,1,1,0,0,2,0
Best fitness found so far: -47.0; distance: 12.041594578792296
Generation: 256; 
d: 17.08800749063506; energy: -35.0; 2,2,0,1,0,0,2,1,0,0,2,2,1,2,1,0,0,1,0,1,1,1,2,1,0,1,2,0,0,0,1,0,0,1,0,1,1,2,2,1,0,2,2,1,1,0,2,0,1,1,0,2,0,0,1,0,0,1,0,1,2,2,0,1,2,2,1,0,1,2,2,0,0,0,1,0,0,1,1,2,0,0,1
Best fitness found so far: -47.0; distance: 12.041594578792296
Generation: 257; 
d: 16.15549442140351; energy: -35.0; 2,2,0,1,0,0,2,1,0,0,2,2,1,2,1,0,0,2,0,0,2,2,1,1,2,2,0,0,2,1,0,0,2,1,2,2,0,1,0,0,2,0,1,1,0,2,0,0,2,2,1,1,1,2,2,1,0,1,2,0,1,2,2,0,0,2,1,2,1,0,1,0,1,0,1,1,0,1,1,0,0,2,2
Best fitness found so far: -47.0; distance: 12.041594578792296
Generation: 258; 
d: 14.866068747318506; energy: -35.0; 2,2,0,1,0,0,2,1,0,0,2,2,1,2,1,0,0,2,0,0,2,2,0,0,2,2,0,0,0,0,1,0,0,1,0,1,1,2,2,0,2,1,2,1,0,0,1,1,0,1,2,0,1,0,0,1,0,1,0,1,1,1,2,0,0,2,1,2,1,0,1,2,2,1,0,0,2,2,1,2,0,2,2
Best fitness found so far: -47.0; distance: 12.041594578792296
Generation: 259; 
d: 13.416407864998739; energy: -39.0; 2,2,1,2,2,2,0,2,2,0,2,2,1,2,1,0,0,2,0,0,2,2,1,1,2,2,0,0,2,1,0,0,2,1,2,2,0,1,0,0,2,0,1,1,0,2,0,0,2,2,1,1,1,2,2,1,0,1,2,0,1,2,2,0,0,2,1,2,1,0,1,0,1,0,1,1,0,1,1,0,0,2,0
Best fitness found so far: -47.0; distance: 12.041594578792296
Generation: 260; 
d: 13.416407864998739; energy: -39.0; 2,2,1,2,2,2,0,2,2,0,2,2,1,2,1,0,0,2,0,0,2,2,1,1,2,2,0,0,2,1,0,0,2,1,2,2,0,1,0,0,2,0,1,1,0,2,0,0,2,2,1,1,1,2,2,1,0,1,2,0,1,2,2,0,0,2,1,2,1,0,1,0,1,0,1,1,0,1,1,0,0,2,0
Best fitness found so far: -47.0; distance: 12.041594578792296
Generation: 261; 
d: 14.142135623730951; energy: -40.0; 2,2,1,2,2,2,0,2,2,0,2,2,1,2,1,0,0,2,0,0,2,2,1,1,2,2,0,0,2,1,0,0,2,1,2,2,0,1,0,0,2,0,1,1,0,2,0,0,2,2,1,1,1,2,2,1,0,1,2,0,1,2,2,0,2,1,0,0,2,2,0,2,2,0,2,1,1,1,2,1,0,2,2
Best fitness found so far: -47.0; distance: 12.041594578792296
Generation: 262; 
d: 13.416407864998739; energy: -38.0; 2,2,1,2,2,2,0,2,2,0,2,2,1,2,1,0,0,2,0,0,2,2,1,1,2,2,0,0,2,1,0,0,2,1,2,2,0,1,0,0,2,0,1,1,0,2,0,0,2,2,1,1,1,2,2,1,0,1,2,0,1,2,2,0,0,1,0,1,0,0,2,2,0,0,0,0,2,1,0,0,0,0,2
Best fitness found so far: -47.0; distance: 12.041594578792296
Generation: 263; 
d: 14.7648230602334; energy: -36.0; 2,2,1,2,2,2,0,2,2,0,2,2,1,2,1,0,0,2,0,0,2,2,1,1,2,2,0,0,2,1,0,0,2,1,2,2,0,1,0,0,2,0,1,1,0,2,0,0,2,2,1,1,1,2,2,1,0,0,2,2,1,2,0,1,2,1,2,1,0,0,1,0,1,0,1,0,2,1,1,0,0,2,0
Best fitness found so far: -47.0; distance: 12.041594578792296
Generation: 264; 
d: 13.416407864998739; energy: -38.0; 2,2,1,2,2,2,0,2,2,0,2,2,1,2,1,0,0,2,0,0,2,2,1,1,2,2,0,0,2,1,0,0,2,1,2,2,0,1,0,0,2,0,1,1,0,2,0,0,2,2,1,1,1,2,2,1,0,1,2,0,1,2,2,0,0,1,0,1,0,0,2,2,0,0,0,0,2,1,0,0,0,0,2
Best fitness found so far: -47.0; distance: 12.041594578792296
Generation: 265; 
d: 14.142135623730951; energy: -40.0; 2,2,1,2,2,2,0,2,2,0,2,2,1,2,1,0,0,2,0,0,2,2,1,1,2,2,0,0,2,1,0,0,2,1,2,2,0,1,0,0,2,0,1,1,0,2,0,0,2,2,1,1,1,2,2,1,0,1,2,0,1,2,2,0,2,1,0,0,2,2,0,2,2,0,2,1,1,1,2,1,0,2,2
Best fitness found so far: -47.0; distance: 12.041594578792296
Generation: 266; 
d: 12.806248474865697; energy: -37.0; 2,2,0,1,0,0,2,1,0,0,2,2,1,2,1,0,0,2,0,0,2,2,0,0,2,2,0,0,0,0,0,1,2,2,0,0,0,2,2,1,2,1,2,1,2,1,1,1,2,1,2,0,1,0,1,0,1,1,2,1,2,0,0,1,2,1,0,1,0,0,0,0,0,0,1,2,0,1,1,2,2,0,0
Best fitness found so far: -47.0; distance: 12.041594578792296
Generation: 267; 
d: 11.661903789690601; energy: -37.0; 2,2,0,1,0,0,2,1,0,0,2,2,1,2,1,0,0,2,0,0,2,2,0,0,2,2,0,0,0,0,1,0,0,1,0,1,1,2,2,0,2,1,2,1,0,0,1,1,0,1,2,0,1,0,0,1,0,0,2,2,1,2,0,1,2,1,0,1,0,0,2,2,0,0,0,0,2,1,0,0,0,0,2
Best fitness found so far: -47.0; distance: 12.041594578792296
Generation: 268; 
d: 12.806248474865697; energy: -38.0; 2,2,0,1,0,0,2,1,0,0,2,2,1,2,1,0,0,2,0,0,2,2,0,0,2,2,0,0,0,0,0,1,2,2,0,0,0,2,2,1,2,1,2,1,2,1,1,1,2,1,2,0,1,0,1,0,1,1,2,1,2,0,0,1,2,1,0,1,0,0,0,0,0,0,1,2,0,1,1,0,0,0,2
Best fitness found so far: -47.0; distance: 12.041594578792296
Generation: 269; 
d: 14.142135623730951; energy: -40.0; 2,2,1,2,2,2,0,2,2,0,2,2,1,2,1,0,0,2,0,0,2,2,1,1,2,2,0,0,2,1,0,0,2,1,2,2,0,1,0,0,2,0,1,1,0,2,0,0,2,2,1,1,1,2,2,1,0,1,2,0,1,2,2,0,2,1,0,0,2,2,0,2,2,0,2,1,1,1,2,1,0,2,2
Best fitness found so far: -47.0; distance: 12.041594578792296
Generation: 270; 
d: 14.142135623730951; energy: -40.0; 2,2,1,2,2,2,0,2,2,0,2,2,1,2,1,0,0,2,0,0,2,2,1,1,2,2,0,0,2,1,0,0,2,1,2,2,0,1,0,0,2,0,1,1,0,2,0,0,2,2,1,1,1,2,2,1,0,1,2,0,1,2,2,0,2,1,0,0,2,2,0,2,2,0,2,1,1,1,2,1,0,2,2
Best fitness found so far: -47.0; distance: 12.041594578792296
Generation: 271; 
d: 14.142135623730951; energy: -40.0; 2,2,1,2,2,2,0,2,2,0,2,2,1,2,1,0,0,2,0,0,2,2,1,1,2,2,0,0,2,1,0,0,2,1,2,2,0,1,0,0,2,0,1,1,0,2,0,0,2,2,1,1,1,2,2,1,0,1,2,0,1,2,2,0,2,1,0,0,2,2,0,2,2,0,2,1,1,1,2,1,0,2,2
Best fitness found so far: -47.0; distance: 12.041594578792296
Generation: 272; 
d: 14.142135623730951; energy: -40.0; 2,2,1,2,2,2,0,2,2,0,2,2,1,2,1,0,0,2,0,0,2,2,1,1,2,2,0,0,2,1,0,0,2,1,2,2,0,1,0,0,2,0,1,1,0,2,0,0,2,2,1,1,1,2,2,1,0,1,2,0,1,2,2,0,2,1,0,0,2,2,0,2,2,0,2,1,1,1,2,1,0,2,2
Best fitness found so far: -47.0; distance: 12.041594578792296
Generation: 273; 
d: 14.142135623730951; energy: -40.0; 2,2,1,2,2,2,0,2,2,0,2,2,1,2,1,0,0,2,0,0,2,2,1,1,2,2,0,0,2,1,0,0,2,1,2,2,0,1,0,0,2,0,1,1,0,2,0,0,2,2,1,1,1,2,2,1,0,1,2,0,1,2,2,0,2,1,0,0,2,2,0,2,2,0,2,1,1,1,2,1,0,2,2
Best fitness found so far: -47.0; distance: 12.041594578792296
Generation: 274; 
d: 14.317821063276353; energy: -40.0; 2,2,1,2,2,2,0,2,2,0,2,2,1,2,1,0,0,2,0,0,2,2,1,1,2,2,0,0,2,1,0,0,2,1,2,2,0,1,0,0,2,0,1,1,0,2,0,0,2,2,1,1,1,2,2,1,0,1,2,0,1,2,2,0,2,1,0,0,2,2,0,2,2,0,2,1,1,1,0,0,0,0,2
Best fitness found so far: -47.0; distance: 12.041594578792296
Generation: 275; 
d: 14.142135623730951; energy: -40.0; 2,2,1,2,2,2,0,2,2,0,2,2,1,2,1,0,0,2,0,0,2,2,1,1,2,2,0,0,2,1,0,0,2,1,2,2,0,1,0,0,2,0,1,1,0,2,0,0,2,2,1,1,1,2,2,1,0,1,2,0,1,2,2,0,2,1,0,0,2,2,0,2,2,0,2,1,1,1,2,1,0,2,2
Best fitness found so far: -47.0; distance: 12.041594578792296
Generation: 276; 
d: 14.142135623730951; energy: -41.0; 2,2,1,2,2,2,0,2,2,0,2,2,1,2,1,0,0,2,0,0,2,2,1,1,2,2,0,0,2,1,0,0,2,1,2,2,0,1,0,0,2,0,1,1,0,2,0,0,2,2,1,1,1,2,2,1,0,1,2,0,1,2,2,0,2,1,0,0,2,2,0,2,2,0,2,1,1,1,1,0,0,2,0
Best fitness found so far: -47.0; distance: 12.041594578792296
Generation: 277; 
d: 14.142135623730951; energy: -41.0; 2,2,1,2,2,2,0,2,2,0,2,2,1,2,1,0,0,2,0,0,2,2,1,1,2,2,0,0,2,1,0,0,2,1,2,2,0,1,0,0,2,0,1,1,0,2,0,0,2,2,1,1,1,2,2,1,0,1,2,0,1,2,2,0,2,1,0,0,2,2,0,2,2,2,2,1,1,1,1,0,0,2,0
Best fitness found so far: -47.0; distance: 12.041594578792296
Generation: 278; 
d: 14.142135623730951; energy: -41.0; 2,2,1,2,2,2,0,2,2,0,2,2,1,2,1,0,0,2,0,0,2,2,1,1,2,2,0,0,2,1,0,0,2,1,2,2,0,1,0,0,2,0,1,1,0,2,0,0,2,2,1,1,1,2,2,1,0,1,2,0,1,2,2,0,2,1,0,0,2,2,0,2,2,0,2,1,1,1,1,0,0,2,0
Best fitness found so far: -47.0; distance: 12.041594578792296
Generation: 279; 
d: 14.142135623730951; energy: -41.0; 2,2,1,2,2,2,0,2,2,0,2,2,1,2,1,0,0,2,0,0,2,2,1,1,2,2,0,0,2,1,0,0,2,1,2,2,0,1,0,0,2,0,1,1,0,2,0,0,2,2,1,1,1,2,2,1,0,1,2,0,1,2,2,0,2,1,0,0,2,2,0,2,2,0,2,1,1,1,1,0,0,2,0
Best fitness found so far: -47.0; distance: 12.041594578792296
Generation: 280; 
d: 14.142135623730951; energy: -41.0; 2,2,1,2,2,2,0,2,2,0,2,2,1,2,1,0,0,2,0,0,2,2,1,1,2,2,0,0,2,1,0,0,2,1,2,2,0,1,0,0,2,0,1,1,0,2,0,0,2,2,1,1,1,2,2,1,0,1,2,0,1,2,2,0,2,1,0,0,2,2,0,2,2,2,2,1,1,1,1,0,0,2,0
Best fitness found so far: -47.0; distance: 12.041594578792296
Generation: 281; 
d: 14.142135623730951; energy: -41.0; 2,2,1,2,2,2,0,2,2,0,2,2,1,2,1,0,0,2,0,0,2,2,1,1,2,2,0,0,2,1,0,0,2,1,2,2,0,1,0,0,2,0,1,1,0,2,0,0,2,2,1,1,1,2,2,1,0,1,2,0,1,2,2,0,2,1,0,0,2,2,0,2,2,2,2,1,1,1,1,0,0,2,0
Best fitness found so far: -47.0; distance: 12.041594578792296
Generation: 282; 
d: 14.142135623730951; energy: -41.0; 2,2,1,2,2,2,0,2,2,0,2,2,1,2,1,0,0,2,0,0,2,2,1,1,2,2,0,0,2,1,0,0,2,1,2,2,0,1,0,0,2,0,1,1,0,2,0,0,2,2,1,1,1,2,2,1,0,1,2,0,1,2,2,0,2,1,0,0,2,2,0,2,2,0,2,1,1,1,1,0,0,2,0
Best fitness found so far: -47.0; distance: 12.041594578792296
Generation: 283; 
d: 14.142135623730951; energy: -41.0; 2,2,1,2,2,2,0,2,2,0,2,2,1,2,1,0,0,2,0,0,2,2,1,1,2,2,0,0,2,1,0,0,2,1,2,2,0,1,0,0,2,0,1,1,0,2,0,0,2,2,1,1,1,2,2,1,0,1,2,0,1,2,2,0,2,1,0,0,2,2,0,2,2,2,2,1,1,1,1,0,0,2,0
Best fitness found so far: -47.0; distance: 12.041594578792296
Generation: 284; 
d: 14.142135623730951; energy: -41.0; 2,2,1,2,2,2,0,2,2,0,2,2,1,2,1,0,0,2,0,0,2,2,1,1,2,2,0,0,2,1,0,0,2,1,2,2,0,1,0,0,2,0,1,1,0,2,0,0,2,2,1,1,1,2,2,1,0,1,2,0,1,2,2,0,2,1,0,0,2,2,0,2,2,0,2,1,1,1,1,0,0,2,0
Best fitness found so far: -47.0; distance: 12.041594578792296
Generation: 285; 
d: 14.142135623730951; energy: -41.0; 2,2,1,2,2,2,0,2,2,0,2,2,1,2,1,0,0,2,0,0,2,2,1,1,2,2,0,0,2,1,0,0,2,1,2,2,0,1,0,0,2,0,1,1,0,2,0,0,2,2,1,1,1,2,2,1,0,1,2,0,1,2,2,0,2,1,0,0,2,2,0,2,2,2,2,1,1,1,1,0,0,2,0
Best fitness found so far: -47.0; distance: 12.041594578792296
Generation: 286; 
d: 14.142135623730951; energy: -41.0; 2,2,1,2,2,2,0,2,2,0,2,2,1,2,1,0,0,2,0,0,2,2,1,1,2,2,0,0,2,1,0,0,2,1,2,2,0,1,0,0,2,0,1,1,0,2,0,0,2,2,1,1,1,2,2,1,0,1,2,0,1,2,2,0,2,1,0,0,2,2,0,2,2,2,2,1,1,1,1,0,0,2,0
Best fitness found so far: -47.0; distance: 12.041594578792296
Generation: 287; 
d: 14.142135623730951; energy: -41.0; 2,2,1,2,2,2,0,2,2,0,2,2,1,2,1,0,0,2,0,0,2,2,1,1,2,2,0,0,2,1,0,0,2,1,2,2,0,1,0,0,2,0,1,1,0,2,0,0,2,2,1,1,1,2,2,1,0,1,2,0,1,2,2,0,2,1,0,0,2,2,0,2,2,0,2,1,1,1,1,0,0,2,0
Best fitness found so far: -47.0; distance: 12.041594578792296
Generation: 288; 
d: 14.142135623730951; energy: -41.0; 2,2,1,2,2,2,0,2,2,0,2,2,1,2,1,0,0,2,0,0,2,2,1,1,2,2,0,0,2,1,0,0,2,1,2,2,0,1,0,0,2,0,1,1,0,2,0,0,2,2,1,1,1,2,2,1,0,1,2,0,1,2,2,0,2,1,0,0,2,2,0,2,2,2,2,1,1,1,1,0,0,2,0
Best fitness found so far: -47.0; distance: 12.041594578792296
Generation: 289; 
d: 14.142135623730951; energy: -41.0; 2,2,1,2,2,2,0,2,2,0,2,2,1,2,1,0,0,2,0,0,2,2,1,1,2,2,0,0,2,1,0,0,2,1,2,2,0,1,0,0,2,0,1,1,0,2,0,0,2,2,1,1,1,2,2,1,0,1,2,0,1,2,2,0,2,1,0,0,2,2,0,2,2,2,2,1,1,1,1,0,0,2,0
Best fitness found so far: -47.0; distance: 12.041594578792296
Generation: 290; 
d: 14.142135623730951; energy: -42.0; 2,2,1,2,2,2,0,2,2,0,2,2,1,2,1,0,0,2,0,0,2,2,1,1,2,2,0,0,2,1,0,0,2,1,2,2,0,1,0,0,2,0,1,1,0,2,0,0,2,2,1,1,1,2,2,1,0,1,2,0,1,2,2,0,2,1,0,0,2,2,0,2,2,2,1,2,2,2,0,1,2,2,0
Best fitness found so far: -47.0; distance: 12.041594578792296
Generation: 291; 
d: 11.661903789690601; energy: -39.0; 2,2,0,1,0,0,2,1,0,0,2,2,1,2,1,0,0,2,0,0,2,2,0,0,2,2,0,0,0,0,0,0,0,1,0,0,0,2,2,0,2,1,2,1,0,0,1,1,0,1,2,0,1,0,1,0,1,1,2,1,2,0,0,0,2,1,0,1,0,0,0,0,0,0,2,0,1,0,0,0,0,0,2
Best fitness found so far: -47.0; distance: 12.041594578792296
Generation: 292; 
d: 11.661903789690601; energy: -40.0; 2,2,0,1,0,0,2,1,0,0,2,2,1,2,1,0,0,2,0,0,2,2,0,0,2,2,0,0,0,0,1,0,0,1,1,0,0,2,2,0,2,1,2,1,0,0,1,1,0,1,2,0,1,0,1,0,1,1,2,1,2,0,0,1,2,1,0,1,0,0,0,0,0,0,2,0,1,0,2,0,1,1,2
Best fitness found so far: -47.0; distance: 12.041594578792296
Generation: 293; 
d: 14.142135623730951; energy: -42.0; 2,2,1,2,2,2,0,2,2,0,2,2,1,2,1,0,0,2,0,0,2,2,1,1,2,2,0,0,2,1,0,0,2,1,2,2,0,1,0,0,2,0,1,1,0,2,0,0,2,2,1,1,1,2,2,1,0,1,2,0,1,2,2,0,2,1,0,0,2,2,0,2,2,2,1,2,2,2,0,1,2,2,0
Best fitness found so far: -47.0; distance: 12.041594578792296
Generation: 294; 
d: 17.11724276862369; energy: -40.0; 2,2,0,1,0,0,2,1,0,0,2,2,1,2,1,0,0,2,0,0,2,2,1,1,2,2,0,0,2,1,0,0,2,1,2,2,0,1,0,0,2,0,1,1,0,2,0,0,2,2,1,1,1,2,2,1,0,1,2,0,1,2,2,0,2,1,0,0,2,2,0,2,2,2,1,2,2,2,0,1,2,2,0
Best fitness found so far: -47.0; distance: 12.041594578792296
Generation: 295; 
d: 11.661903789690601; energy: -40.0; 2,2,0,1,0,0,2,1,0,0,2,2,1,2,1,0,0,2,0,0,2,2,0,0,2,2,0,0,0,0,1,0,0,1,1,0,0,2,2,0,2,1,2,1,0,0,1,1,0,1,2,0,1,0,1,0,1,1,2,1,2,0,0,1,2,1,0,1,0,0,0,0,0,0,2,0,1,0,2,0,1,1,2
Best fitness found so far: -47.0; distance: 12.041594578792296
Generation: 296; 
d: 11.661903789690601; energy: -40.0; 2,2,0,1,0,0,2,1,0,0,2,2,1,2,1,0,0,2,0,0,2,2,0,0,2,2,0,0,0,0,1,0,0,1,0,0,0,2,2,0,2,1,2,1,0,0,1,1,0,1,2,0,1,0,1,0,1,1,2,1,2,0,0,1,2,1,0,1,0,0,0,0,0,0,2,0,1,0,2,0,1,1,2
Best fitness found so far: -47.0; distance: 12.041594578792296
Generation: 297; 
d: 14.142135623730951; energy: -42.0; 2,2,1,2,2,2,0,2,2,0,2,2,1,2,1,0,0,2,0,0,2,2,1,1,2,2,0,0,2,1,0,0,2,1,2,2,0,1,0,0,2,0,1,1,0,2,0,0,2,2,1,1,1,2,2,1,0,1,2,0,1,2,2,0,2,1,0,0,2,2,0,2,2,2,1,2,2,2,0,1,2,2,0
Best fitness found so far: -47.0; distance: 12.041594578792296
Generation: 298; 
d: 14.142135623730951; energy: -42.0; 2,2,1,2,2,2,0,2,2,0,2,2,1,2,1,0,0,2,0,0,2,2,1,1,2,2,0,0,2,1,0,0,2,1,2,2,0,1,0,0,2,0,1,1,0,2,0,0,2,2,1,1,1,2,2,1,0,1,2,0,1,2,2,0,2,1,0,0,2,2,0,2,2,2,1,2,2,2,0,1,2,2,0
Best fitness found so far: -47.0; distance: 12.041594578792296
Generation: 299; 
d: 11.661903789690601; energy: -40.0; 2,2,0,1,0,0,2,1,0,0,2,2,1,2,1,0,0,2,0,0,2,2,0,0,2,2,0,0,0,0,1,0,0,1,1,0,0,2,2,0,2,1,2,1,0,0,1,1,0,1,2,0,1,0,1,0,1,1,2,1,2,0,0,1,2,1,0,1,0,0,0,0,0,0,2,0,1,0,2,0,1,1,2
Best fitness found so far: -47.0; distance: 12.041594578792296
Generation: 300; 
d: 14.142135623730951; energy: -42.0; 2,2,1,2,2,2,0,2,2,0,2,2,1,2,1,0,0,2,0,0,2,2,1,1,2,2,0,0,2,1,0,0,2,1,2,2,0,1,0,0,2,0,1,1,0,2,0,0,2,2,1,1,1,2,2,1,0,1,2,0,1,2,2,0,2,1,0,0,2,2,0,2,2,2,1,2,2,2,0,1,2,2,0
Best fitness found so far: -47.0; distance: 12.041594578792296
Generation: 301; 
d: 14.142135623730951; energy: -42.0; 2,2,1,2,2,2,0,2,2,0,2,2,1,2,1,0,0,2,0,0,2,2,1,1,2,2,0,0,2,1,0,0,2,1,2,2,0,1,0,0,2,0,1,1,0,2,0,0,2,2,1,1,1,2,2,1,0,1,2,0,1,2,2,1,2,1,0,0,2,2,0,2,2,2,1,2,2,2,0,1,2,2,0
Best fitness found so far: -47.0; distance: 12.041594578792296
Generation: 302; 
d: 14.142135623730951; energy: -42.0; 2,2,1,2,2,2,0,2,2,0,2,2,1,2,1,0,0,2,0,0,2,2,1,1,2,2,0,0,2,1,0,0,2,1,2,2,0,1,0,0,2,0,1,1,0,2,0,0,2,2,1,1,1,2,2,1,0,1,2,0,1,2,2,0,2,1,0,0,2,2,0,2,2,2,1,2,2,2,0,1,2,2,0
Best fitness found so far: -47.0; distance: 12.041594578792296
Generation: 303; 
d: 14.142135623730951; energy: -42.0; 2,2,1,2,2,2,0,2,2,0,2,2,1,2,1,0,0,2,0,0,2,2,1,1,2,2,0,0,2,1,0,0,2,1,2,2,0,1,0,0,2,0,1,1,0,2,0,0,2,2,1,1,1,2,2,1,0,1,2,0,1,2,2,1,2,1,0,0,2,2,0,2,2,2,1,2,2,2,0,1,2,2,0
Best fitness found so far: -47.0; distance: 12.041594578792296
Generation: 304; 
d: 14.142135623730951; energy: -42.0; 2,2,1,2,2,2,0,2,2,0,2,2,1,2,1,0,0,2,0,0,2,2,1,1,2,2,0,0,2,1,0,0,2,1,2,2,0,1,0,0,2,0,1,1,0,2,0,0,2,2,1,1,1,2,2,1,0,1,2,0,1,2,2,0,2,1,0,0,2,2,0,2,2,2,1,2,2,2,0,1,2,2,0
Best fitness found so far: -47.0; distance: 12.041594578792296
Execution: 6
Generation: 305; 
d: 14.142135623730951; energy: -42.0; 2,2,1,2,2,2,0,2,2,0,2,2,1,2,1,0,0,2,0,0,2,2,1,1,2,2,0,0,2,1,0,0,2,1,2,2,0,1,0,0,2,0,1,1,0,2,0,0,2,2,1,1,1,2,2,1,0,1,2,0,1,2,2,0,2,1,0,0,2,2,0,2,2,2,1,2,2,2,0,1,2,2,0
Best fitness found so far: -47.0; distance: 12.041594578792296
Generation: 306; 
d: 18.973665961010276; energy: -28.0; 0,2,2,1,0,0,1,2,0,0,1,1,2,2,1,0,0,1,2,1,0,2,1,1,1,1,1,2,1,2,2,0,0,1,1,0,1,1,2,2,1,1,1,2,1,1,0,1,0,0,2,1,1,1,1,0,0,1,2,1,1,1,1,1,2,0,1,2,2,1,0,1,2,1,2,1,0,1,1,2,2,1,1
Best fitness found so far: -47.0; distance: 12.041594578792296
Generation: 307; 
d: 14.7648230602334; energy: -30.0; 0,2,1,0,2,2,0,1,2,1,1,0,2,2,0,1,1,0,0,2,2,1,0,2,2,1,2,0,0,2,2,1,0,0,1,1,2,2,1,0,2,1,2,1,1,0,1,0,0,2,0,2,1,2,1,1,0,1,1,0,0,0,0,2,0,2,2,2,1,1,2,0,0,0,0,0,1,1,1,1,0,0,0
Best fitness found so far: -47.0; distance: 12.041594578792296
Generation: 308; 
d: 14.7648230602334; energy: -31.0; 0,2,1,0,2,2,0,1,2,1,1,0,2,2,0,1,1,0,0,2,2,1,0,2,2,1,2,0,0,2,2,1,0,0,1,1,2,2,1,0,2,1,2,1,1,0,1,0,0,2,0,2,1,2,1,1,0,1,1,0,0,0,0,1,1,1,1,1,0,0,2,0,0,0,1,1,2,2,1,0,1,0,1
Best fitness found so far: -47.0; distance: 12.041594578792296
Generation: 309; 
d: 15.620499351813308; energy: -31.0; 0,0,2,1,1,0,1,0,2,1,0,0,1,1,2,1,2,2,0,1,0,2,0,2,2,1,2,0,0,1,2,2,1,0,1,1,1,2,0,0,1,0,1,2,2,1,0,0,1,1,0,1,2,2,1,0,2,2,1,1,1,1,1,2,1,1,0,1,0,0,2,1,1,1,0,1,0,2,1,1,2,1,0
Best fitness found so far: -47.0; distance: 12.041594578792296
Generation: 310; 
d: 15.132745950421556; energy: -32.0; 0,0,2,2,1,2,0,2,2,0,0,1,2,2,1,1,2,0,1,2,0,0,2,0,0,1,1,2,2,0,0,1,0,0,2,1,2,1,2,0,1,2,2,0,0,1,1,2,0,2,0,0,1,0,0,0,1,2,1,2,2,2,0,0,0,0,2,2,2,0,0,0,1,2,2,1,2,1,1,0,2,1,1
Best fitness found so far: -47.0; distance: 12.041594578792296
Generation: 311; 
d: 17.69180601295413; energy: -35.0; 0,2,1,0,2,2,0,1,2,1,1,0,2,2,0,1,1,0,0,2,2,1,0,2,2,1,2,0,0,2,2,1,0,0,1,1,2,2,1,0,2,1,2,1,1,0,1,0,0,2,0,2,1,2,1,1,0,1,1,0,2,2,0,0,1,1,0,1,2,2,0,2,2,1,0,0,2,1,1,1,0,0,0
Best fitness found so far: -47.0; distance: 12.041594578792296
Generation: 312; 
d: 13.45362404707371; energy: -36.0; 0,2,1,0,2,2,0,1,2,1,1,0,2,2,0,1,1,0,0,2,2,1,0,2,2,1,2,0,0,2,2,1,0,0,1,1,2,2,1,0,2,1,2,1,1,0,1,0,0,2,0,2,1,2,1,1,0,1,1,0,2,2,0,0,1,1,0,0,1,0,2,0,0,1,0,0,2,1,1,1,0,0,0
Best fitness found so far: -47.0; distance: 12.041594578792296
Generation: 313; 
d: 14.317821063276353; energy: -36.0; 0,2,1,0,2,2,0,1,2,1,1,0,2,2,0,1,1,0,0,2,2,1,0,2,2,1,2,0,0,2,2,1,0,0,1,1,2,2,1,0,2,1,2,1,1,0,1,0,0,2,0,2,1,2,1,1,0,1,1,0,2,2,0,0,1,1,0,0,1,0,2,0,0,0,0,0,1,1,1,1,0,0,0
Best fitness found so far: -47.0; distance: 12.041594578792296
Generation: 314; 
d: 12.649110640673518; energy: -37.0; 0,2,1,0,2,2,0,1,2,1,1,0,2,2,0,1,1,0,0,2,2,1,0,2,2,1,2,0,0,2,2,1,0,0,1,1,2,2,1,0,2,1,2,1,1,0,1,0,0,2,0,2,1,2,1,1,0,1,1,0,2,2,0,0,1,1,0,0,1,0,2,0,0,0,0,1,0,2,2,1,0,0,1
Best fitness found so far: -47.0; distance: 12.041594578792296
Generation: 315; 
d: 12.649110640673518; energy: -37.0; 0,2,1,0,2,2,0,1,2,1,1,0,2,2,0,1,1,0,0,2,2,1,0,2,2,1,2,0,0,2,2,1,0,0,1,1,2,2,1,0,2,1,2,1,1,0,1,0,0,2,0,2,1,2,1,1,0,1,1,0,2,2,0,0,1,1,0,0,0,1,2,0,0,0,0,1,0,2,2,1,0,0,1
Best fitness found so far: -47.0; distance: 12.041594578792296
Generation: 316; 
d: 12.649110640673518; energy: -37.0; 0,2,1,0,2,2,0,1,2,1,1,0,2,2,0,1,1,0,0,2,2,1,0,2,2,1,2,0,0,2,2,1,0,0,1,1,2,2,1,0,2,1,2,1,1,0,1,0,0,2,0,2,1,2,1,1,0,1,1,0,2,2,0,0,1,1,0,0,1,0,2,0,0,0,0,1,0,2,2,1,0,0,1
Best fitness found so far: -47.0; distance: 12.041594578792296
Generation: 317; 
d: 12.041594578792296; energy: -37.0; 0,2,1,0,2,2,0,1,2,1,1,0,2,2,0,1,1,0,0,2,2,1,0,2,2,1,2,0,0,2,2,1,0,0,1,1,2,2,1,0,2,1,2,1,1,0,1,0,0,2,0,2,1,2,1,1,0,1,1,0,2,2,0,0,1,1,0,0,1,0,2,0,0,0,0,1,0,1,2,1,2,1,1
Best fitness found so far: -47.0; distance: 12.041594578792296
Generation: 318; 
d: 12.041594578792296; energy: -38.0; 0,2,1,0,2,2,0,1,2,1,1,0,2,2,0,1,1,0,0,2,2,1,0,2,2,1,2,0,0,2,2,1,0,0,1,1,2,2,1,0,2,1,2,1,1,0,1,0,0,2,0,2,1,2,1,1,0,1,1,0,2,2,0,0,1,1,0,0,1,0,2,0,0,1,2,1,0,0,2,1,0,0,1
Best fitness found so far: -47.0; distance: 12.041594578792296
Generation: 319; 
d: 12.041594578792296; energy: -38.0; 0,2,1,0,2,2,0,1,2,1,1,0,2,2,0,1,1,0,0,2,2,1,0,2,2,1,2,0,0,2,2,1,0,0,1,1,2,2,1,0,2,1,2,1,1,0,1,0,0,2,0,2,1,2,1,1,0,1,1,0,2,2,0,0,1,1,0,0,1,0,2,0,0,1,2,1,0,0,2,1,0,0,1
Best fitness found so far: -47.0; distance: 12.041594578792296
Generation: 320; 
d: 12.041594578792296; energy: -38.0; 0,2,1,0,2,2,0,1,2,1,1,0,2,2,0,1,1,0,0,2,2,1,0,2,2,1,2,0,0,2,2,1,0,0,1,1,2,2,1,0,2,1,2,1,1,0,1,0,0,2,0,2,1,2,1,1,0,1,1,0,2,2,0,2,1,1,0,0,1,0,2,0,0,1,2,1,0,0,2,1,0,0,1
Best fitness found so far: -47.0; distance: 12.041594578792296
Generation: 321; 
d: 12.041594578792296; energy: -38.0; 0,2,1,0,2,2,0,1,2,1,1,0,2,2,0,1,1,0,0,2,2,1,0,2,2,1,2,0,0,2,2,1,0,0,1,1,2,2,1,0,2,1,2,1,1,0,1,0,0,2,0,2,1,2,1,1,0,1,1,0,2,2,0,0,1,1,0,0,1,0,2,0,0,1,2,1,0,0,2,1,0,0,1
Best fitness found so far: -47.0; distance: 12.041594578792296
Generation: 322; 
d: 12.041594578792296; energy: -38.0; 0,2,1,0,2,2,0,1,2,1,1,0,2,2,0,1,1,0,0,2,2,1,0,2,2,1,2,0,0,2,2,1,0,0,1,1,2,2,1,0,2,1,2,1,1,0,1,0,0,2,0,2,1,2,1,1,0,1,1,0,2,2,0,0,1,1,0,0,1,0,2,0,0,1,2,1,0,0,2,1,0,0,1
Best fitness found so far: -47.0; distance: 12.041594578792296
Generation: 323; 
d: 12.041594578792296; energy: -38.0; 0,2,1,0,2,2,0,1,2,1,1,0,2,2,0,1,1,0,0,2,2,1,0,2,2,1,2,0,0,2,2,1,0,0,1,1,2,2,1,0,2,1,2,1,1,0,1,0,0,2,0,2,1,2,1,1,0,1,1,0,2,2,0,0,1,1,0,0,1,0,2,0,0,1,2,1,0,0,2,1,0,0,1
Best fitness found so far: -47.0; distance: 12.041594578792296
Generation: 324; 
d: 11.704699910719626; energy: -38.0; 0,2,1,0,2,2,0,1,2,1,1,0,2,2,0,1,1,0,0,2,1,2,2,0,1,2,2,0,0,2,2,1,0,0,1,1,2,2,1,0,2,1,2,1,1,0,1,0,0,2,0,2,1,2,1,1,0,1,1,0,2,2,0,0,1,1,0,0,1,0,2,0,0,1,2,1,0,0,2,1,0,0,1
Best fitness found so far: -47.0; distance: 12.041594578792296
Generation: 325; 
d: 11.704699910719626; energy: -38.0; 0,2,1,0,2,2,0,1,2,1,1,0,2,2,0,1,1,0,0,2,1,2,2,0,1,2,2,0,0,2,2,1,0,0,1,1,2,2,1,0,2,1,2,1,1,0,1,0,0,2,0,2,1,2,1,1,0,1,1,0,2,2,0,0,1,1,0,0,1,0,2,0,0,0,2,1,0,0,2,1,0,0,1
Best fitness found so far: -47.0; distance: 12.041594578792296
Generation: 326; 
d: 11.704699910719626; energy: -38.0; 0,2,1,0,2,2,0,1,2,1,1,0,2,2,0,1,1,0,0,2,1,2,2,0,1,2,2,0,0,2,2,1,0,0,1,1,2,2,1,0,2,1,2,1,1,0,1,0,0,2,0,2,1,2,1,1,0,1,1,0,2,2,0,0,1,1,0,0,1,0,2,0,0,1,2,1,0,0,2,1,0,0,1
Best fitness found so far: -47.0; distance: 12.041594578792296
Generation: 327; 
d: 11.704699910719626; energy: -38.0; 0,2,1,0,2,2,0,1,2,1,1,0,2,2,0,1,1,0,0,2,1,2,2,0,1,2,2,0,0,2,2,1,0,0,1,1,2,2,1,0,2,1,2,1,1,0,1,0,0,2,0,2,1,2,1,1,0,1,1,0,2,2,0,2,1,1,0,0,1,0,2,0,0,1,2,1,0,0,2,1,0,0,1
Best fitness found so far: -47.0; distance: 12.041594578792296
Generation: 328; 
d: 11.704699910719626; energy: -38.0; 0,2,1,0,2,2,0,1,2,1,1,0,2,2,0,1,1,0,0,2,1,2,2,0,1,2,2,0,0,2,2,1,0,0,1,1,2,2,1,0,2,1,2,1,1,0,1,0,0,2,0,2,1,2,1,1,0,1,1,0,2,2,0,2,1,1,2,0,1,0,2,0,0,1,2,1,0,0,2,1,0,0,1
Best fitness found so far: -47.0; distance: 12.041594578792296
Generation: 329; 
d: 11.704699910719626; energy: -38.0; 0,2,1,0,2,2,0,1,2,1,1,0,2,2,0,1,1,0,0,2,1,2,2,0,1,2,2,0,0,2,2,1,0,0,1,1,2,2,1,0,2,1,2,1,1,0,1,0,0,2,0,2,1,2,1,1,0,1,1,0,2,2,0,0,1,1,0,0,1,0,2,0,0,1,2,1,0,0,2,1,0,0,1
Best fitness found so far: -47.0; distance: 12.041594578792296
Generation: 330; 
d: 11.704699910719626; energy: -38.0; 0,2,1,0,2,2,0,1,2,1,1,0,2,2,0,1,1,0,0,2,1,2,2,0,1,2,2,0,0,2,2,1,0,0,1,1,2,2,1,0,2,1,2,1,1,0,1,0,0,2,0,2,1,2,1,1,0,1,1,0,2,2,0,2,1,1,2,0,1,0,2,0,0,0,2,1,0,0,2,1,0,0,1
Best fitness found so far: -47.0; distance: 12.041594578792296
Generation: 331; 
d: 11.704699910719626; energy: -38.0; 0,2,1,0,2,2,0,1,2,1,1,0,2,2,0,1,1,0,0,2,1,2,2,0,1,2,2,0,0,2,2,1,0,0,1,1,2,2,1,0,2,1,2,1,1,0,1,0,0,2,0,2,1,2,1,1,0,1,1,0,2,2,0,2,1,1,0,0,1,0,2,0,0,1,2,1,0,0,2,1,0,0,1
Best fitness found so far: -47.0; distance: 12.041594578792296
Generation: 332; 
d: 11.704699910719626; energy: -38.0; 0,2,1,0,2,2,0,1,2,1,1,0,2,2,0,1,1,0,0,2,1,2,2,0,1,2,2,0,0,2,2,1,0,0,1,1,2,2,1,0,2,1,2,1,1,0,1,0,0,2,0,2,1,2,1,1,0,1,1,0,2,2,0,0,1,1,0,0,1,0,2,0,0,1,2,1,0,0,2,1,0,0,1
Best fitness found so far: -47.0; distance: 12.041594578792296
Generation: 333; 
d: 11.704699910719626; energy: -40.0; 0,2,1,0,2,2,0,1,2,1,1,0,2,2,0,1,1,0,0,2,1,2,2,0,1,2,2,0,0,2,2,1,0,0,1,1,2,2,1,0,2,1,2,1,1,0,1,0,0,2,0,2,1,2,1,1,0,1,1,0,2,2,0,2,1,1,0,0,0,1,2,0,0,1,2,0,0,1,2,0,0,0,1
Best fitness found so far: -47.0; distance: 12.041594578792296
Generation: 334; 
d: 11.704699910719626; energy: -40.0; 0,2,1,0,2,2,0,1,2,1,1,0,2,2,0,1,1,0,0,2,1,2,2,0,1,2,2,0,0,2,2,1,0,0,1,1,2,2,1,0,2,1,2,1,1,0,1,0,0,2,0,2,1,2,1,1,0,1,1,0,2,2,0,2,1,1,0,0,0,1,2,0,0,1,2,0,0,1,2,0,0,0,1
Best fitness found so far: -47.0; distance: 12.041594578792296
Generation: 335; 
d: 11.704699910719626; energy: -40.0; 0,2,1,0,2,2,0,1,2,1,1,0,2,2,0,1,1,0,0,2,1,2,2,0,1,2,2,0,0,2,2,1,0,0,1,1,2,2,1,0,2,1,2,1,1,0,1,0,0,2,0,2,1,2,1,1,0,1,1,0,2,2,0,2,1,1,0,0,0,1,2,0,0,1,2,0,0,1,2,0,0,0,1
Best fitness found so far: -47.0; distance: 12.041594578792296
Generation: 336; 
d: 11.704699910719626; energy: -40.0; 0,2,1,0,2,2,0,1,2,1,1,0,2,2,0,1,1,0,0,2,1,2,2,0,1,2,2,0,0,2,2,1,0,0,1,1,2,2,1,0,2,1,2,1,1,0,1,0,0,2,0,2,1,2,1,1,0,1,1,0,2,2,1,0,0,1,0,0,1,0,2,0,0,1,2,0,0,1,2,0,0,0,1
Best fitness found so far: -47.0; distance: 12.041594578792296
Generation: 337; 
d: 11.704699910719626; energy: -40.0; 0,2,1,0,2,2,0,1,2,1,1,0,2,2,0,1,1,0,0,2,1,2,2,0,1,2,2,0,0,2,2,1,0,0,1,1,2,2,1,0,2,1,2,1,1,0,1,0,0,2,0,2,1,2,1,1,0,1,1,0,2,2,0,2,1,1,0,0,1,0,2,0,0,1,2,0,0,1,2,0,0,0,1
Best fitness found so far: -47.0; distance: 12.041594578792296
Generation: 338; 
d: 11.704699910719626; energy: -40.0; 0,2,1,0,2,2,0,1,2,1,1,0,2,2,0,1,1,0,0,2,1,2,2,0,1,2,2,0,0,2,2,1,0,0,1,1,2,2,1,0,2,1,2,1,1,0,1,0,0,2,0,2,1,2,1,1,0,1,1,0,2,2,0,2,1,1,0,0,1,0,2,0,0,1,2,0,0,1,2,0,0,0,1
Best fitness found so far: -47.0; distance: 12.041594578792296
Generation: 339; 
d: 11.704699910719626; energy: -40.0; 0,2,1,0,2,2,0,1,2,1,1,0,2,2,0,1,1,0,0,2,1,2,2,0,1,2,2,0,0,2,2,1,0,0,1,1,2,2,1,0,2,1,2,1,1,0,1,0,0,2,0,2,1,2,1,1,0,1,1,0,2,2,0,2,1,1,0,0,0,1,2,0,0,1,2,0,0,1,2,0,0,0,1
Best fitness found so far: -47.0; distance: 12.041594578792296
Generation: 340; 
d: 11.704699910719626; energy: -40.0; 0,2,1,0,2,2,0,1,2,1,1,0,2,2,0,1,1,0,0,2,1,2,2,0,1,2,2,0,0,2,2,1,0,0,1,1,2,2,1,0,2,1,2,1,1,0,1,0,0,2,0,2,1,2,1,1,0,1,1,0,2,2,0,2,1,1,0,0,0,1,2,0,0,1,2,0,0,1,2,0,0,0,1
Best fitness found so far: -47.0; distance: 12.041594578792296
Generation: 341; 
d: 11.704699910719626; energy: -40.0; 0,2,1,0,2,2,0,1,2,1,1,0,2,2,0,1,1,0,0,2,1,2,2,0,1,2,2,0,0,2,2,1,0,0,1,1,2,2,1,0,2,1,2,1,1,0,1,0,0,2,0,2,1,2,1,1,0,1,1,0,2,2,0,2,1,1,0,0,1,0,2,0,0,1,2,0,0,1,2,0,0,0,1
Best fitness found so far: -47.0; distance: 12.041594578792296
Generation: 342; 
d: 11.704699910719626; energy: -40.0; 0,2,1,0,2,2,0,1,2,1,1,0,2,2,0,1,1,0,0,2,1,2,2,0,1,2,2,0,0,2,2,1,0,0,1,1,2,2,1,0,2,1,2,1,1,0,1,0,0,2,0,2,1,2,1,1,0,1,1,0,2,2,0,2,1,1,0,0,0,1,2,0,0,1,2,0,0,1,2,0,0,0,1
Best fitness found so far: -47.0; distance: 12.041594578792296
Generation: 343; 
d: 11.704699910719626; energy: -40.0; 0,2,1,0,2,2,0,1,2,1,1,0,2,2,0,1,1,0,0,2,1,2,2,0,1,2,2,0,0,2,2,1,0,0,1,1,2,2,1,0,2,1,2,1,1,0,1,0,0,2,0,2,1,2,1,1,0,1,1,0,2,2,1,0,0,1,0,0,1,1,2,0,0,1,2,0,0,1,2,0,0,0,1
Best fitness found so far: -47.0; distance: 12.041594578792296
Generation: 344; 
d: 11.704699910719626; energy: -40.0; 0,2,1,0,2,2,0,1,2,1,1,0,2,2,0,1,1,0,0,2,1,2,2,0,1,2,2,0,0,2,2,1,0,0,1,1,2,2,1,0,2,1,2,1,1,0,1,0,0,2,0,2,1,2,1,1,0,1,1,0,2,2,0,2,1,1,0,0,1,0,2,0,0,1,2,0,0,1,2,0,0,0,1
Best fitness found so far: -47.0; distance: 12.041594578792296
