Algorithm configured with: 
Pop: 1000
Aux Pop: 200
CrP: 1.0
MtP: 1.0
List of crossover: 
SinglePointCrossover
IntegerTwoPointsCrossover
MultiPointsCrossover
List of mutations: 
BitFlipMutation
LoopMoveOperator
LocalMoveOperator
SegmentMutation
OppositeMoveOperator
Execution: 1
Generation: 0; 
d: 20.396078054371138; energy: -7.0; 1,0,2,1,2,0,1,0,1,2,0,1,1,2,1,1,1,0,1,1,1,0,0,2,2,0,0,2,2,1,1,0,1,2,1,2,2,0,1,1,2,0,0,2,1,2,0,2,1,2,0,0,2,0,0,2,1,0,0,2,2,1,2,1,1,2,1,0,2,0,1,0,1,0,2,2,0,0,2,2,0,2,2
Best fitness found so far: -7.0; distance: 20.396078054371138
Generation: 1; 
d: 16.1245154965971; energy: -29.0; 2,2,0,2,0,0,0,0,0,1,1,1,0,1,0,0,1,0,1,1,2,0,1,2,0,2,0,1,2,2,0,2,2,0,2,0,2,1,0,1,0,0,0,2,1,1,0,2,2,0,1,0,1,0,1,1,1,2,0,1,2,0,0,1,0,1,0,2,0,2,2,1,2,1,1,0,0,1,2,0,2,2,2
Best fitness found so far: -29.0; distance: 16.1245154965971
Generation: 2; 
d: 16.278820596099706; energy: -31.0; 0,2,0,0,1,0,2,0,1,1,1,0,1,0,1,2,2,1,1,2,1,0,2,2,0,0,2,1,2,1,1,2,2,0,0,1,1,0,0,2,1,0,1,1,2,1,2,2,1,0,1,1,1,0,1,0,0,2,2,1,1,1,2,2,1,0,2,1,1,1,0,0,0,1,0,0,1,2,2,0,1,1,2
Best fitness found so far: -31.0; distance: 16.278820596099706
Generation: 3; 
d: 18.384776310850235; energy: -29.0; 0,1,2,0,1,1,2,2,1,0,0,2,1,0,0,1,2,0,1,2,2,1,2,2,0,0,2,1,2,1,1,2,2,0,0,1,1,0,0,2,1,0,1,1,2,1,2,2,1,0,1,1,1,0,1,0,0,2,2,1,1,1,2,2,1,0,2,1,1,1,0,0,0,1,0,0,1,2,2,0,1,1,2
Best fitness found so far: -31.0; distance: 16.278820596099706
Generation: 4; 
d: 13.601470508735444; energy: -32.0; 0,0,2,2,2,1,2,2,0,2,2,1,2,1,0,2,0,0,2,0,1,1,2,2,2,2,0,1,0,0,1,0,0,2,1,2,1,1,2,1,1,1,1,2,2,1,0,1,1,2,2,0,1,0,2,2,1,0,1,0,1,2,2,1,0,2,1,1,2,1,2,2,2,0,1,1,1,2,0,0,1,1,1
Best fitness found so far: -32.0; distance: 13.601470508735444
Generation: 5; 
d: 17.46424919657298; energy: -32.0; 1,2,1,1,0,0,1,0,0,1,2,2,1,0,1,2,0,0,1,0,1,0,1,0,1,2,1,0,0,1,2,2,0,0,2,2,0,1,1,0,0,1,2,0,1,1,1,2,2,1,0,2,0,0,1,1,2,0,2,2,2,0,0,0,2,2,1,0,2,1,2,1,0,2,0,0,1,2,1,0,0,1,1
Best fitness found so far: -32.0; distance: 13.601470508735444
Generation: 6; 
d: 14.317821063276353; energy: -32.0; 1,2,1,1,0,0,1,0,0,1,2,2,1,0,1,2,0,0,1,0,1,0,1,0,1,2,1,0,0,1,2,2,0,0,2,2,0,1,1,0,0,1,2,0,1,1,1,2,2,1,0,2,0,0,1,0,0,2,2,1,1,1,2,2,1,0,2,1,1,1,0,0,0,1,0,0,1,2,1,0,0,1,1
Best fitness found so far: -32.0; distance: 13.601470508735444
Generation: 7; 
d: 13.038404810405298; energy: -34.0; 1,2,1,1,0,0,1,0,0,1,2,2,1,0,1,2,0,0,1,0,1,0,1,0,1,2,1,0,0,1,2,2,0,0,2,2,0,1,1,0,0,1,2,0,1,1,1,2,2,1,0,2,0,0,1,0,0,1,2,2,0,0,1,0,1,1,2,1,0,0,2,0,1,1,0,1,2,1,0,2,2,1,1
Best fitness found so far: -34.0; distance: 13.038404810405298
Generation: 8; 
d: 13.038404810405298; energy: -34.0; 0,1,1,1,0,1,0,0,0,1,1,2,0,2,0,0,1,0,0,0,1,0,1,2,0,0,0,2,0,2,0,1,0,0,0,2,2,1,2,0,2,2,2,2,1,2,2,2,2,2,1,1,0,0,1,1,0,1,1,0,1,1,0,0,0,1,2,2,2,2,1,0,2,2,2,2,2,0,2,2,2,2,1
Best fitness found so far: -34.0; distance: 13.038404810405298
Generation: 9; 
d: 15.620499351813308; energy: -35.0; 0,0,0,0,1,0,2,0,1,1,1,0,1,0,1,2,2,1,1,2,1,0,2,2,0,0,2,1,2,1,1,2,2,0,0,1,1,0,0,2,1,0,1,1,2,1,2,2,1,0,1,1,1,0,1,0,0,2,2,1,1,1,2,2,1,0,2,1,1,0,2,0,0,2,0,0,1,2,1,0,0,1,1
Best fitness found so far: -35.0; distance: 15.620499351813308
Generation: 10; 
d: 13.892443989449804; energy: -34.0; 1,2,1,1,0,0,1,0,0,1,2,2,1,0,1,2,0,0,1,0,1,0,1,0,1,2,1,0,0,1,2,2,0,0,2,2,0,1,1,0,0,1,2,0,1,1,1,2,1,0,1,1,1,0,1,0,0,2,2,1,1,1,2,2,1,0,2,1,1,1,2,0,0,1,0,0,1,2,2,0,1,2,2
Best fitness found so far: -35.0; distance: 15.620499351813308
Generation: 11; 
d: 13.892443989449804; energy: -36.0; 0,0,1,1,0,0,1,0,0,1,2,2,1,0,1,2,0,0,1,0,1,0,1,0,1,2,1,0,0,1,0,1,0,0,2,2,2,1,0,2,2,1,1,1,2,1,2,2,1,0,1,1,1,0,1,0,0,2,2,1,1,1,2,2,1,0,2,1,1,0,2,0,0,2,0,0,1,2,1,0,0,1,1
Best fitness found so far: -36.0; distance: 13.892443989449804
Generation: 12; 
d: 17.46424919657298; energy: -38.0; 0,0,2,2,2,1,2,2,0,2,2,1,2,1,0,0,0,0,0,1,1,2,2,1,1,2,1,0,0,1,2,2,0,0,2,2,2,1,2,2,1,1,1,2,2,1,0,2,2,1,0,2,0,0,1,0,0,1,2,2,0,0,2,2,1,0,0,0,1,0,2,0,1,2,1,0,1,2,2,0,2,2,1
Best fitness found so far: -38.0; distance: 17.46424919657298
Generation: 13; 
d: 18.439088914585774; energy: -38.0; 0,0,2,2,2,1,2,2,0,2,2,1,2,1,0,0,0,0,0,1,1,2,2,1,1,2,1,0,0,1,2,2,0,0,2,2,2,1,2,2,1,1,1,2,2,1,0,2,2,1,0,2,0,0,1,0,0,1,2,2,0,0,2,2,1,0,0,0,1,0,2,0,1,2,1,0,1,2,2,0,1,2,2
Best fitness found so far: -38.0; distance: 17.46424919657298
Generation: 14; 
d: 17.46424919657298; energy: -38.0; 0,0,2,2,2,1,2,2,0,2,2,1,2,1,0,0,0,0,0,1,1,2,2,1,1,2,1,0,0,1,2,2,0,0,2,2,2,1,2,2,1,1,1,2,2,1,0,2,2,1,0,2,0,0,1,0,0,1,2,2,0,0,2,2,1,0,0,0,1,0,2,0,1,2,1,0,1,2,2,0,2,2,1
Best fitness found so far: -38.0; distance: 17.46424919657298
Generation: 15; 
d: 15.652475842498529; energy: -41.0; 0,0,2,2,2,1,2,2,0,2,2,1,2,1,0,0,0,0,0,1,1,2,2,1,1,2,1,0,0,1,2,2,0,0,2,2,2,1,2,2,1,1,1,2,2,1,0,2,2,1,0,2,0,0,1,0,0,1,2,2,0,0,2,2,1,0,0,0,1,0,2,0,0,2,0,0,1,2,1,0,0,1,1
Best fitness found so far: -41.0; distance: 15.652475842498529
Generation: 16; 
d: 15.811388300841896; energy: -40.0; 0,0,2,2,2,1,2,2,0,2,2,1,2,1,0,0,0,0,0,1,1,2,2,1,1,2,1,0,0,1,2,2,0,0,2,2,2,1,2,2,1,1,1,2,2,1,0,2,2,1,0,2,0,0,1,0,0,2,2,1,1,1,2,2,1,0,2,1,0,0,2,0,0,1,0,0,1,2,2,0,1,2,2
Best fitness found so far: -41.0; distance: 15.652475842498529
Generation: 17; 
d: 16.64331697709324; energy: -40.0; 0,0,2,2,2,1,2,2,0,2,2,1,2,1,0,0,0,0,0,1,1,2,2,1,1,2,1,0,0,1,2,2,0,0,2,2,2,1,2,2,1,1,1,2,2,1,0,2,2,1,0,2,0,0,1,0,0,2,2,1,1,1,2,2,1,0,2,1,0,0,2,0,0,2,0,0,1,1,2,0,1,2,2
Best fitness found so far: -41.0; distance: 15.652475842498529
Generation: 18; 
d: 15.556349186104045; energy: -40.0; 0,0,2,2,2,1,2,2,0,2,2,1,2,1,0,0,0,0,0,1,1,2,2,1,1,2,1,0,0,1,2,2,0,0,2,2,2,1,2,2,1,1,1,2,2,1,0,2,2,1,0,2,0,0,1,0,0,2,2,1,1,1,2,2,1,0,2,1,0,0,2,0,0,2,0,0,1,1,1,1,0,2,1
Best fitness found so far: -41.0; distance: 15.652475842498529
Generation: 19; 
d: 16.1245154965971; energy: -41.0; 0,0,2,2,2,1,2,2,0,2,2,1,2,1,0,0,0,0,0,1,1,2,2,1,1,2,1,0,0,1,2,2,0,0,2,2,2,1,2,2,1,1,1,2,2,1,0,2,2,1,0,2,0,0,1,0,0,1,2,2,0,0,2,2,1,0,0,0,1,0,2,0,0,2,0,0,1,2,1,0,0,2,2
Best fitness found so far: -41.0; distance: 15.652475842498529
Generation: 20; 
d: 14.422205101855956; energy: -40.0; 0,0,2,2,2,1,2,2,0,2,2,1,2,1,0,0,0,0,0,1,1,2,2,1,1,2,1,0,0,1,2,2,0,0,2,2,2,1,2,2,1,1,1,2,2,1,0,2,2,1,0,2,0,0,1,0,0,2,2,1,1,1,2,2,1,0,2,1,0,0,2,0,0,2,0,0,1,1,1,0,1,2,2
Best fitness found so far: -41.0; distance: 15.652475842498529
Generation: 21; 
d: 16.76305461424021; energy: -40.0; 0,0,2,2,2,1,2,2,0,2,2,1,2,1,0,0,0,0,0,1,1,2,2,1,1,2,1,0,0,1,2,2,0,0,2,2,2,1,2,2,1,1,1,2,2,1,0,2,2,1,0,2,0,0,1,0,0,1,2,1,1,1,2,2,1,0,2,1,1,0,2,0,1,1,1,2,2,2,1,0,0,1,1
Best fitness found so far: -41.0; distance: 15.652475842498529
Generation: 22; 
d: 13.152946437965905; energy: -43.0; 0,0,2,2,2,1,2,2,0,2,2,1,2,1,0,0,0,0,0,1,1,2,2,1,1,2,1,0,0,1,2,2,0,0,2,2,2,1,2,2,1,1,1,2,2,1,0,2,2,1,0,2,0,0,1,0,0,1,2,2,0,0,2,2,1,0,0,0,1,0,2,0,0,2,0,0,0,0,0,0,1,1,1
Best fitness found so far: -43.0; distance: 13.152946437965905
Generation: 23; 
d: 12.806248474865697; energy: -40.0; 1,2,1,1,0,0,1,0,0,1,2,2,1,0,0,1,2,2,0,0,1,0,1,0,1,2,1,0,0,1,2,2,0,0,2,2,0,1,1,0,0,1,2,0,1,1,1,2,2,0,1,1,1,0,1,0,0,2,2,1,1,1,2,2,1,0,2,1,1,0,1,1,1,1,0,0,1,2,2,0,1,2,2
Best fitness found so far: -43.0; distance: 13.152946437965905
Generation: 24; 
d: 12.806248474865697; energy: -40.0; 1,2,1,1,0,0,1,0,0,1,2,2,1,0,0,0,2,2,0,0,1,0,1,0,1,2,1,0,0,1,2,2,0,0,2,2,0,1,1,0,0,1,2,0,1,1,1,2,1,0,1,1,1,0,1,0,0,2,2,1,1,1,2,2,1,0,2,1,1,0,1,1,1,1,0,0,1,2,2,0,1,2,2
Best fitness found so far: -43.0; distance: 13.152946437965905
Generation: 25; 
d: 13.152946437965905; energy: -43.0; 0,0,2,2,2,1,2,2,0,2,2,1,2,1,0,0,0,0,0,1,1,2,2,1,1,2,1,0,0,1,2,2,0,0,2,2,2,1,2,2,1,1,1,2,2,1,0,2,2,1,0,2,0,0,1,0,0,1,2,2,0,0,2,2,1,0,0,1,1,0,2,0,0,2,0,0,0,0,0,0,1,1,1
Best fitness found so far: -43.0; distance: 13.152946437965905
Generation: 26; 
d: 12.806248474865697; energy: -40.0; 1,2,1,1,0,0,1,0,0,1,2,2,1,0,0,1,2,2,0,0,1,0,1,0,1,2,1,0,0,1,2,2,0,0,2,2,0,1,1,0,0,1,2,0,1,1,1,2,2,0,1,1,1,0,1,0,0,2,2,1,1,1,2,2,1,0,2,1,1,0,1,1,1,1,0,0,1,2,2,0,1,2,2
Best fitness found so far: -43.0; distance: 13.152946437965905
Generation: 27; 
d: 12.806248474865697; energy: -40.0; 0,0,2,1,0,0,1,0,0,1,2,2,1,0,0,1,2,2,0,0,1,0,1,0,1,2,1,0,0,1,2,2,0,0,2,2,0,1,1,0,0,1,2,0,1,1,1,2,2,0,1,1,1,0,1,0,0,2,2,1,1,1,2,2,1,0,2,1,1,0,1,1,1,1,0,0,1,2,2,0,1,2,2
Best fitness found so far: -43.0; distance: 13.152946437965905
Generation: 28; 
d: 13.152946437965905; energy: -43.0; 0,0,2,2,2,1,2,2,0,2,2,1,2,1,0,0,0,0,0,1,1,2,2,1,1,2,1,0,0,1,2,2,0,0,2,2,2,1,2,2,1,1,1,2,2,1,0,2,2,1,0,2,0,0,1,0,0,1,2,2,0,0,2,2,1,0,2,1,1,0,2,0,0,2,0,0,0,0,0,0,1,1,1
Best fitness found so far: -43.0; distance: 13.152946437965905
Generation: 29; 
d: 12.806248474865697; energy: -40.0; 1,2,1,1,0,0,1,0,0,1,2,2,1,0,0,1,2,2,0,0,1,0,1,0,1,2,1,0,0,1,2,2,0,0,2,2,0,1,1,0,0,1,2,0,1,1,1,2,2,0,1,1,1,0,1,0,0,2,2,1,1,1,2,2,1,0,2,1,1,0,1,1,1,1,0,0,1,2,2,0,1,2,2
Best fitness found so far: -43.0; distance: 13.152946437965905
Generation: 30; 
d: 13.92838827718412; energy: -41.0; 0,0,2,2,2,1,2,2,0,2,2,1,2,1,0,0,0,0,0,1,1,2,2,1,1,2,1,0,0,1,2,2,0,0,2,2,2,1,2,2,1,1,1,2,2,1,0,2,2,1,0,2,0,0,1,0,0,1,2,1,1,1,2,2,1,0,2,1,1,0,1,0,0,2,0,0,0,0,0,0,1,1,1
Best fitness found so far: -43.0; distance: 13.152946437965905
Generation: 31; 
d: 12.806248474865697; energy: -40.0; 1,2,1,1,0,0,1,0,0,1,2,2,1,0,0,1,2,2,0,0,1,0,1,0,1,2,1,0,0,1,2,2,0,0,2,2,0,1,1,0,0,1,2,0,1,1,1,2,2,0,1,1,1,0,1,0,0,2,2,1,1,1,2,2,1,0,2,1,1,0,1,1,1,1,0,0,1,2,2,0,1,2,2
Best fitness found so far: -43.0; distance: 13.152946437965905
Generation: 32; 
d: 13.152946437965905; energy: -43.0; 0,0,2,2,2,1,2,2,0,2,2,1,2,1,0,0,0,0,0,1,1,2,2,1,1,2,1,0,0,1,2,2,0,0,2,2,2,1,2,2,1,1,1,2,2,1,0,2,2,1,0,2,0,0,1,0,0,1,2,2,1,1,2,2,1,0,0,0,1,0,2,0,0,2,0,0,0,0,0,0,1,1,1
Best fitness found so far: -43.0; distance: 13.152946437965905
Generation: 33; 
d: 13.152946437965905; energy: -43.0; 0,0,2,2,2,1,2,2,0,2,2,1,2,1,0,0,0,0,0,1,1,2,2,1,1,2,1,0,0,1,2,2,0,0,2,2,2,1,2,2,1,1,1,2,2,1,0,2,2,1,0,2,0,0,1,0,0,1,2,2,0,0,2,2,1,0,0,0,1,0,2,0,0,2,0,0,0,0,0,0,1,1,1
Best fitness found so far: -43.0; distance: 13.152946437965905
Generation: 34; 
d: 13.152946437965905; energy: -43.0; 0,0,2,2,2,1,2,2,0,2,2,1,2,1,0,0,0,0,0,1,1,2,2,1,1,2,1,0,0,1,2,2,0,0,2,2,2,1,2,2,1,1,1,2,2,1,0,2,2,1,0,2,0,0,1,0,0,1,2,2,0,0,2,2,1,0,0,0,1,0,2,0,0,2,0,0,0,0,0,0,1,1,1
Best fitness found so far: -43.0; distance: 13.152946437965905
Generation: 35; 
d: 13.152946437965905; energy: -43.0; 0,0,2,2,2,1,2,2,0,2,2,1,2,1,0,0,0,0,0,1,1,2,2,1,1,2,1,0,0,1,2,2,0,0,2,2,2,1,2,2,1,1,1,2,2,1,0,2,2,1,0,2,0,0,1,0,0,1,2,2,0,0,2,2,1,0,0,0,1,0,2,0,0,2,0,0,0,0,0,0,1,1,1
Best fitness found so far: -43.0; distance: 13.152946437965905
Generation: 36; 
d: 13.152946437965905; energy: -43.0; 0,0,2,2,2,1,2,2,0,2,2,1,2,1,0,0,0,0,0,1,1,2,2,1,1,2,1,0,0,1,2,2,0,0,2,2,2,1,2,2,1,1,1,2,2,1,0,2,2,1,0,2,0,0,1,0,0,1,2,2,0,0,2,2,1,0,0,0,1,0,2,0,0,2,0,0,0,0,0,0,1,1,1
Best fitness found so far: -43.0; distance: 13.152946437965905
Generation: 37; 
d: 13.152946437965905; energy: -43.0; 0,0,2,2,2,1,2,2,0,2,2,1,2,1,0,0,0,0,0,1,1,2,2,1,1,2,1,0,0,1,2,2,0,0,2,2,2,1,2,2,1,1,1,2,2,1,0,2,2,1,0,2,0,0,1,0,0,1,2,2,0,0,2,2,1,0,0,0,1,0,2,0,0,2,0,0,0,0,0,0,1,1,1
Best fitness found so far: -43.0; distance: 13.152946437965905
Generation: 38; 
d: 13.152946437965905; energy: -43.0; 0,0,2,2,2,1,2,2,0,2,2,1,2,1,0,0,0,0,0,1,1,2,2,1,1,2,1,0,0,1,2,2,0,0,2,2,2,1,2,2,1,1,1,2,2,1,0,2,2,1,0,2,0,0,1,0,0,1,2,2,0,0,2,2,1,0,0,1,1,0,2,0,0,2,0,0,0,0,0,0,1,1,1
Best fitness found so far: -43.0; distance: 13.152946437965905
Generation: 39; 
d: 13.152946437965905; energy: -43.0; 0,0,2,2,2,1,2,2,0,2,2,1,2,1,0,0,0,0,0,1,1,2,2,1,1,2,1,0,0,1,2,2,0,0,2,2,2,1,2,2,1,1,1,2,2,1,0,2,2,1,0,2,0,0,1,0,0,1,2,2,0,0,2,2,1,0,0,0,1,0,2,0,0,2,0,0,0,0,0,0,1,1,1
Best fitness found so far: -43.0; distance: 13.152946437965905
Generation: 40; 
d: 13.152946437965905; energy: -43.0; 0,0,2,2,2,1,2,2,0,2,2,1,2,1,0,0,0,0,0,1,1,2,2,1,1,2,1,0,0,1,2,2,0,0,2,2,2,1,2,2,1,1,1,2,2,1,0,2,2,1,0,2,0,0,1,0,0,1,2,2,0,0,2,2,1,0,0,0,1,0,2,0,0,2,0,0,0,0,0,0,1,1,1
Best fitness found so far: -43.0; distance: 13.152946437965905
Generation: 41; 
d: 13.152946437965905; energy: -43.0; 0,0,2,2,2,1,2,2,0,2,2,1,2,1,0,0,0,0,0,1,1,2,2,1,1,2,1,0,0,1,2,2,0,0,2,2,2,1,2,2,1,1,1,2,2,1,0,2,2,1,0,2,0,0,1,0,0,1,2,2,0,0,2,2,1,0,0,0,1,0,2,0,0,2,0,0,0,0,0,0,1,1,1
Best fitness found so far: -43.0; distance: 13.152946437965905
Generation: 42; 
d: 13.152946437965905; energy: -43.0; 0,0,2,2,2,1,2,2,0,2,2,1,2,1,0,0,0,0,0,1,1,2,2,1,1,2,1,0,0,1,2,2,0,0,2,2,2,1,2,2,1,1,1,2,2,1,0,2,2,1,0,2,0,0,1,0,0,1,2,2,1,1,2,2,1,0,0,0,1,0,2,0,0,2,0,0,0,0,0,0,1,1,1
Best fitness found so far: -43.0; distance: 13.152946437965905
Generation: 43; 
d: 13.152946437965905; energy: -43.0; 0,0,2,2,2,1,2,2,0,2,2,1,2,1,0,0,0,0,0,1,1,2,2,1,1,2,1,0,0,1,2,2,0,0,2,2,2,1,2,2,1,1,1,2,2,1,0,2,2,1,0,2,0,0,1,0,0,1,2,2,0,0,2,2,1,0,0,0,1,0,2,0,0,2,0,0,0,0,0,0,1,1,1
Best fitness found so far: -43.0; distance: 13.152946437965905
Generation: 44; 
d: 13.152946437965905; energy: -43.0; 0,0,2,2,2,1,2,2,0,2,2,1,2,1,0,0,0,0,0,1,1,2,2,1,1,2,1,0,0,1,2,2,0,0,2,2,2,1,2,2,1,1,1,2,2,1,0,2,2,1,0,2,0,0,1,0,0,1,2,2,0,0,2,2,1,0,0,0,1,0,2,0,0,2,0,0,0,0,0,0,1,1,1
Best fitness found so far: -43.0; distance: 13.152946437965905
Generation: 45; 
d: 13.152946437965905; energy: -43.0; 0,0,2,2,2,1,2,2,0,2,2,1,2,1,0,0,0,0,0,1,1,2,2,1,1,2,1,0,0,1,2,2,0,0,2,2,2,1,2,2,1,1,1,2,2,1,0,2,2,1,0,2,0,0,1,0,0,1,2,2,0,0,2,2,1,0,2,1,1,0,2,0,0,2,0,0,0,0,0,0,1,1,1
Best fitness found so far: -43.0; distance: 13.152946437965905
Generation: 46; 
d: 13.152946437965905; energy: -43.0; 0,0,2,2,2,1,2,2,0,2,2,1,2,1,0,0,0,0,0,1,1,2,2,1,1,2,1,0,0,1,2,2,0,0,2,2,2,1,2,2,1,1,1,2,2,1,0,2,2,1,0,2,0,0,1,0,0,1,2,2,1,1,2,2,1,0,0,0,1,0,2,0,0,2,0,0,0,0,0,0,1,1,1
Best fitness found so far: -43.0; distance: 13.152946437965905
Generation: 47; 
d: 13.152946437965905; energy: -43.0; 0,0,2,2,2,1,2,2,0,2,2,1,2,1,0,0,0,0,0,1,1,2,2,1,1,2,1,0,0,1,2,2,0,0,2,2,2,1,2,2,1,1,1,2,2,1,0,2,2,1,0,2,0,0,1,0,0,1,2,2,0,0,2,2,1,0,0,0,1,0,2,0,0,2,0,0,0,0,0,0,1,1,1
Best fitness found so far: -43.0; distance: 13.152946437965905
Generation: 48; 
d: 13.152946437965905; energy: -43.0; 0,0,2,2,2,1,2,2,0,2,2,1,2,1,0,0,0,0,0,1,1,2,2,1,1,2,1,0,0,1,2,2,0,0,2,2,2,1,2,2,1,1,1,2,2,1,0,2,2,1,0,2,0,0,1,0,0,1,2,2,0,0,2,2,1,0,0,0,1,0,2,0,0,2,0,0,0,0,0,0,1,1,1
Best fitness found so far: -43.0; distance: 13.152946437965905
Generation: 49; 
d: 13.152946437965905; energy: -43.0; 0,0,2,2,2,1,2,2,0,2,2,1,2,1,0,0,0,0,0,1,1,2,2,1,1,2,1,0,0,1,2,2,0,0,2,2,2,1,2,2,1,1,1,2,2,1,0,2,2,1,0,2,0,0,1,0,0,1,2,2,0,0,2,2,1,0,0,1,1,0,2,0,0,2,0,0,0,0,0,0,1,1,1
Best fitness found so far: -43.0; distance: 13.152946437965905
Generation: 50; 
d: 13.152946437965905; energy: -43.0; 0,0,2,2,2,1,2,2,0,2,2,1,2,1,0,0,0,0,0,1,1,2,2,1,1,2,1,0,0,1,2,2,0,0,2,2,2,1,2,2,1,1,1,2,2,1,0,2,2,1,0,2,0,0,1,0,0,1,2,2,0,0,2,2,1,0,0,0,1,0,2,0,0,2,0,0,0,0,0,0,1,1,1
Best fitness found so far: -43.0; distance: 13.152946437965905
Generation: 51; 
d: 13.152946437965905; energy: -43.0; 0,0,2,2,2,1,2,2,0,2,2,1,2,1,0,0,0,0,0,1,1,2,2,1,1,2,1,0,0,1,2,2,0,0,2,2,2,1,2,2,1,1,1,2,2,1,0,2,2,1,0,2,0,0,1,0,0,1,2,2,0,0,2,2,1,0,0,0,1,0,2,0,0,2,0,0,0,0,0,0,1,1,1
Best fitness found so far: -43.0; distance: 13.152946437965905
Generation: 52; 
d: 13.152946437965905; energy: -43.0; 0,0,2,2,2,1,2,2,0,2,2,1,2,1,0,0,0,0,0,1,1,2,2,1,1,2,1,0,0,1,2,2,0,0,2,2,2,1,2,2,1,1,1,2,2,1,0,2,2,1,0,2,0,0,1,0,0,1,2,2,0,0,2,2,1,0,0,0,1,0,2,0,0,2,0,0,0,0,0,0,1,1,1
Best fitness found so far: -43.0; distance: 13.152946437965905
Generation: 53; 
d: 13.152946437965905; energy: -43.0; 0,0,2,2,2,1,2,2,0,2,2,1,2,1,0,0,0,0,0,1,1,2,2,1,1,2,1,0,0,1,2,2,0,0,2,2,2,1,2,2,1,1,1,2,2,1,0,2,2,1,0,2,0,0,1,0,0,1,2,2,0,0,2,2,1,0,0,0,1,0,2,0,0,2,0,0,0,0,0,0,1,1,1
Best fitness found so far: -43.0; distance: 13.152946437965905
Generation: 54; 
d: 13.152946437965905; energy: -43.0; 0,0,2,2,2,1,2,2,0,2,2,1,2,1,0,0,0,0,0,1,1,2,2,1,1,2,1,0,0,1,2,2,0,0,2,2,0,1,2,2,1,1,1,2,2,1,0,2,2,1,0,2,0,0,1,0,0,1,2,2,0,0,2,2,1,0,0,0,1,0,2,0,0,2,0,0,0,0,0,0,1,1,1
Best fitness found so far: -43.0; distance: 13.152946437965905
Generation: 55; 
d: 13.152946437965905; energy: -43.0; 0,0,2,2,2,1,2,2,0,2,2,1,2,1,0,0,0,0,0,1,1,2,2,1,1,2,1,0,0,1,2,2,0,0,2,2,2,1,2,2,1,1,1,2,2,1,0,2,2,1,0,2,0,0,1,0,0,1,2,2,0,0,2,2,1,0,0,0,1,0,2,0,0,2,0,0,0,0,0,0,1,1,1
Best fitness found so far: -43.0; distance: 13.152946437965905
Generation: 56; 
d: 13.152946437965905; energy: -43.0; 0,0,2,2,2,1,2,2,0,2,2,1,2,1,0,0,0,0,0,1,1,2,2,1,1,2,1,0,0,1,2,2,0,0,2,2,2,1,2,2,1,1,1,2,2,1,0,2,2,1,0,2,0,0,1,0,0,1,2,2,0,0,2,2,1,0,0,0,1,0,2,0,0,2,0,0,0,0,0,0,1,1,1
Best fitness found so far: -43.0; distance: 13.152946437965905
Generation: 57; 
d: 13.152946437965905; energy: -43.0; 0,0,2,2,2,1,2,2,0,2,2,1,2,1,0,0,0,0,0,1,1,2,2,1,1,2,1,0,0,1,2,2,0,0,2,2,2,1,2,2,1,1,1,2,2,1,0,2,2,1,0,2,0,0,1,0,0,1,2,2,0,0,2,2,1,0,0,0,1,0,2,0,0,2,0,0,0,0,0,0,1,1,1
Best fitness found so far: -43.0; distance: 13.152946437965905
Generation: 58; 
d: 13.152946437965905; energy: -43.0; 0,0,2,2,2,1,2,2,0,2,2,1,2,1,0,0,0,0,0,1,1,2,2,1,1,2,1,0,0,1,2,2,0,0,2,2,2,1,2,2,1,1,1,2,2,1,0,2,2,1,0,2,0,0,1,0,0,1,2,2,0,0,2,2,1,0,0,0,1,0,2,0,0,2,0,0,0,0,0,0,1,1,1
Best fitness found so far: -43.0; distance: 13.152946437965905
Generation: 59; 
d: 13.152946437965905; energy: -43.0; 0,0,2,2,2,1,2,2,0,2,2,1,2,1,0,0,0,0,0,1,1,2,2,1,1,2,1,0,0,1,2,2,0,0,2,2,2,1,2,2,1,1,1,2,2,1,0,2,2,1,0,2,0,0,1,0,0,1,2,2,0,0,2,2,1,0,0,1,1,0,2,0,0,2,0,0,0,0,0,0,1,1,1
Best fitness found so far: -43.0; distance: 13.152946437965905
Generation: 60; 
d: 13.152946437965905; energy: -43.0; 0,0,2,2,2,1,2,2,0,2,2,1,2,1,0,0,0,0,0,1,1,2,2,1,1,2,1,0,0,1,2,2,0,0,2,2,2,1,2,2,1,1,1,2,2,1,0,2,2,1,0,2,0,0,1,0,0,1,2,2,0,0,2,2,1,0,0,0,1,0,2,0,0,2,0,0,0,0,0,0,1,1,1
Best fitness found so far: -43.0; distance: 13.152946437965905
Execution: 2
Generation: 61; 
d: 13.152946437965905; energy: -43.0; 0,0,2,2,2,1,2,2,0,2,2,1,2,1,0,0,0,0,0,1,1,2,2,1,1,2,1,0,0,1,2,2,0,0,2,2,2,1,2,2,1,1,1,2,2,1,0,2,2,1,0,2,0,0,1,0,0,1,2,2,0,0,2,2,1,0,2,1,1,0,2,0,0,2,0,0,0,0,0,0,1,1,1
Best fitness found so far: -43.0; distance: 13.152946437965905
Generation: 62; 
d: 15.811388300841896; energy: -28.0; 2,0,0,2,2,1,0,0,1,2,1,2,2,0,0,1,1,0,0,2,2,0,0,1,1,1,2,0,0,2,1,1,1,0,1,0,2,0,1,2,2,0,0,1,2,2,1,0,0,1,1,1,0,1,0,2,2,1,1,1,1,0,2,0,0,2,2,1,1,1,1,2,1,2,2,0,0,2,0,1,0,1,1
Best fitness found so far: -43.0; distance: 13.152946437965905
Generation: 63; 
d: 13.892443989449804; energy: -27.0; 1,0,2,2,0,2,0,2,1,0,1,0,2,0,1,2,1,1,2,0,0,2,0,0,2,1,0,2,0,0,2,0,0,0,1,0,1,2,0,0,1,0,2,2,0,2,0,1,1,0,2,2,1,2,1,1,0,0,2,2,0,2,1,2,2,0,0,1,1,0,2,1,0,1,1,1,0,1,0,2,0,0,2
Best fitness found so far: -43.0; distance: 13.152946437965905
Generation: 64; 
d: 15.264337522473747; energy: -34.0; 0,0,0,0,1,2,0,1,2,1,0,0,1,2,0,2,2,0,2,2,1,0,0,1,1,1,0,0,2,2,0,0,1,2,2,0,2,0,0,1,0,2,0,2,2,0,2,2,0,0,2,2,0,0,0,0,0,1,1,0,0,0,1,2,2,0,2,2,0,1,1,1,0,1,0,2,1,0,1,2,2,1,2
Best fitness found so far: -43.0; distance: 13.152946437965905
Generation: 65; 
d: 16.401219466856727; energy: -33.0; 2,0,0,2,1,1,0,1,2,1,0,0,1,2,0,2,2,0,2,2,1,0,0,1,1,1,0,0,2,2,0,0,1,2,2,0,2,0,0,1,0,2,0,2,2,0,2,2,0,0,2,2,0,0,0,0,0,1,1,0,0,0,1,2,2,0,2,2,0,1,1,1,0,1,0,2,1,0,1,2,2,1,2
Best fitness found so far: -43.0; distance: 13.152946437965905
Generation: 66; 
d: 18.027756377319946; energy: -33.0; 1,0,1,0,0,2,1,0,2,2,0,0,1,0,0,2,2,1,2,1,0,0,2,2,0,0,1,1,0,1,2,2,2,0,1,0,1,2,2,0,1,0,0,2,2,2,0,1,0,0,2,0,1,2,2,2,1,1,2,0,2,0,0,0,0,0,1,1,1,2,2,0,1,2,2,1,0,0,2,2,1,1,1
Best fitness found so far: -43.0; distance: 13.152946437965905
Generation: 67; 
d: 13.601470508735444; energy: -35.0; 0,0,0,0,1,2,0,1,2,1,0,0,1,2,0,2,2,0,2,2,1,0,0,1,1,1,0,0,2,2,0,0,1,2,2,0,2,0,0,1,0,2,0,2,2,0,2,2,0,0,2,2,0,0,0,0,0,1,1,0,0,0,1,2,2,0,2,2,0,1,1,1,0,1,0,2,1,0,1,0,0,2,0
Best fitness found so far: -43.0; distance: 13.152946437965905
Generation: 68; 
d: 13.892443989449804; energy: -34.0; 0,0,0,0,1,2,0,1,2,1,0,0,1,2,0,2,2,0,2,2,1,0,0,1,1,1,0,0,2,2,0,0,1,2,2,0,2,0,0,1,0,2,0,2,2,0,2,2,0,0,2,2,0,0,0,0,0,1,1,0,0,0,1,2,2,0,2,2,0,1,1,1,0,1,0,0,2,0,0,2,2,1,1
Best fitness found so far: -43.0; distance: 13.152946437965905
Generation: 69; 
d: 13.0; energy: -34.0; 0,2,1,0,2,2,0,1,2,1,0,0,1,2,0,2,2,0,2,2,1,0,0,1,1,1,0,0,2,2,0,0,1,2,2,0,2,0,0,1,0,2,0,2,2,0,2,2,0,0,2,2,0,0,0,0,0,1,1,0,0,0,1,2,2,0,2,2,0,1,1,1,2,0,2,0,0,2,0,1,0,1,1
Best fitness found so far: -43.0; distance: 13.152946437965905
Generation: 70; 
d: 13.45362404707371; energy: -36.0; 0,0,0,0,1,2,0,1,2,1,0,0,1,2,0,2,2,0,2,2,1,0,0,1,1,1,0,0,2,2,0,0,1,2,2,0,2,0,0,1,0,2,0,2,2,0,2,2,0,0,2,2,0,0,0,0,0,1,1,0,0,0,1,2,2,0,2,2,0,1,1,1,0,1,1,0,0,1,1,0,0,0,2
Best fitness found so far: -43.0; distance: 13.152946437965905
Generation: 71; 
d: 13.038404810405298; energy: -36.0; 1,0,1,0,0,2,0,1,2,1,0,0,1,2,0,2,2,0,2,2,1,0,0,1,1,1,0,0,2,2,0,0,1,2,2,0,2,0,0,1,0,2,0,2,2,0,2,2,0,0,2,2,0,0,0,0,0,1,1,0,0,0,1,2,2,0,2,2,0,1,1,0,0,1,2,1,2,0,0,1,0,2,0
Best fitness found so far: -43.0; distance: 13.152946437965905
Generation: 72; 
d: 12.206555615733702; energy: -37.0; 1,0,1,0,0,2,1,0,2,2,0,0,0,2,0,2,2,0,2,2,1,0,0,1,1,1,0,0,2,2,0,0,1,2,2,0,2,0,0,1,0,2,0,2,2,0,2,2,0,0,2,2,0,0,0,0,0,1,1,0,0,0,1,2,2,0,2,2,0,1,1,1,2,0,2,0,0,2,0,1,0,1,1
Best fitness found so far: -43.0; distance: 13.152946437965905
Generation: 73; 
d: 12.206555615733702; energy: -37.0; 1,0,1,0,0,2,1,0,2,2,0,0,0,2,0,2,2,0,2,2,1,0,0,1,1,1,0,0,2,2,0,0,1,2,2,0,2,0,0,1,0,2,0,2,2,0,2,2,0,0,2,2,0,0,0,0,0,1,1,0,0,0,1,2,2,0,2,2,0,1,1,1,2,0,2,0,0,2,0,1,0,1,1
Best fitness found so far: -43.0; distance: 13.152946437965905
Generation: 74; 
d: 13.45362404707371; energy: -38.0; 0,0,0,0,1,2,0,1,2,1,0,0,1,2,0,2,2,0,2,2,1,0,0,1,1,1,0,0,2,2,0,0,1,2,2,0,2,0,0,1,0,2,0,2,2,0,2,1,2,2,1,0,0,0,0,0,0,1,1,0,0,0,1,2,2,0,2,2,0,1,1,1,0,1,1,0,0,1,1,0,0,0,2
Best fitness found so far: -43.0; distance: 13.152946437965905
Generation: 75; 
d: 12.206555615733702; energy: -39.0; 1,0,1,0,0,2,1,0,2,2,0,0,1,2,0,2,2,0,2,2,1,0,0,1,1,1,0,0,2,2,0,0,1,2,2,0,2,0,0,1,0,2,0,2,2,0,2,1,2,2,2,2,0,0,0,0,0,1,1,0,0,0,1,2,2,0,2,2,0,1,1,1,2,0,2,0,0,2,0,1,0,1,1
Best fitness found so far: -43.0; distance: 13.152946437965905
Generation: 76; 
d: 11.40175425099138; energy: -39.0; 0,0,1,1,2,2,1,0,2,2,0,0,1,2,0,2,2,0,2,2,1,0,0,1,1,1,0,0,2,2,0,0,1,2,2,0,2,0,0,1,0,2,0,2,2,0,2,2,0,0,2,2,0,0,0,0,0,1,1,0,0,0,1,2,2,0,2,2,0,1,1,1,2,0,2,0,0,1,1,0,0,1,1
Best fitness found so far: -43.0; distance: 13.152946437965905
Generation: 77; 
d: 11.40175425099138; energy: -39.0; 0,0,1,1,2,2,1,0,2,2,0,0,1,2,0,2,2,0,2,2,1,0,0,1,1,1,0,0,2,2,0,0,1,2,2,0,2,0,0,1,0,2,0,2,2,0,2,2,0,0,2,2,0,0,0,0,0,1,1,0,0,0,1,2,2,0,2,2,0,1,1,1,2,0,2,0,0,1,1,0,0,1,1
Best fitness found so far: -43.0; distance: 13.152946437965905
Generation: 78; 
d: 11.40175425099138; energy: -41.0; 0,0,1,1,2,2,1,0,2,2,0,0,0,2,0,2,2,0,2,2,1,0,0,1,1,1,0,0,2,2,0,0,1,2,2,0,2,0,0,1,0,2,0,2,2,0,2,1,2,2,2,2,0,0,0,0,0,1,1,0,0,0,1,2,2,0,2,2,0,1,1,1,2,0,2,0,0,2,2,2,0,0,1
Best fitness found so far: -43.0; distance: 13.152946437965905
Generation: 79; 
d: 11.40175425099138; energy: -41.0; 0,0,1,1,2,2,1,0,2,2,0,0,1,2,0,2,2,0,2,2,1,0,0,1,1,1,0,0,2,2,0,0,1,2,2,0,2,0,0,1,0,2,0,2,2,0,2,1,2,2,2,2,0,0,0,0,0,1,1,0,0,0,1,2,2,0,2,2,0,1,1,1,2,0,2,0,0,1,1,0,0,1,1
Best fitness found so far: -43.0; distance: 13.152946437965905
Generation: 80; 
d: 11.40175425099138; energy: -41.0; 0,0,1,1,2,2,1,0,2,2,0,0,0,2,0,2,2,0,2,2,1,0,0,1,1,1,0,0,2,2,0,0,1,2,2,0,2,0,0,1,0,2,0,2,2,0,2,1,2,2,2,2,0,0,0,0,0,1,1,0,0,0,1,2,2,0,2,2,0,1,1,1,2,0,2,0,0,1,1,0,0,1,1
Best fitness found so far: -43.0; distance: 13.152946437965905
Generation: 81; 
d: 11.40175425099138; energy: -42.0; 0,0,1,1,2,2,1,0,2,2,0,0,0,2,0,2,2,0,2,2,1,0,0,1,1,1,0,0,2,2,0,0,1,2,2,0,2,0,0,1,0,2,0,2,2,0,2,1,2,2,2,2,0,0,0,0,0,1,1,0,0,0,1,2,2,0,2,1,2,0,0,2,2,0,2,0,0,1,1,0,0,1,1
Best fitness found so far: -43.0; distance: 13.152946437965905
Generation: 82; 
d: 11.40175425099138; energy: -42.0; 0,0,1,1,2,2,1,0,2,2,0,0,0,2,0,2,2,0,2,2,1,0,0,1,1,1,0,0,2,2,0,0,1,2,2,0,2,0,0,1,0,2,0,2,2,0,2,1,2,2,2,2,0,0,0,0,0,1,1,0,0,0,1,2,2,0,2,1,2,0,0,2,2,0,2,0,0,1,1,0,0,1,1
Best fitness found so far: -43.0; distance: 13.152946437965905
Generation: 83; 
d: 11.40175425099138; energy: -42.0; 0,0,1,1,2,2,1,0,2,2,0,0,0,2,0,2,2,0,2,2,1,0,0,1,1,1,0,0,2,2,0,0,1,2,2,0,2,0,0,1,0,2,0,2,2,0,2,1,2,2,2,2,0,0,0,0,0,1,1,0,0,0,1,2,2,0,2,1,2,0,0,2,2,0,2,0,0,1,1,0,0,1,1
Best fitness found so far: -43.0; distance: 13.152946437965905
Generation: 84; 
d: 11.40175425099138; energy: -42.0; 0,0,1,1,2,2,1,0,2,2,0,0,1,2,0,2,2,0,2,2,1,0,0,1,1,1,0,0,2,2,0,0,1,2,2,0,2,0,0,1,0,2,0,2,2,0,2,1,2,2,2,2,0,0,0,0,0,1,1,0,0,0,1,2,2,0,2,1,2,0,0,2,2,0,2,0,0,1,1,0,0,1,1
Best fitness found so far: -43.0; distance: 13.152946437965905
Generation: 85; 
d: 11.40175425099138; energy: -42.0; 0,0,1,1,2,2,1,0,2,2,0,0,0,2,0,2,2,0,2,2,1,0,0,1,1,1,0,0,2,2,0,0,1,2,2,0,2,0,0,1,0,2,0,2,2,0,2,1,2,2,2,2,0,0,0,0,0,1,1,0,0,0,1,2,2,0,2,1,2,0,0,2,2,0,2,0,0,1,1,0,0,1,1
Best fitness found so far: -43.0; distance: 13.152946437965905
Generation: 86; 
d: 11.40175425099138; energy: -42.0; 0,0,1,1,2,2,1,0,2,2,0,0,1,2,0,2,2,0,2,2,1,0,0,1,1,1,0,0,2,2,0,0,1,2,2,0,2,0,0,1,0,2,0,2,2,0,2,1,2,2,2,2,0,0,0,0,0,1,1,0,0,0,1,2,2,0,2,1,2,0,0,2,2,0,2,0,0,1,1,0,0,1,1
Best fitness found so far: -43.0; distance: 13.152946437965905
Generation: 87; 
d: 11.40175425099138; energy: -42.0; 0,0,1,1,2,2,1,0,2,2,0,0,1,2,0,2,2,0,2,2,1,0,0,1,1,1,0,0,2,2,0,0,1,2,2,0,2,0,0,1,0,2,0,2,2,0,2,1,2,2,2,2,0,0,0,0,0,1,1,0,0,0,1,2,2,0,2,1,2,0,0,2,2,0,2,0,0,1,1,0,0,1,1
Best fitness found so far: -43.0; distance: 13.152946437965905
Generation: 88; 
d: 11.40175425099138; energy: -42.0; 0,1,1,1,2,2,1,0,2,2,0,0,1,2,0,2,2,0,2,2,1,0,0,1,1,1,0,0,2,2,0,0,1,2,2,0,2,0,0,1,0,2,0,2,2,0,2,1,2,2,2,2,0,0,0,0,0,1,1,0,0,0,1,2,2,0,2,1,2,0,0,2,2,0,2,0,0,1,1,0,0,1,1
Best fitness found so far: -43.0; distance: 13.152946437965905
Generation: 89; 
d: 11.40175425099138; energy: -42.0; 0,0,1,1,2,2,1,0,2,2,0,0,0,2,0,2,2,0,2,2,1,0,0,1,1,1,0,0,2,2,0,0,1,2,2,0,2,0,0,1,0,2,0,2,2,0,2,1,2,2,2,2,0,0,0,0,0,1,1,0,0,0,1,2,2,0,2,1,2,0,0,2,2,0,2,0,0,1,1,0,0,1,1
Best fitness found so far: -43.0; distance: 13.152946437965905
Generation: 90; 
d: 11.40175425099138; energy: -42.0; 0,0,1,1,2,2,1,0,2,2,0,0,1,2,0,2,2,0,2,2,1,0,0,1,1,1,0,0,2,2,0,0,1,2,2,0,2,0,0,1,0,2,0,2,2,0,2,1,2,2,2,2,0,0,0,0,0,1,1,0,0,0,1,2,2,0,2,1,2,0,0,2,2,0,2,0,0,1,1,0,0,1,1
Best fitness found so far: -43.0; distance: 13.152946437965905
Generation: 91; 
d: 11.40175425099138; energy: -42.0; 0,0,1,1,2,2,1,0,2,2,0,0,0,2,0,2,2,0,2,2,1,0,0,1,1,1,0,0,2,2,0,0,1,2,2,0,2,0,0,1,0,2,0,2,2,0,2,1,2,2,2,2,0,0,0,0,0,1,1,0,0,0,1,2,2,0,2,1,2,0,0,2,2,0,2,0,0,1,1,0,0,1,1
Best fitness found so far: -43.0; distance: 13.152946437965905
Generation: 92; 
d: 11.40175425099138; energy: -42.0; 0,0,1,1,2,2,1,0,2,2,0,0,0,2,0,2,2,0,2,2,1,0,0,1,1,1,0,0,2,2,0,0,1,2,2,0,2,0,0,1,0,2,0,2,2,0,2,1,2,2,2,2,0,0,0,0,0,1,1,0,0,0,1,2,2,0,2,1,2,0,0,2,2,0,2,0,0,1,1,0,0,1,1
Best fitness found so far: -43.0; distance: 13.152946437965905
Generation: 93; 
d: 11.40175425099138; energy: -42.0; 0,0,1,1,2,2,1,0,2,2,0,0,0,2,0,2,2,0,2,2,1,0,0,1,1,1,0,0,2,2,0,0,1,2,2,0,2,0,0,1,0,2,0,2,2,0,2,1,2,2,2,2,0,0,0,0,0,1,1,0,0,0,1,2,2,0,2,1,2,0,0,2,2,0,2,0,0,1,1,0,0,1,1
Best fitness found so far: -43.0; distance: 13.152946437965905
Generation: 94; 
d: 11.40175425099138; energy: -42.0; 0,0,1,1,2,2,1,0,2,2,0,0,1,2,0,2,2,0,2,2,1,0,0,1,1,1,0,0,2,2,0,0,1,2,2,0,2,0,0,1,0,2,0,2,2,0,2,1,2,2,2,2,0,0,0,0,0,1,1,0,0,0,1,2,2,0,2,1,2,0,0,2,2,0,2,0,0,1,1,0,0,1,1
Best fitness found so far: -43.0; distance: 13.152946437965905
Generation: 95; 
d: 11.40175425099138; energy: -42.0; 0,0,1,1,2,2,1,0,2,2,0,0,0,2,0,2,2,0,2,2,1,0,0,1,1,1,0,0,2,2,0,0,1,2,2,0,2,0,0,1,0,2,0,2,2,0,2,1,2,2,2,2,0,0,0,0,0,1,1,0,0,0,1,2,2,0,2,1,2,0,0,2,2,0,2,0,0,1,1,0,0,1,1
Best fitness found so far: -43.0; distance: 13.152946437965905
Generation: 96; 
d: 11.40175425099138; energy: -42.0; 0,0,1,1,2,2,1,0,2,2,0,0,1,2,0,2,2,0,2,2,1,0,0,1,1,1,0,0,2,2,0,0,1,2,2,0,2,0,0,1,0,2,0,2,2,0,2,1,2,2,2,2,0,0,0,0,0,1,1,0,0,0,1,2,2,0,2,1,2,0,0,2,2,0,2,0,0,1,1,0,0,1,1
Best fitness found so far: -43.0; distance: 13.152946437965905
Generation: 97; 
d: 11.40175425099138; energy: -42.0; 0,0,1,1,2,2,1,0,2,2,0,0,1,2,0,2,2,0,2,2,1,0,0,1,1,1,0,0,2,2,0,0,1,2,2,0,2,0,0,1,0,2,0,2,2,0,2,1,2,2,2,2,0,0,0,0,0,1,1,0,0,0,1,2,2,0,2,1,2,0,0,2,2,0,2,0,0,1,1,0,0,1,1
Best fitness found so far: -43.0; distance: 13.152946437965905
Generation: 98; 
d: 11.40175425099138; energy: -42.0; 0,0,1,1,2,2,1,0,2,2,0,0,0,2,0,2,2,0,2,2,1,0,0,1,1,1,0,0,2,2,0,0,1,2,2,0,2,0,0,1,0,2,0,2,2,0,2,1,2,2,2,2,0,0,0,0,0,1,1,0,0,0,1,2,2,0,2,1,2,0,0,2,2,0,2,0,0,1,1,0,0,1,1
Best fitness found so far: -43.0; distance: 13.152946437965905
Generation: 99; 
d: 11.40175425099138; energy: -42.0; 0,0,1,1,2,2,1,0,2,2,0,0,1,2,0,2,2,0,2,2,1,0,0,1,1,1,0,0,2,2,0,0,1,2,2,0,2,0,0,1,0,2,0,2,2,0,2,1,2,2,2,2,0,0,0,0,0,1,1,0,0,0,1,2,2,0,2,1,2,0,0,2,2,0,2,0,0,1,1,0,0,1,1
Best fitness found so far: -43.0; distance: 13.152946437965905
Generation: 100; 
d: 11.40175425099138; energy: -42.0; 0,0,1,1,2,2,1,0,2,2,0,0,0,2,0,2,2,0,2,2,1,0,0,1,1,1,0,0,2,2,0,0,1,2,2,0,2,0,0,1,0,2,0,2,2,0,2,1,2,2,2,2,0,0,0,0,0,1,1,0,0,0,1,2,2,0,2,1,2,0,0,2,2,0,2,0,0,1,1,0,0,1,1
Best fitness found so far: -43.0; distance: 13.152946437965905
Generation: 101; 
d: 11.40175425099138; energy: -42.0; 0,0,1,1,2,2,1,0,2,2,0,0,1,2,0,2,2,0,2,2,1,0,0,1,1,1,0,0,2,2,0,0,1,2,2,0,2,0,0,1,0,2,0,2,2,0,2,1,2,2,2,2,0,0,0,0,0,1,1,0,0,0,1,2,2,0,2,1,2,0,0,2,2,0,2,0,0,1,1,0,0,1,1
Best fitness found so far: -43.0; distance: 13.152946437965905
Generation: 102; 
d: 11.40175425099138; energy: -42.0; 0,0,1,1,2,2,1,0,2,2,0,0,0,2,0,2,2,0,2,2,1,0,0,1,1,1,0,0,2,2,0,0,1,2,2,0,2,0,0,1,0,2,0,2,2,0,2,1,2,2,2,2,0,0,0,0,0,1,1,0,0,0,1,2,2,0,2,1,2,0,0,2,2,0,2,0,0,1,1,0,0,1,1
Best fitness found so far: -43.0; distance: 13.152946437965905
Generation: 103; 
d: 11.40175425099138; energy: -42.0; 0,0,1,1,2,2,1,0,2,2,0,0,1,2,0,2,2,0,2,2,1,0,0,1,1,1,0,0,2,2,0,0,1,2,2,0,2,0,0,1,0,2,0,2,2,0,2,1,2,2,2,2,0,0,0,0,0,1,1,0,0,0,1,2,2,0,2,1,2,0,0,2,2,0,2,0,0,1,1,0,0,1,1
Best fitness found so far: -43.0; distance: 13.152946437965905
Generation: 104; 
d: 11.40175425099138; energy: -42.0; 0,0,1,1,2,2,1,0,2,2,0,0,0,2,0,2,2,0,2,2,1,0,0,1,1,1,0,0,2,2,0,0,1,2,2,0,2,0,0,1,0,2,0,2,2,0,2,1,2,2,2,2,0,0,0,0,0,1,1,0,0,0,1,2,2,0,2,1,2,0,0,2,2,0,2,0,0,1,1,0,0,1,1
Best fitness found so far: -43.0; distance: 13.152946437965905
Generation: 105; 
d: 11.40175425099138; energy: -42.0; 0,0,1,1,2,2,1,0,2,2,0,0,1,2,0,2,2,0,2,2,1,0,0,1,1,1,0,0,2,2,0,0,1,2,2,0,2,0,0,1,0,2,0,2,2,0,2,1,2,2,2,2,0,0,0,0,0,1,1,0,0,0,1,2,2,0,2,1,2,0,0,2,2,0,2,0,0,1,1,0,0,1,1
Best fitness found so far: -43.0; distance: 13.152946437965905
Generation: 106; 
d: 11.40175425099138; energy: -42.0; 0,0,1,1,2,2,1,0,2,2,0,0,0,2,0,2,2,0,2,2,1,0,0,1,1,1,0,0,2,2,0,0,1,2,2,0,2,0,0,1,0,2,0,2,2,0,2,1,2,2,2,2,0,0,0,0,0,1,1,0,0,0,1,2,2,0,2,1,2,0,0,2,2,0,2,0,0,1,1,0,0,1,1
Best fitness found so far: -43.0; distance: 13.152946437965905
Generation: 107; 
d: 11.40175425099138; energy: -42.0; 0,0,1,1,2,2,1,0,2,2,0,0,0,2,0,2,2,0,2,2,1,0,0,1,1,1,0,0,2,2,0,0,1,2,2,0,2,0,0,1,0,2,0,2,2,0,2,1,2,2,2,2,0,0,0,0,0,1,1,0,0,0,1,2,2,0,2,1,2,0,0,2,2,0,2,0,0,1,1,0,0,0,1
Best fitness found so far: -43.0; distance: 13.152946437965905
Generation: 108; 
d: 11.40175425099138; energy: -42.0; 0,0,1,1,2,2,1,0,2,2,0,0,0,2,0,2,2,0,2,2,1,0,0,1,1,1,0,0,2,2,0,0,1,2,2,0,2,0,0,1,0,2,0,2,2,0,2,1,2,2,2,2,0,0,0,0,0,1,1,0,0,0,1,2,2,0,2,1,2,0,0,2,2,0,2,0,0,1,1,0,0,1,1
Best fitness found so far: -43.0; distance: 13.152946437965905
Generation: 109; 
d: 11.40175425099138; energy: -42.0; 0,0,1,1,2,2,1,0,2,2,0,0,0,2,0,2,2,0,2,2,1,0,0,1,1,1,0,0,2,2,0,0,1,2,2,0,2,0,0,1,0,2,0,2,2,0,2,1,2,2,2,2,0,0,0,0,0,1,1,0,0,0,1,2,2,0,2,1,2,0,0,2,2,0,2,0,0,1,1,0,0,1,1
Best fitness found so far: -43.0; distance: 13.152946437965905
Generation: 110; 
d: 11.40175425099138; energy: -42.0; 0,0,1,1,2,2,1,0,2,2,0,0,0,2,0,2,2,0,2,2,1,0,0,1,1,1,0,0,2,2,0,0,1,2,2,0,2,0,0,1,0,2,0,2,2,0,2,1,2,2,2,2,0,0,0,0,0,1,1,0,0,0,1,2,2,0,2,1,2,0,0,2,2,0,2,0,0,1,1,0,0,1,1
Best fitness found so far: -43.0; distance: 13.152946437965905
Generation: 111; 
d: 11.40175425099138; energy: -42.0; 0,0,1,1,2,2,1,0,2,2,0,0,0,2,0,2,2,0,2,2,1,0,0,1,1,1,0,0,2,2,0,0,1,2,2,0,2,0,0,1,0,2,0,2,2,0,2,1,2,2,2,2,0,0,0,0,0,1,1,0,0,0,1,2,2,0,2,1,2,0,0,2,2,0,2,0,0,1,1,0,0,1,1
Best fitness found so far: -43.0; distance: 13.152946437965905
Generation: 112; 
d: 11.40175425099138; energy: -42.0; 0,0,1,1,2,2,1,0,2,2,0,0,0,2,0,2,2,0,2,2,1,0,0,1,1,1,0,0,2,2,0,0,1,2,2,0,2,0,0,1,0,2,0,2,2,0,2,1,2,2,1,2,0,0,0,0,0,1,1,0,0,0,1,2,2,0,2,1,2,0,0,2,2,0,2,0,0,1,1,0,0,1,1
Best fitness found so far: -43.0; distance: 13.152946437965905
Generation: 113; 
d: 11.40175425099138; energy: -42.0; 0,0,1,1,2,2,1,0,2,2,0,0,0,2,0,2,2,0,2,2,1,0,0,1,1,1,0,0,2,2,0,0,1,2,2,0,2,0,0,1,0,2,0,2,2,0,2,1,2,2,2,2,0,0,0,0,0,1,1,0,0,0,1,2,2,0,2,1,2,0,0,2,2,0,2,0,0,1,1,0,0,1,1
Best fitness found so far: -43.0; distance: 13.152946437965905
Generation: 114; 
d: 11.40175425099138; energy: -42.0; 0,0,1,1,2,2,1,0,2,2,0,0,0,2,0,2,2,0,2,2,1,0,0,1,1,1,0,0,2,2,0,0,1,2,2,0,2,0,0,1,0,2,0,2,2,0,2,1,2,2,2,2,0,0,0,0,0,1,1,0,0,0,1,2,2,0,2,1,2,0,0,2,2,0,2,0,0,1,1,0,0,0,1
Best fitness found so far: -43.0; distance: 13.152946437965905
Generation: 115; 
d: 11.40175425099138; energy: -42.0; 0,0,1,1,2,2,1,0,2,2,0,0,0,2,0,2,2,0,2,2,1,0,0,1,1,1,0,0,2,2,0,0,1,2,2,0,2,0,0,1,0,2,0,2,2,0,2,1,2,2,2,2,0,0,0,0,0,1,1,0,0,0,1,2,2,0,2,1,2,0,0,2,2,0,2,0,0,1,1,0,0,1,1
Best fitness found so far: -43.0; distance: 13.152946437965905
Generation: 116; 
d: 11.40175425099138; energy: -42.0; 0,0,1,1,2,2,1,0,2,2,0,0,1,2,0,2,2,0,2,2,1,0,0,1,1,1,0,0,2,2,0,0,1,2,2,0,2,0,0,1,0,2,0,2,2,0,2,1,2,2,2,2,0,0,0,0,0,1,1,0,0,0,1,2,2,0,2,1,2,0,0,2,2,0,2,0,0,1,1,0,0,1,1
Best fitness found so far: -43.0; distance: 13.152946437965905
Generation: 117; 
d: 11.40175425099138; energy: -42.0; 0,0,1,1,2,2,1,0,2,2,0,0,1,2,0,2,2,0,2,2,1,0,0,1,1,1,0,0,2,2,0,0,1,2,2,0,2,0,0,1,0,2,0,2,2,0,2,1,2,2,2,2,0,0,0,0,0,1,1,0,0,0,1,2,2,0,2,1,2,0,0,2,2,0,2,0,0,1,1,0,0,1,1
Best fitness found so far: -43.0; distance: 13.152946437965905
Generation: 118; 
d: 11.40175425099138; energy: -42.0; 0,0,1,1,2,2,1,0,2,2,0,0,0,2,0,2,2,0,2,2,1,0,0,1,1,1,0,0,2,2,0,0,1,2,2,0,2,0,0,1,0,2,0,2,2,0,2,1,2,2,2,2,0,0,0,0,0,1,1,0,0,0,1,2,2,0,2,1,2,0,0,2,2,0,2,0,0,1,1,0,0,1,1
Best fitness found so far: -43.0; distance: 13.152946437965905
Generation: 119; 
d: 11.40175425099138; energy: -42.0; 0,0,1,1,2,2,1,0,2,2,0,0,1,2,0,2,2,0,2,2,1,0,0,1,1,1,0,0,2,2,0,0,1,2,2,0,2,0,0,1,0,2,0,2,2,0,2,1,2,2,2,2,0,0,0,0,0,1,1,0,0,0,1,2,2,0,2,1,2,0,0,2,2,0,2,0,0,1,1,0,0,1,1
Best fitness found so far: -43.0; distance: 13.152946437965905
Generation: 120; 
d: 11.40175425099138; energy: -42.0; 0,0,1,1,2,2,1,0,2,2,0,0,0,2,0,2,2,0,2,2,1,0,0,1,1,1,0,0,2,2,0,0,1,2,2,0,2,0,0,1,0,2,0,2,2,0,2,1,2,2,2,2,0,0,0,0,0,1,1,0,0,0,1,2,2,0,2,1,2,0,0,2,2,0,2,0,0,1,1,0,0,1,1
Best fitness found so far: -43.0; distance: 13.152946437965905
