Algorithm configured with: 
Pop: 10000
Aux Pop: 200
CrP: 1.0
MtP: 1.0
List of crossover: 
SinglePointCrossover
IntegerTwoPointsCrossover
MultiPointsCrossover
List of mutations: 
BitFlipMutation
LoopMoveOperator
LocalMoveOperator
SegmentMutation
OppositeMoveOperator
Execution: 1
Generation: 0; 
d: 12.649110640673518; energy: -2.0; 1,0,0,2,1,2,0,2,2,0,1,0,1,2,2,0,0,1,0,1,2,2,1,0,2,2,0,2,0,1,2,1,0,2,1,1,2,1,2,0,0,2,1,1,0,0,2,0
Best fitness found so far: -2.0; distance: 12.649110640673518
Generation: 1; 
d: 13.601470508735444; energy: -13.0; 1,1,0,0,2,0,0,1,2,1,2,0,0,1,1,1,1,1,1,1,1,1,1,0,1,1,0,0,0,0,0,1,1,1,0,0,0,2,1,2,2,1,1,0,2,2,1,0
Best fitness found so far: -13.0; distance: 13.601470508735444
Generation: 2; 
d: 13.601470508735444; energy: -13.0; 1,1,0,0,2,0,0,1,2,1,2,0,0,1,1,1,1,1,1,1,1,1,1,0,1,1,0,0,0,0,0,1,1,1,0,0,0,2,1,2,2,1,1,0,2,2,1,0
Best fitness found so far: -13.0; distance: 13.601470508735444
Generation: 3; 
d: 10.44030650891055; energy: -15.0; 0,0,2,0,0,0,1,0,0,2,2,2,0,1,1,0,0,0,0,0,2,2,1,0,0,0,1,0,2,1,1,1,0,1,2,0,0,0,0,1,0,2,1,2,2,0,2,2
Best fitness found so far: -15.0; distance: 10.44030650891055
Generation: 4; 
d: 10.0; energy: -16.0; 0,0,2,0,0,0,1,0,0,2,2,2,0,1,1,1,0,0,0,1,1,1,1,0,1,1,0,0,0,0,1,1,0,1,2,0,0,0,0,1,0,2,1,2,2,0,2,2
Best fitness found so far: -16.0; distance: 10.0
Generation: 5; 
d: 10.0; energy: -16.0; 0,0,2,0,0,0,1,0,0,2,2,2,0,1,1,1,0,0,0,1,1,1,1,0,1,1,0,0,0,0,1,1,0,1,2,0,0,0,0,1,0,2,1,2,2,0,2,2
Best fitness found so far: -16.0; distance: 10.0
Generation: 6; 
d: 8.94427190999916; energy: -16.0; 1,0,0,0,2,0,1,0,0,1,1,2,2,0,2,0,0,2,1,0,1,1,0,0,1,0,1,2,2,0,2,0,0,2,0,2,2,2,2,0,0,0,0,1,0,1,0,0
Best fitness found so far: -16.0; distance: 10.0
Execution: 2
Generation: 7; 
d: 10.770329614269007; energy: -18.0; 0,0,0,0,2,0,1,0,0,1,2,2,0,1,1,0,0,0,0,0,1,1,0,0,1,0,1,2,2,0,1,1,2,1,1,2,1,2,2,2,2,1,2,2,2,1,0,0
Best fitness found so far: -18.0; distance: 10.770329614269007
Generation: 8; 
d: 9.433981132056603; energy: -12.0; 0,0,2,2,0,2,1,0,2,2,1,1,2,2,0,0,1,0,1,1,0,2,0,1,0,2,1,1,1,1,0,0,2,0,0,2,2,1,0,2,2,1,2,0,0,1,0,1
Best fitness found so far: -18.0; distance: 10.770329614269007
Generation: 9; 
d: 11.313708498984761; energy: -14.0; 0,0,0,1,1,0,0,1,0,0,2,1,0,2,1,0,2,2,0,0,1,0,0,2,2,1,0,0,1,0,0,1,1,2,0,2,2,1,1,0,0,1,1,0,0,0,0,2
Best fitness found so far: -18.0; distance: 10.770329614269007
Generation: 10; 
d: 13.038404810405298; energy: -15.0; 0,0,1,0,2,0,1,2,2,2,0,1,0,1,1,0,1,2,1,0,0,2,2,0,1,0,0,2,0,0,1,2,2,2,2,1,0,2,2,0,0,1,0,1,0,2,2,1
Best fitness found so far: -18.0; distance: 10.770329614269007
Generation: 11; 
d: 9.433981132056603; energy: -16.0; 0,0,0,0,1,0,2,0,0,2,0,1,0,1,1,0,1,2,1,0,0,2,2,0,1,0,0,2,0,0,1,2,2,2,2,1,0,2,2,0,0,1,0,2,0,1,0,0
Best fitness found so far: -18.0; distance: 10.770329614269007
Generation: 12; 
d: 11.180339887498949; energy: -18.0; 0,0,1,0,2,0,1,0,0,2,0,2,2,2,0,1,1,2,1,0,0,2,2,0,1,0,0,2,0,0,1,2,2,2,2,0,0,1,0,2,2,1,2,2,2,1,2,2
Best fitness found so far: -18.0; distance: 10.770329614269007
Generation: 13; 
d: 11.180339887498949; energy: -18.0; 0,0,1,0,2,0,1,0,0,2,0,2,2,2,0,1,1,2,1,0,0,2,2,0,1,0,0,2,0,0,1,2,2,2,2,0,0,1,0,2,2,1,2,0,2,1,2,2
Best fitness found so far: -18.0; distance: 10.770329614269007
Execution: 3
Generation: 14; 
d: 10.44030650891055; energy: -18.0; 2,2,1,2,0,2,1,2,2,2,1,0,0,1,2,1,1,1,1,0,0,2,2,0,1,0,1,0,1,0,0,2,2,2,2,1,0,2,2,0,0,1,0,2,0,1,0,1
Best fitness found so far: -18.0; distance: 10.770329614269007
Generation: 15; 
d: 10.0; energy: -14.0; 0,0,1,0,2,0,2,1,0,2,1,0,0,0,2,2,2,0,1,0,2,2,1,2,1,1,2,0,1,1,0,0,0,0,1,0,1,1,0,1,2,0,1,2,1,2,0,0
Best fitness found so far: -18.0; distance: 10.770329614269007
Generation: 16; 
d: 12.083045973594572; energy: -15.0; 0,0,1,0,2,0,1,0,0,0,1,2,2,2,0,1,2,1,2,0,1,2,1,1,0,1,1,0,1,0,0,1,2,2,0,2,2,1,2,1,1,0,0,2,1,1,0,1
Best fitness found so far: -18.0; distance: 10.770329614269007
Generation: 17; 
d: 9.219544457292887; energy: -15.0; 2,2,0,2,1,2,2,1,1,2,1,0,0,0,2,2,2,0,1,0,2,2,1,2,1,1,2,0,1,1,0,0,0,0,1,0,0,2,1,2,2,0,2,1,2,1,2,2
Best fitness found so far: -18.0; distance: 10.770329614269007
Generation: 18; 
d: 10.44030650891055; energy: -16.0; 0,0,1,0,2,0,1,0,0,0,1,2,2,2,0,1,1,2,1,1,0,0,1,1,1,0,2,2,1,1,0,2,1,2,2,0,0,2,2,0,2,0,2,2,1,1,0,1
Best fitness found so far: -18.0; distance: 10.770329614269007
Generation: 19; 
d: 9.486832980505138; energy: -16.0; 0,0,1,0,2,0,1,0,0,0,1,2,2,2,0,2,1,1,0,0,0,0,1,2,0,0,0,2,1,1,0,2,1,2,2,0,0,2,2,0,2,0,2,2,1,0,1,0
Best fitness found so far: -18.0; distance: 10.770329614269007
Generation: 20; 
d: 9.433981132056603; energy: -17.0; 0,0,1,0,2,0,1,0,0,0,1,2,2,2,0,2,2,0,1,0,2,2,1,2,1,1,0,2,1,1,0,2,1,2,2,0,0,2,2,0,2,0,2,2,1,1,2,2
Best fitness found so far: -18.0; distance: 10.770329614269007
Execution: 4
Generation: 21; 
d: 9.433981132056603; energy: -17.0; 0,0,1,0,2,0,1,0,0,0,1,2,2,2,0,2,2,0,1,0,2,2,1,2,1,1,0,2,1,1,0,2,1,2,2,0,0,2,2,0,2,0,2,2,1,1,2,2
Best fitness found so far: -18.0; distance: 10.770329614269007
Generation: 22; 
d: 15.524174696260024; energy: -12.0; 1,1,1,0,2,0,1,0,1,0,1,2,2,1,1,2,1,0,0,1,2,2,0,0,2,1,1,0,2,2,1,0,1,0,0,2,2,1,2,0,0,1,0,2,0,1,0,0
Best fitness found so far: -18.0; distance: 10.770329614269007
Generation: 23; 
d: 12.206555615733702; energy: -14.0; 0,0,1,0,2,0,1,0,0,0,0,1,0,1,1,0,2,0,2,1,2,2,2,2,0,2,1,2,1,1,0,1,1,2,0,2,2,1,2,0,0,1,2,1,2,1,2,2
Best fitness found so far: -18.0; distance: 10.770329614269007
Generation: 24; 
d: 13.152946437965905; energy: -15.0; 1,2,0,2,1,2,2,0,2,0,0,1,0,2,0,2,1,1,2,1,2,0,1,2,2,1,2,2,2,1,1,1,1,2,1,2,0,2,1,1,1,2,2,0,2,1,2,0
Best fitness found so far: -18.0; distance: 10.770329614269007
Generation: 25; 
d: 12.206555615733702; energy: -17.0; 0,0,1,0,2,0,1,0,0,0,1,1,2,1,2,2,1,0,0,1,2,2,0,0,2,1,2,0,0,2,1,0,1,0,0,2,2,1,2,0,0,1,0,2,0,1,0,0
Best fitness found so far: -18.0; distance: 10.770329614269007
Generation: 26; 
d: 10.198039027185569; energy: -17.0; 0,0,1,0,2,0,1,0,0,0,2,0,0,0,2,1,1,2,0,0,1,0,0,0,2,1,2,0,0,2,1,0,1,0,0,2,2,1,2,0,0,1,0,2,0,1,0,0
Best fitness found so far: -18.0; distance: 10.770329614269007
Generation: 27; 
d: 12.041594578792296; energy: -18.0; 0,0,0,0,2,1,0,0,0,1,1,1,0,0,1,0,0,0,1,2,2,0,1,2,2,1,1,1,0,1,0,2,2,1,0,2,2,1,2,0,0,1,0,2,0,1,0,0
Best fitness found so far: -18.0; distance: 10.770329614269007
Execution: 5
Generation: 28; 
d: 10.770329614269007; energy: -19.0; 0,0,1,0,2,0,1,0,0,2,2,0,0,0,1,0,0,1,2,1,1,0,1,2,2,1,0,0,2,2,1,1,1,2,0,2,2,1,2,0,0,1,0,2,0,1,0,0
Best fitness found so far: -19.0; distance: 10.770329614269007
Generation: 29; 
d: 11.40175425099138; energy: -13.0; 2,1,1,1,0,0,1,1,1,2,2,0,0,2,0,1,2,0,0,1,1,0,1,2,2,1,0,1,2,2,0,1,1,2,2,1,1,0,0,1,1,2,2,0,2,1,2,2
Best fitness found so far: -19.0; distance: 10.770329614269007
Generation: 30; 
d: 10.770329614269007; energy: -16.0; 0,0,0,0,1,0,2,0,0,1,2,1,2,0,2,1,0,0,1,1,2,1,0,1,0,0,2,0,1,1,0,2,0,1,1,1,0,1,1,1,0,1,2,2,1,0,0,1
Best fitness found so far: -19.0; distance: 10.770329614269007
Generation: 31; 
d: 11.313708498984761; energy: -17.0; 1,2,2,1,0,2,1,2,2,1,2,2,2,2,2,1,2,0,0,1,1,0,1,2,2,1,0,1,2,2,0,1,1,2,2,1,1,0,0,1,1,2,2,0,2,1,2,2
Best fitness found so far: -19.0; distance: 10.770329614269007
Generation: 32; 
d: 9.433981132056603; energy: -19.0; 0,0,0,0,1,0,2,0,0,1,2,1,2,0,2,1,0,0,1,1,2,1,0,1,0,0,2,1,2,2,2,0,1,0,1,2,0,2,2,0,0,1,0,2,0,1,0,0
Best fitness found so far: -19.0; distance: 10.770329614269007
Generation: 33; 
d: 9.433981132056603; energy: -19.0; 0,0,0,0,1,0,2,0,0,1,2,1,2,0,2,1,0,0,1,1,2,1,0,1,0,0,2,1,2,2,2,0,1,0,1,2,0,2,2,0,0,1,0,2,0,1,0,0
Best fitness found so far: -19.0; distance: 10.770329614269007
Generation: 34; 
d: 9.433981132056603; energy: -19.0; 0,0,0,0,1,0,2,0,0,1,2,1,2,0,2,1,0,0,1,1,2,1,0,1,0,0,2,1,2,2,2,0,1,0,1,2,0,2,2,0,0,1,0,2,0,1,0,0
Best fitness found so far: -19.0; distance: 10.770329614269007
Execution: 6
Generation: 35; 
d: 9.433981132056603; energy: -19.0; 0,0,0,0,1,0,2,0,0,1,2,1,2,0,2,1,0,0,1,1,2,1,0,1,0,0,2,1,2,2,2,0,1,0,1,2,0,2,2,0,0,1,0,2,0,1,0,2
Best fitness found so far: -19.0; distance: 10.770329614269007
Generation: 36; 
d: 14.422205101855956; energy: -11.0; 0,0,1,1,2,1,1,2,1,2,2,0,0,0,2,0,1,2,0,1,0,2,1,0,2,1,1,2,1,2,2,0,1,0,2,0,0,1,0,1,2,2,2,1,2,2,0,2
Best fitness found so far: -19.0; distance: 10.770329614269007
Generation: 37; 
d: 9.433981132056603; energy: -13.0; 2,0,0,1,2,0,1,0,0,0,0,0,0,0,0,0,1,0,1,2,2,0,1,2,2,1,1,1,1,2,2,0,0,2,2,0,0,2,2,0,0,1,0,1,1,1,1,1
Best fitness found so far: -19.0; distance: 10.770329614269007
Generation: 38; 
d: 9.433981132056603; energy: -15.0; 0,0,0,0,1,0,1,1,2,1,1,1,0,1,1,0,2,0,1,1,1,2,0,0,1,2,0,0,1,0,2,0,0,0,0,0,0,2,2,1,2,2,2,2,1,0,1,2
Best fitness found so far: -19.0; distance: 10.770329614269007
Generation: 39; 
d: 12.649110640673518; energy: -16.0; 1,0,0,1,0,0,1,0,1,0,2,0,0,1,0,0,0,2,0,0,2,1,0,0,2,2,2,1,2,0,2,1,0,0,2,0,0,2,0,2,2,0,2,1,2,1,2,2
Best fitness found so far: -19.0; distance: 10.770329614269007
Generation: 40; 
d: 12.206555615733702; energy: -18.0; 2,2,1,2,0,2,1,2,2,2,0,0,0,0,0,0,1,0,1,2,2,0,1,2,2,1,1,1,1,2,2,0,0,2,2,0,0,2,2,0,0,1,0,2,0,1,0,0
Best fitness found so far: -19.0; distance: 10.770329614269007
Generation: 41; 
d: 12.206555615733702; energy: -18.0; 2,2,1,2,0,2,1,2,2,2,0,0,0,0,0,0,1,0,1,2,2,0,1,2,2,1,1,1,1,2,2,0,0,2,2,0,0,2,2,0,0,1,0,2,0,1,0,0
Best fitness found so far: -19.0; distance: 10.770329614269007
Execution: 7
Generation: 42; 
d: 9.433981132056603; energy: -18.0; 0,0,0,0,0,1,1,0,1,0,0,1,1,0,2,0,1,0,1,2,2,0,1,2,2,1,1,1,1,2,2,0,0,2,2,0,0,2,2,0,0,1,0,2,0,1,0,0
Best fitness found so far: -19.0; distance: 10.770329614269007
Generation: 43; 
d: 12.083045973594572; energy: -12.0; 0,0,1,1,0,0,1,0,0,2,2,2,0,0,0,0,0,1,0,0,2,1,0,2,1,1,0,2,0,1,0,0,0,1,1,1,0,1,1,1,2,2,0,0,2,2,1,1
Best fitness found so far: -19.0; distance: 10.770329614269007
Generation: 44; 
d: 11.704699910719626; energy: -13.0; 0,2,2,1,2,1,1,0,0,2,2,0,1,1,1,0,2,2,2,2,0,0,1,0,0,0,2,2,0,0,0,0,2,0,1,1,1,2,2,1,2,0,0,0,0,1,0,0
Best fitness found so far: -19.0; distance: 10.770329614269007
Generation: 45; 
d: 10.0; energy: -15.0; 1,2,2,0,1,1,0,0,0,0,1,2,2,1,0,0,2,2,2,2,0,0,1,0,0,0,2,2,0,0,0,0,2,0,1,1,1,2,2,1,2,0,0,0,0,1,0,0
Best fitness found so far: -19.0; distance: 10.770329614269007
Generation: 46; 
d: 8.94427190999916; energy: -18.0; 2,2,1,2,1,2,2,2,2,0,1,2,2,1,0,0,2,2,2,2,0,0,1,0,0,0,2,2,0,0,0,0,2,0,1,1,1,2,2,1,2,0,0,0,0,1,0,0
Best fitness found so far: -19.0; distance: 10.770329614269007
Generation: 47; 
d: 8.94427190999916; energy: -18.0; 2,2,1,2,1,2,2,2,2,0,1,2,2,1,0,0,2,2,2,2,0,0,1,0,0,0,2,2,0,0,0,0,2,0,1,1,1,2,2,1,2,0,0,0,0,1,0,0
Best fitness found so far: -19.0; distance: 10.770329614269007
Generation: 48; 
d: 8.94427190999916; energy: -18.0; 2,2,1,2,1,2,2,2,2,0,1,2,2,1,0,0,2,2,2,2,0,0,1,0,0,0,2,2,0,0,0,0,2,0,1,1,1,2,2,1,2,0,0,0,0,1,0,0
Best fitness found so far: -19.0; distance: 10.770329614269007
Execution: 8
Generation: 49; 
d: 8.94427190999916; energy: -18.0; 2,2,1,2,1,2,0,2,2,2,1,2,2,1,0,0,2,2,2,2,0,0,1,0,1,0,2,2,0,0,0,0,2,0,1,1,1,2,2,1,2,0,0,0,0,1,0,0
Best fitness found so far: -19.0; distance: 10.770329614269007
Generation: 50; 
d: 10.816653826391969; energy: -14.0; 2,0,1,1,1,0,1,0,0,0,0,1,2,2,1,1,2,2,2,1,0,2,1,0,0,0,0,1,1,2,0,2,2,1,2,0,2,2,2,0,2,0,0,0,1,2,0,0
Best fitness found so far: -19.0; distance: 10.770329614269007
Generation: 51; 
d: 8.94427190999916; energy: -14.0; 1,0,1,1,1,0,2,0,0,2,2,1,1,0,1,0,2,0,1,1,1,2,2,1,0,0,0,0,0,0,2,0,0,2,2,0,1,2,1,1,1,2,0,2,2,0,0,2
Best fitness found so far: -19.0; distance: 10.770329614269007
Generation: 52; 
d: 9.219544457292887; energy: -17.0; 0,0,1,2,0,0,0,0,1,0,1,0,0,0,0,0,0,1,1,2,2,2,1,2,2,1,2,1,1,2,0,1,2,1,2,0,0,1,0,2,2,1,2,0,2,1,2,1
Best fitness found so far: -19.0; distance: 10.770329614269007
Generation: 53; 
d: 9.219544457292887; energy: -17.0; 0,0,1,2,0,0,0,0,1,0,1,0,0,0,0,0,0,1,1,2,2,2,1,2,2,1,2,1,1,2,0,1,2,1,2,0,0,1,0,2,2,1,2,0,2,1,2,2
Best fitness found so far: -19.0; distance: 10.770329614269007
